0 verbose cli /usr/local/bin/node /usr/local/bin/npm
1 info using npm@11.2.0
2 info using node@v23.10.0
3 silly config load:file:/usr/local/lib/node_modules/npm/npmrc
4 silly config load:file:/home/container/.npmrc
5 silly config load:file:/usr/local/etc/npmrc
6 verbose title npm install yt-dlp
7 verbose argv "install" "yt-dlp"
8 verbose logfile logs-max:10 dir:/home/container/.npm/_logs/2025-04-06T00_25_09_561Z-
9 verbose logfile /home/container/.npm/_logs/2025-04-06T00_25_09_561Z-debug-0.log
10 silly logfile done cleaning log files
11 silly packumentCache heap:271581184 maxSize:67895296 maxEntrySize:33947648
12 silly idealTree buildDeps
13 silly fetch manifest yt-dlp@*
14 silly packumentCache full:https://registry.npmjs.org/yt-dlp cache-miss
15 http fetch GET 200 https://registry.npmjs.org/yt-dlp 3195ms (cache miss)
16 silly packumentCache full:https://registry.npmjs.org/yt-dlp set size:undefined disposed:false
17 silly placeDep ROOT yt-dlp@ OK for: trevoapi@1.0.0 want: *
18 verbose type range
19 verbose stack yt-dlp: No versions available for yt-dlp
19 verbose stack     at pickManifest (/usr/local/lib/node_modules/npm/node_modules/npm-pick-manifest/lib/index.js:146:25)
19 verbose stack     at module.exports (/usr/local/lib/node_modules/npm/node_modules/npm-pick-manifest/lib/index.js:193:16)
19 verbose stack     at RegistryFetcher.manifest (/usr/local/lib/node_modules/npm/node_modules/pacote/lib/registry.js:130:54)
19 verbose stack     at async #fetchManifest (/usr/local/lib/node_modules/npm/node_modules/@npmcli/arborist/lib/arborist/build-ideal-tree.js:1202:20)
19 verbose stack     at async #nodeFromEdge (/usr/local/lib/node_modules/npm/node_modules/@npmcli/arborist/lib/arborist/build-ideal-tree.js:1040:19)
19 verbose stack     at async #buildDepStep (/usr/local/lib/node_modules/npm/node_modules/@npmcli/arborist/lib/arborist/build-ideal-tree.js:904:11)
19 verbose stack     at async Arborist.buildIdealTree (/usr/local/lib/node_modules/npm/node_modules/@npmcli/arborist/lib/arborist/build-ideal-tree.js:181:7)
19 verbose stack     at async Promise.all (index 1)
19 verbose stack     at async Arborist.reify (/usr/local/lib/node_modules/npm/node_modules/@npmcli/arborist/lib/arborist/reify.js:131:5)
19 verbose stack     at async Install.exec (/usr/local/lib/node_modules/npm/lib/commands/install.js:149:5)
20 error code ENOVERSIONS
21 error No versions available for yt-dlp
22 silly unfinished npm timer reify 1743899113954
23 silly unfinished npm timer reify:loadTrees 1743899113955
24 verbose cwd /home/container
25 verbose os Linux 6.8.0-56-generic
26 verbose node v23.10.0
27 verbose npm  v11.2.0
28 verbose exit 1
29 verbose code 1
30 error A complete log of this run can be found in: /home/container/.npm/_logs/2025-04-06T00_25_09_561Z-debug-0.log
