0 verbose cli /usr/local/bin/node /usr/local/bin/npm
1 info using npm@11.2.0
2 info using node@v23.10.0
3 silly config load:file:/usr/local/lib/node_modules/npm/npmrc
4 silly config load:file:/home/container/.npmrc
5 silly config load:file:/usr/local/etc/npmrc
6 verbose title npm install youtube-dl-exec
7 verbose argv "install" "youtube-dl-exec"
8 verbose logfile logs-max:10 dir:/home/container/.npm/_logs/2025-04-06T00_32_35_895Z-
9 verbose logfile /home/container/.npm/_logs/2025-04-06T00_32_35_895Z-debug-0.log
10 silly logfile done cleaning log files
11 silly packumentCache heap:271581184 maxSize:67895296 maxEntrySize:33947648
12 silly idealTree buildDeps
13 silly fetch manifest youtube-dl-exec@*
14 silly packumentCache full:https://registry.npmjs.org/youtube-dl-exec cache-miss
15 http fetch GET 200 https://registry.npmjs.org/youtube-dl-exec 3603ms (cache miss)
16 silly packumentCache full:https://registry.npmjs.org/youtube-dl-exec set size:undefined disposed:false
17 silly placeDep ROOT youtube-dl-exec@3.0.20 OK for: trevoapi@1.0.0 want: *
18 silly fetch manifest binary-version-check@~6.1.0
19 silly packumentCache full:https://registry.npmjs.org/binary-version-check cache-miss
20 http fetch GET 200 https://registry.npmjs.org/binary-version-check 591ms (cache miss)
21 silly packumentCache full:https://registry.npmjs.org/binary-version-check set size:undefined disposed:false
22 silly fetch manifest dargs@~7.0.0
23 silly packumentCache full:https://registry.npmjs.org/dargs cache-miss
24 http fetch GET 200 https://registry.npmjs.org/dargs 175ms (cache miss)
25 silly packumentCache full:https://registry.npmjs.org/dargs set size:undefined disposed:false
26 silly fetch manifest debug-logfmt@~1.2.2
27 silly packumentCache full:https://registry.npmjs.org/debug-logfmt cache-miss
28 http fetch GET 200 https://registry.npmjs.org/debug-logfmt 327ms (cache miss)
29 silly packumentCache full:https://registry.npmjs.org/debug-logfmt set size:undefined disposed:false
30 silly fetch manifest is-unix@~2.0.10
31 silly packumentCache full:https://registry.npmjs.org/is-unix cache-miss
32 http fetch GET 200 https://registry.npmjs.org/is-unix 99ms (cache miss)
33 silly packumentCache full:https://registry.npmjs.org/is-unix set size:undefined disposed:false
34 silly fetch manifest tinyspawn@~1.5.0
35 silly packumentCache full:https://registry.npmjs.org/tinyspawn cache-miss
36 http fetch GET 200 https://registry.npmjs.org/tinyspawn 211ms (cache miss)
37 silly packumentCache full:https://registry.npmjs.org/tinyspawn set size:undefined disposed:false
38 silly placeDep ROOT binary-version-check@6.1.0 OK for: youtube-dl-exec@3.0.20 want: ~6.1.0
39 silly placeDep ROOT dargs@7.0.0 OK for: youtube-dl-exec@3.0.20 want: ~7.0.0
40 silly placeDep ROOT debug-logfmt@1.2.3 OK for: youtube-dl-exec@3.0.20 want: ~1.2.2
41 silly placeDep ROOT is-unix@2.0.10 OK for: youtube-dl-exec@3.0.20 want: ~2.0.10
42 silly placeDep ROOT tinyspawn@1.5.0 OK for: youtube-dl-exec@3.0.20 want: ~1.5.0
43 silly fetch manifest binary-version@^7.1.0
44 silly packumentCache full:https://registry.npmjs.org/binary-version cache-miss
45 http fetch GET 200 https://registry.npmjs.org/binary-version 189ms (cache miss)
46 silly packumentCache full:https://registry.npmjs.org/binary-version set size:undefined disposed:false
47 silly fetch manifest semver@^7.6.0
48 silly packumentCache full:https://registry.npmjs.org/semver cache-miss
49 http fetch GET 200 https://registry.npmjs.org/semver 101ms (cache miss)
50 silly packumentCache full:https://registry.npmjs.org/semver set size:undefined disposed:false
51 silly fetch manifest semver-truncate@^3.0.0
52 silly packumentCache full:https://registry.npmjs.org/semver-truncate cache-miss
53 http fetch GET 200 https://registry.npmjs.org/semver-truncate 191ms (cache miss)
54 silly packumentCache full:https://registry.npmjs.org/semver-truncate set size:undefined disposed:false
55 silly fetch manifest @jclem/logfmt2@~2.4.3
56 silly packumentCache full:https://registry.npmjs.org/@jclem%2flogfmt2 cache-miss
57 http fetch GET 200 https://registry.npmjs.org/@jclem%2flogfmt2 196ms (cache miss)
58 silly packumentCache full:https://registry.npmjs.org/@jclem%2flogfmt2 set size:undefined disposed:false
59 silly fetch manifest @kikobeats/time-span@~1.0.2
60 silly packumentCache full:https://registry.npmjs.org/@kikobeats%2ftime-span cache-miss
61 http fetch GET 200 https://registry.npmjs.org/@kikobeats%2ftime-span 187ms (cache miss)
62 silly packumentCache full:https://registry.npmjs.org/@kikobeats%2ftime-span set size:undefined disposed:false
63 silly fetch manifest debug-fabulous@2.0.2
64 silly packumentCache full:https://registry.npmjs.org/debug-fabulous cache-miss
65 http fetch GET 200 https://registry.npmjs.org/debug-fabulous 96ms (cache miss)
66 silly packumentCache full:https://registry.npmjs.org/debug-fabulous set size:undefined disposed:false
67 silly fetch manifest pretty-ms@~7.0.1
68 silly packumentCache full:https://registry.npmjs.org/pretty-ms cache-miss
69 http fetch GET 200 https://registry.npmjs.org/pretty-ms 101ms (cache miss)
70 silly packumentCache full:https://registry.npmjs.org/pretty-ms set size:undefined disposed:false
71 silly placeDep ROOT binary-version@7.1.0 OK for: binary-version-check@6.1.0 want: ^7.1.0
72 silly placeDep node_modules/binary-version-check semver@7.7.1 OK for: binary-version-check@6.1.0 want: ^7.6.0
73 silly placeDep ROOT semver-truncate@3.0.0 OK for: binary-version-check@6.1.0 want: ^3.0.0
74 silly fetch manifest execa@^8.0.1
75 silly packumentCache full:https://registry.npmjs.org/execa cache-miss
76 http fetch GET 200 https://registry.npmjs.org/execa 188ms (cache miss)
77 silly packumentCache full:https://registry.npmjs.org/execa set size:undefined disposed:false
78 silly fetch manifest find-versions@^6.0.0
79 silly packumentCache full:https://registry.npmjs.org/find-versions cache-miss
80 http fetch GET 200 https://registry.npmjs.org/find-versions 94ms (cache miss)
81 silly packumentCache full:https://registry.npmjs.org/find-versions set size:undefined disposed:false
82 silly fetch manifest semver@^7.3.5
83 silly packumentCache full:https://registry.npmjs.org/semver cache-miss
84 http cache https://registry.npmjs.org/semver 9ms (cache hit)
85 silly packumentCache full:https://registry.npmjs.org/semver set size:221512 disposed:false
86 silly placeDep ROOT execa@8.0.1 OK for: binary-version@7.1.0 want: ^8.0.1
87 silly placeDep ROOT find-versions@6.0.0 OK for: binary-version@7.1.0 want: ^6.0.0
88 silly fetch manifest onetime@^6.0.0
89 silly packumentCache full:https://registry.npmjs.org/onetime cache-miss
90 http fetch GET 200 https://registry.npmjs.org/onetime 185ms (cache miss)
91 silly packumentCache full:https://registry.npmjs.org/onetime set size:undefined disposed:false
92 silly fetch manifest is-stream@^3.0.0
93 silly packumentCache full:https://registry.npmjs.org/is-stream cache-miss
94 http fetch GET 200 https://registry.npmjs.org/is-stream 89ms (cache miss)
95 silly packumentCache full:https://registry.npmjs.org/is-stream set size:undefined disposed:false
96 silly fetch manifest get-stream@^8.0.1
97 silly packumentCache full:https://registry.npmjs.org/get-stream cache-miss
98 http fetch GET 200 https://registry.npmjs.org/get-stream 103ms (cache miss)
99 silly packumentCache full:https://registry.npmjs.org/get-stream set size:undefined disposed:false
100 silly fetch manifest cross-spawn@^7.0.3
101 silly packumentCache full:https://registry.npmjs.org/cross-spawn cache-miss
102 http fetch GET 200 https://registry.npmjs.org/cross-spawn 95ms (cache miss)
103 silly packumentCache full:https://registry.npmjs.org/cross-spawn set size:undefined disposed:false
104 silly fetch manifest signal-exit@^4.1.0
105 silly packumentCache full:https://registry.npmjs.org/signal-exit cache-miss
106 http fetch GET 200 https://registry.npmjs.org/signal-exit 99ms (cache miss)
107 silly packumentCache full:https://registry.npmjs.org/signal-exit set size:undefined disposed:false
108 silly fetch manifest merge-stream@^2.0.0
109 silly packumentCache full:https://registry.npmjs.org/merge-stream cache-miss
110 http fetch GET 200 https://registry.npmjs.org/merge-stream 94ms (cache miss)
111 silly packumentCache full:https://registry.npmjs.org/merge-stream set size:undefined disposed:false
112 silly fetch manifest npm-run-path@^5.1.0
113 silly packumentCache full:https://registry.npmjs.org/npm-run-path cache-miss
114 http fetch GET 200 https://registry.npmjs.org/npm-run-path 100ms (cache miss)
115 silly packumentCache full:https://registry.npmjs.org/npm-run-path set size:undefined disposed:false
116 silly fetch manifest human-signals@^5.0.0
117 silly packumentCache full:https://registry.npmjs.org/human-signals cache-miss
118 http fetch GET 200 https://registry.npmjs.org/human-signals 101ms (cache miss)
119 silly packumentCache full:https://registry.npmjs.org/human-signals set size:undefined disposed:false
120 silly fetch manifest strip-final-newline@^3.0.0
121 silly packumentCache full:https://registry.npmjs.org/strip-final-newline cache-miss
122 http fetch GET 200 https://registry.npmjs.org/strip-final-newline 97ms (cache miss)
123 silly packumentCache full:https://registry.npmjs.org/strip-final-newline set size:undefined disposed:false
124 silly fetch manifest semver-regex@^4.0.5
125 silly packumentCache full:https://registry.npmjs.org/semver-regex cache-miss
126 http fetch GET 200 https://registry.npmjs.org/semver-regex 84ms (cache miss)
127 silly packumentCache full:https://registry.npmjs.org/semver-regex set size:undefined disposed:false
128 silly fetch manifest super-regex@^1.0.0
129 silly packumentCache full:https://registry.npmjs.org/super-regex cache-miss
130 http fetch GET 200 https://registry.npmjs.org/super-regex 86ms (cache miss)
131 silly packumentCache full:https://registry.npmjs.org/super-regex set size:undefined disposed:false
132 silly placeDep ROOT @jclem/logfmt2@2.4.3 OK for: debug-logfmt@1.2.3 want: ~2.4.3
133 silly placeDep ROOT @kikobeats/time-span@1.0.5 OK for: debug-logfmt@1.2.3 want: ~1.0.2
134 silly placeDep ROOT debug-fabulous@2.0.2 OK for: debug-logfmt@1.2.3 want: 2.0.2
135 silly placeDep ROOT pretty-ms@7.0.1 OK for: debug-logfmt@1.2.3 want: ~7.0.1
136 silly fetch manifest debug@^4
137 silly packumentCache full:https://registry.npmjs.org/debug cache-miss
138 http fetch GET 200 https://registry.npmjs.org/debug 117ms (cache miss)
139 silly packumentCache full:https://registry.npmjs.org/debug set size:undefined disposed:false
140 silly fetch manifest memoizee@0.4
141 silly packumentCache full:https://registry.npmjs.org/memoizee cache-miss
142 http fetch GET 200 https://registry.npmjs.org/memoizee 95ms (cache miss)
143 silly packumentCache full:https://registry.npmjs.org/memoizee set size:undefined disposed:false
144 silly fetch manifest parse-ms@^2.1.0
145 silly packumentCache full:https://registry.npmjs.org/parse-ms cache-miss
146 http fetch GET 200 https://registry.npmjs.org/parse-ms 99ms (cache miss)
147 silly packumentCache full:https://registry.npmjs.org/parse-ms set size:undefined disposed:false
148 silly placeDep node_modules/debug-fabulous debug@4.4.0 OK for: debug-fabulous@2.0.2 want: ^4
149 silly placeDep ROOT memoizee@0.4.17 OK for: debug-fabulous@2.0.2 want: 0.4
150 silly fetch manifest ms@^2.1.3
151 silly packumentCache full:https://registry.npmjs.org/ms cache-miss
152 http fetch GET 200 https://registry.npmjs.org/ms 599ms (cache miss)
153 silly packumentCache full:https://registry.npmjs.org/ms set size:undefined disposed:false
154 silly fetch manifest d@^1.0.2
155 silly packumentCache full:https://registry.npmjs.org/d cache-miss
156 http fetch GET 200 https://registry.npmjs.org/d 104ms (cache miss)
157 silly packumentCache full:https://registry.npmjs.org/d set size:undefined disposed:false
158 silly fetch manifest es5-ext@^0.10.64
159 silly packumentCache full:https://registry.npmjs.org/es5-ext cache-miss
160 http fetch GET 200 https://registry.npmjs.org/es5-ext 188ms (cache miss)
161 silly packumentCache full:https://registry.npmjs.org/es5-ext set size:undefined disposed:false
162 silly fetch manifest es6-weak-map@^2.0.3
163 silly packumentCache full:https://registry.npmjs.org/es6-weak-map cache-miss
164 http fetch GET 200 https://registry.npmjs.org/es6-weak-map 86ms (cache miss)
165 silly packumentCache full:https://registry.npmjs.org/es6-weak-map set size:undefined disposed:false
166 silly fetch manifest event-emitter@^0.3.5
167 silly packumentCache full:https://registry.npmjs.org/event-emitter cache-miss
168 http fetch GET 200 https://registry.npmjs.org/event-emitter 81ms (cache miss)
169 silly packumentCache full:https://registry.npmjs.org/event-emitter set size:undefined disposed:false
170 silly fetch manifest is-promise@^2.2.2
171 silly packumentCache full:https://registry.npmjs.org/is-promise cache-miss
172 http fetch GET 200 https://registry.npmjs.org/is-promise 80ms (cache miss)
173 silly packumentCache full:https://registry.npmjs.org/is-promise set size:undefined disposed:false
174 silly fetch manifest lru-queue@^0.1.0
175 silly packumentCache full:https://registry.npmjs.org/lru-queue cache-miss
176 http fetch GET 200 https://registry.npmjs.org/lru-queue 84ms (cache miss)
177 silly packumentCache full:https://registry.npmjs.org/lru-queue set size:undefined disposed:false
178 silly fetch manifest next-tick@^1.1.0
179 silly packumentCache full:https://registry.npmjs.org/next-tick cache-miss
180 http fetch GET 200 https://registry.npmjs.org/next-tick 89ms (cache miss)
181 silly packumentCache full:https://registry.npmjs.org/next-tick set size:undefined disposed:false
182 silly fetch manifest timers-ext@^0.1.7
183 silly packumentCache full:https://registry.npmjs.org/timers-ext cache-miss
184 http fetch GET 200 https://registry.npmjs.org/timers-ext 77ms (cache miss)
185 silly packumentCache full:https://registry.npmjs.org/timers-ext set size:undefined disposed:false
186 silly placeDep ROOT cross-spawn@7.0.6 OK for: execa@8.0.1 want: ^7.0.3
187 silly placeDep ROOT get-stream@8.0.1 OK for: execa@8.0.1 want: ^8.0.1
188 silly placeDep ROOT human-signals@5.0.0 OK for: execa@8.0.1 want: ^5.0.0
189 silly placeDep ROOT is-stream@3.0.0 OK for: execa@8.0.1 want: ^3.0.0
190 silly placeDep ROOT merge-stream@2.0.0 OK for: execa@8.0.1 want: ^2.0.0
191 silly placeDep ROOT npm-run-path@5.3.0 OK for: execa@8.0.1 want: ^5.1.0
192 silly placeDep node_modules/execa onetime@6.0.0 OK for: execa@8.0.1 want: ^6.0.0
193 silly placeDep node_modules/execa signal-exit@4.1.0 OK for: execa@8.0.1 want: ^4.1.0
194 silly placeDep ROOT strip-final-newline@3.0.0 OK for: execa@8.0.1 want: ^3.0.0
195 silly fetch manifest which@^2.0.1
196 silly packumentCache full:https://registry.npmjs.org/which cache-miss
197 http fetch GET 200 https://registry.npmjs.org/which 83ms (cache miss)
198 silly packumentCache full:https://registry.npmjs.org/which set size:undefined disposed:false
199 silly fetch manifest path-key@^3.1.0
200 silly packumentCache full:https://registry.npmjs.org/path-key cache-miss
201 http fetch GET 200 https://registry.npmjs.org/path-key 89ms (cache miss)
202 silly packumentCache full:https://registry.npmjs.org/path-key set size:undefined disposed:false
203 silly fetch manifest shebang-command@^2.0.0
204 silly packumentCache full:https://registry.npmjs.org/shebang-command cache-miss
205 http fetch GET 200 https://registry.npmjs.org/shebang-command 88ms (cache miss)
206 silly packumentCache full:https://registry.npmjs.org/shebang-command set size:undefined disposed:false
207 silly fetch manifest path-key@^4.0.0
208 silly packumentCache full:https://registry.npmjs.org/path-key cache-miss
209 http cache https://registry.npmjs.org/path-key 3ms (cache hit)
210 silly packumentCache full:https://registry.npmjs.org/path-key set size:16975 disposed:false
211 silly fetch manifest mimic-fn@^4.0.0
212 silly packumentCache full:https://registry.npmjs.org/mimic-fn cache-miss
213 http fetch GET 200 https://registry.npmjs.org/mimic-fn 107ms (cache miss)
214 silly packumentCache full:https://registry.npmjs.org/mimic-fn set size:undefined disposed:false
215 silly placeDep ROOT path-key@3.1.1 OK for: cross-spawn@7.0.6 want: ^3.1.0
216 silly placeDep ROOT shebang-command@2.0.0 OK for: cross-spawn@7.0.6 want: ^2.0.0
217 silly placeDep ROOT which@2.0.2 OK for: cross-spawn@7.0.6 want: ^2.0.1
218 silly fetch manifest shebang-regex@^3.0.0
219 silly packumentCache full:https://registry.npmjs.org/shebang-regex cache-miss
220 http fetch GET 200 https://registry.npmjs.org/shebang-regex 85ms (cache miss)
221 silly packumentCache full:https://registry.npmjs.org/shebang-regex set size:undefined disposed:false
222 silly fetch manifest isexe@^2.0.0
223 silly packumentCache full:https://registry.npmjs.org/isexe cache-miss
224 http fetch GET 200 https://registry.npmjs.org/isexe 90ms (cache miss)
225 silly packumentCache full:https://registry.npmjs.org/isexe set size:undefined disposed:false
226 silly placeDep ROOT semver-regex@4.0.5 OK for: find-versions@6.0.0 want: ^4.0.5
227 silly placeDep ROOT super-regex@1.0.0 OK for: find-versions@6.0.0 want: ^1.0.0
228 silly fetch manifest function-timeout@^1.0.1
229 silly packumentCache full:https://registry.npmjs.org/function-timeout cache-miss
230 http fetch GET 200 https://registry.npmjs.org/function-timeout 79ms (cache miss)
231 silly packumentCache full:https://registry.npmjs.org/function-timeout set size:undefined disposed:false
232 silly fetch manifest time-span@^5.1.0
233 silly packumentCache full:https://registry.npmjs.org/time-span cache-miss
234 http fetch GET 200 https://registry.npmjs.org/time-span 89ms (cache miss)
235 silly packumentCache full:https://registry.npmjs.org/time-span set size:undefined disposed:false
236 silly placeDep ROOT d@1.0.2 OK for: memoizee@0.4.17 want: ^1.0.2
237 silly placeDep ROOT es5-ext@0.10.64 OK for: memoizee@0.4.17 want: ^0.10.64
238 silly placeDep ROOT es6-weak-map@2.0.3 OK for: memoizee@0.4.17 want: ^2.0.3
239 silly placeDep ROOT event-emitter@0.3.5 OK for: memoizee@0.4.17 want: ^0.3.5
240 silly placeDep ROOT is-promise@2.2.2 OK for: memoizee@0.4.17 want: ^2.2.2
241 silly placeDep ROOT lru-queue@0.1.0 OK for: memoizee@0.4.17 want: ^0.1.0
242 silly placeDep ROOT next-tick@1.1.0 OK for: memoizee@0.4.17 want: ^1.1.0
243 silly placeDep ROOT timers-ext@0.1.8 OK for: memoizee@0.4.17 want: ^0.1.7
244 silly fetch manifest type@^2.7.2
245 silly packumentCache full:https://registry.npmjs.org/type cache-miss
246 http fetch GET 200 https://registry.npmjs.org/type 90ms (cache miss)
247 silly packumentCache full:https://registry.npmjs.org/type set size:undefined disposed:false
248 silly fetch manifest es6-iterator@^2.0.3
249 silly packumentCache full:https://registry.npmjs.org/es6-iterator cache-miss
250 http fetch GET 200 https://registry.npmjs.org/es6-iterator 95ms (cache miss)
251 silly packumentCache full:https://registry.npmjs.org/es6-iterator set size:undefined disposed:false
252 silly fetch manifest es6-symbol@^3.1.3
253 silly packumentCache full:https://registry.npmjs.org/es6-symbol cache-miss
254 http fetch GET 200 https://registry.npmjs.org/es6-symbol 94ms (cache miss)
255 silly packumentCache full:https://registry.npmjs.org/es6-symbol set size:undefined disposed:false
256 silly fetch manifest esniff@^2.0.1
257 silly packumentCache full:https://registry.npmjs.org/esniff cache-miss
258 http fetch GET 200 https://registry.npmjs.org/esniff 100ms (cache miss)
259 silly packumentCache full:https://registry.npmjs.org/esniff set size:undefined disposed:false
260 silly fetch manifest es6-symbol@^3.1.1
261 silly packumentCache full:https://registry.npmjs.org/es6-symbol cache-miss
262 http cache https://registry.npmjs.org/es6-symbol 3ms (cache hit)
263 silly packumentCache full:https://registry.npmjs.org/es6-symbol set size:32033 disposed:false
264 silly placeDep ROOT type@2.7.3 OK for: d@1.0.2 want: ^2.7.2
265 silly placeDep ROOT es6-iterator@2.0.3 OK for: es5-ext@0.10.64 want: ^2.0.3
266 silly placeDep ROOT es6-symbol@3.1.4 OK for: es5-ext@0.10.64 want: ^3.1.3
267 silly placeDep ROOT esniff@2.0.1 OK for: es5-ext@0.10.64 want: ^2.0.1
268 silly fetch manifest ext@^1.7.0
269 silly packumentCache full:https://registry.npmjs.org/ext cache-miss
270 http fetch GET 200 https://registry.npmjs.org/ext 97ms (cache miss)
271 silly packumentCache full:https://registry.npmjs.org/ext set size:undefined disposed:false
272 silly placeDep ROOT ext@1.7.0 OK for: es6-symbol@3.1.4 want: ^1.7.0
273 silly placeDep node_modules/npm-run-path path-key@4.0.0 OK for: npm-run-path@5.3.0 want: ^4.0.0
274 silly placeDep ROOT parse-ms@2.1.0 OK for: pretty-ms@7.0.1 want: ^2.1.0
275 silly placeDep node_modules/semver-truncate semver@7.7.1 OK for: semver-truncate@3.0.0 want: ^7.3.5
276 silly placeDep ROOT shebang-regex@3.0.0 OK for: shebang-command@2.0.0 want: ^3.0.0
277 silly placeDep ROOT function-timeout@1.0.2 OK for: super-regex@1.0.0 want: ^1.0.1
278 silly placeDep ROOT time-span@5.1.0 OK for: super-regex@1.0.0 want: ^5.1.0
279 silly fetch manifest convert-hrtime@^5.0.0
280 silly packumentCache full:https://registry.npmjs.org/convert-hrtime cache-miss
281 http fetch GET 200 https://registry.npmjs.org/convert-hrtime 180ms (cache miss)
282 silly packumentCache full:https://registry.npmjs.org/convert-hrtime set size:undefined disposed:false
283 silly placeDep ROOT convert-hrtime@5.0.0 OK for: time-span@5.1.0 want: ^5.0.0
284 silly placeDep ROOT isexe@2.0.0 OK for: which@2.0.2 want: ^2.0.0
285 silly placeDep node_modules/debug-fabulous ms@2.1.3 OK for: debug@4.4.0 want: ^2.1.3
286 silly placeDep node_modules/execa mimic-fn@4.0.0 OK for: onetime@6.0.0 want: ^4.0.0
287 silly reify moves {}
288 silly audit bulk request {
288 silly audit   '@aws-crypto/crc32': [ '3.0.0' ],
288 silly audit   tslib: [ '1.14.1', '2.6.2' ],
288 silly audit   '@aws-crypto/ie11-detection': [ '3.0.0' ],
288 silly audit   '@aws-crypto/sha256-browser': [ '3.0.0' ],
288 silly audit   '@aws-crypto/sha256-js': [ '3.0.0' ],
288 silly audit   '@aws-crypto/supports-web-crypto': [ '3.0.0' ],
288 silly audit   '@aws-crypto/util': [ '3.0.0' ],
288 silly audit   '@aws-sdk/client-cognito-identity': [ '3.509.0' ],
288 silly audit   '@aws-sdk/client-sso': [ '3.507.0' ],
288 silly audit   '@aws-sdk/client-sso-oidc': [ '3.507.0' ],
288 silly audit   '@aws-sdk/client-sts': [ '3.507.0' ],
288 silly audit   '@aws-sdk/core': [ '3.496.0' ],
288 silly audit   '@aws-sdk/credential-provider-cognito-identity': [ '3.509.0' ],
288 silly audit   '@aws-sdk/credential-provider-env': [ '3.502.0' ],
288 silly audit   '@aws-sdk/credential-provider-http': [ '3.503.1' ],
288 silly audit   '@aws-sdk/credential-provider-ini': [ '3.507.0' ],
288 silly audit   '@aws-sdk/credential-provider-node': [ '3.509.0' ],
288 silly audit   '@aws-sdk/credential-provider-process': [ '3.502.0' ],
288 silly audit   '@aws-sdk/credential-provider-sso': [ '3.507.0' ],
288 silly audit   '@aws-sdk/credential-provider-web-identity': [ '3.507.0' ],
288 silly audit   '@aws-sdk/credential-providers': [ '3.509.0' ],
288 silly audit   '@aws-sdk/middleware-host-header': [ '3.502.0' ],
288 silly audit   '@aws-sdk/middleware-logger': [ '3.502.0' ],
288 silly audit   '@aws-sdk/middleware-recursion-detection': [ '3.502.0' ],
288 silly audit   '@aws-sdk/middleware-signing': [ '3.502.0' ],
288 silly audit   '@aws-sdk/middleware-user-agent': [ '3.502.0' ],
288 silly audit   '@aws-sdk/region-config-resolver': [ '3.502.0' ],
288 silly audit   '@aws-sdk/token-providers': [ '3.507.0' ],
288 silly audit   '@aws-sdk/types': [ '3.502.0' ],
288 silly audit   '@aws-sdk/util-endpoints': [ '3.502.0' ],
288 silly audit   '@aws-sdk/util-locate-window': [ '3.495.0' ],
288 silly audit   '@aws-sdk/util-user-agent-browser': [ '3.502.0' ],
288 silly audit   '@aws-sdk/util-user-agent-node': [ '3.502.0' ],
288 silly audit   '@aws-sdk/util-utf8-browser': [ '3.259.0' ],
288 silly audit   '@cypress/request': [ '3.0.1' ],
288 silly audit   '@cypress/request-promise': [ '5.0.0' ],
288 silly audit   qs: [ '6.10.4', '6.11.0', '6.5.3' ],
288 silly audit   '@mongodb-js/saslprep': [ '1.1.4' ],
288 silly audit   '@smithy/abort-controller': [ '2.1.1' ],
288 silly audit   '@smithy/config-resolver': [ '2.1.1' ],
288 silly audit   '@smithy/core': [ '1.3.2' ],
288 silly audit   '@smithy/credential-provider-imds': [ '2.2.1' ],
288 silly audit   '@smithy/eventstream-codec': [ '2.1.1' ],
288 silly audit   '@smithy/fetch-http-handler': [ '2.4.1' ],
288 silly audit   '@smithy/hash-node': [ '2.1.1' ],
288 silly audit   '@smithy/invalid-dependency': [ '2.1.1' ],
288 silly audit   '@smithy/is-array-buffer': [ '2.1.1' ],
288 silly audit   '@smithy/middleware-content-length': [ '2.1.1' ],
288 silly audit   '@smithy/middleware-endpoint': [ '2.4.1' ],
288 silly audit   '@smithy/middleware-retry': [ '2.1.1' ],
288 silly audit   '@smithy/middleware-serde': [ '2.1.1' ],
288 silly audit   '@smithy/middleware-stack': [ '2.1.1' ],
288 silly audit   '@smithy/node-config-provider': [ '2.2.1' ],
288 silly audit   '@smithy/node-http-handler': [ '2.3.1' ],
288 silly audit   '@smithy/property-provider': [ '2.1.1' ],
288 silly audit   '@smithy/protocol-http': [ '3.1.1' ],
288 silly audit   '@smithy/querystring-builder': [ '2.1.1' ],
288 silly audit   '@smithy/querystring-parser': [ '2.1.1' ],
288 silly audit   '@smithy/service-error-classification': [ '2.1.1' ],
288 silly audit   '@smithy/shared-ini-file-loader': [ '2.3.1' ],
288 silly audit   '@smithy/signature-v4': [ '2.1.1' ],
288 silly audit   '@smithy/smithy-client': [ '2.3.1' ],
288 silly audit   '@smithy/types': [ '2.9.1' ],
288 silly audit   '@smithy/url-parser': [ '2.1.1' ],
288 silly audit   '@smithy/util-base64': [ '2.1.1' ],
288 silly audit   '@smithy/util-body-length-browser': [ '2.1.1' ],
288 silly audit   '@smithy/util-body-length-node': [ '2.2.1' ],
288 silly audit   '@smithy/util-buffer-from': [ '2.1.1' ],
288 silly audit   '@smithy/util-config-provider': [ '2.2.1' ],
288 silly audit   '@smithy/util-defaults-mode-browser': [ '2.1.1' ],
288 silly audit   '@smithy/util-defaults-mode-node': [ '2.2.0' ],
288 silly audit   '@smithy/util-endpoints': [ '1.1.1' ],
288 silly audit   '@smithy/util-hex-encoding': [ '2.1.1' ],
288 silly audit   '@smithy/util-middleware': [ '2.1.1' ],
288 silly audit   '@smithy/util-retry': [ '2.1.1' ],
288 silly audit   '@smithy/util-stream': [ '2.1.1' ],
288 silly audit   '@smithy/util-uri-escape': [ '2.1.1' ],
288 silly audit   '@smithy/util-utf8': [ '2.1.1' ],
288 silly audit   '@types/bson': [ '4.2.0' ],
288 silly audit   '@types/mongodb': [ '3.6.20' ],
288 silly audit   '@types/node': [ '20.11.16' ],
288 silly audit   '@types/webidl-conversions': [ '7.0.3' ],
288 silly audit   '@types/whatwg-url': [ '8.2.2' ],
288 silly audit   accepts: [ '1.3.8' ],
288 silly audit   'agent-base': [ '6.0.2' ],
288 silly audit   debug: [ '4.3.4', '2.6.9', '3.2.7', '4.4.0' ],
288 silly audit   ms: [ '2.1.2', '2.1.3', '2.0.0' ],
288 silly audit   ajv: [ '6.12.6' ],
288 silly audit   'ansi-styles': [ '4.3.0', '3.2.1' ],
288 silly audit   'append-field': [ '1.0.0' ],
288 silly audit   archiver: [ '3.1.1' ],
288 silly audit   'archiver-utils': [ '2.1.0' ],
288 silly audit   async: [ '2.6.4', '3.2.5' ],
288 silly audit   'readable-stream': [ '3.6.2', '2.3.8' ],
288 silly audit   'array-buffer-byte-length': [ '1.0.1' ],
288 silly audit   'array-flatten': [ '1.1.1' ],
288 silly audit   'array.prototype.findindex': [ '2.2.2' ],
288 silly audit   'arraybuffer.prototype.slice': [ '1.0.3' ],
288 silly audit   asn1: [ '0.2.6' ],
288 silly audit   'assert-plus': [ '1.0.0' ],
288 silly audit   asynckit: [ '0.4.0' ],
288 silly audit   'available-typed-arrays': [ '1.0.6' ],
288 silly audit   'aws-sign2': [ '0.7.0' ],
288 silly audit   aws4: [ '1.12.0' ],
288 silly audit   axios: [ '0.21.4' ],
288 silly audit   'balanced-match': [ '1.0.2' ],
288 silly audit   'base-64': [ '1.0.0' ],
288 silly audit   base32: [ '0.0.6' ],
288 silly audit   'base64-js': [ '1.5.1' ],
288 silly audit   'basic-auth': [ '2.0.1' ],
288 silly audit   'safe-buffer': [ '5.1.2', '5.2.1' ],
288 silly audit   'bcrypt-pbkdf': [ '1.0.2' ],
288 silly audit   bl: [ '1.2.3', '2.2.1', '4.1.0' ],
288 silly audit   bluebird: [ '3.7.2' ],
288 silly audit   'body-parser': [ '1.20.1' ],
288 silly audit   boolbase: [ '1.0.0' ],
288 silly audit   bowser: [ '2.11.0' ],
288 silly audit   'brace-expansion': [ '1.1.11', '2.0.1' ],
288 silly audit   bson: [ '4.7.2', '1.1.6' ],
288 silly audit   buffer: [ '5.7.1' ],
288 silly audit   'buffer-crc32': [ '0.2.13' ],
288 silly audit   'buffer-equal-constant-time': [ '1.0.1' ],
288 silly audit   'buffer-from': [ '1.1.2' ],
288 silly audit   busboy: [ '1.6.0' ],
288 silly audit   bytes: [ '3.1.2' ],
288 silly audit   'call-bind': [ '1.0.6' ],
288 silly audit   camelcase: [ '5.3.1' ],
288 silly audit   caseless: [ '0.12.0' ],
288 silly audit   chalk: [ '4.1.2', '2.4.2', '3.0.0' ],
288 silly audit   cheerio: [ '1.0.0-rc.12' ],
288 silly audit   'cheerio-select': [ '2.1.0' ],
288 silly audit   'cli-cursor': [ '3.1.0' ],
288 silly audit   'cli-spinners': [ '2.9.2' ],
288 silly audit   cliui: [ '5.0.0' ],
288 silly audit   'ansi-regex': [ '4.1.1', '5.0.1' ],
288 silly audit   'string-width': [ '3.1.0' ],
288 silly audit   'strip-ansi': [ '5.2.0', '6.0.1' ],
288 silly audit   clone: [ '1.0.4' ],
288 silly audit   'color-convert': [ '2.0.1', '1.9.3' ],
288 silly audit   'color-name': [ '1.1.4', '1.1.3' ],
288 silly audit   'combined-stream': [ '1.0.8' ],
288 silly audit   commander: [ '2.20.3' ],
288 silly audit   'compress-commons': [ '2.1.1' ],
288 silly audit   'concat-map': [ '0.0.1' ],
288 silly audit   'concat-stream': [ '1.6.2' ],
288 silly audit   'content-disposition': [ '0.5.4' ],
288 silly audit   'content-type': [ '1.0.5' ],
288 silly audit   cookie: [ '0.5.0', '0.6.0', '0.4.2' ],
288 silly audit   'cookie-signature': [ '1.0.6', '1.0.7' ],
288 silly audit   'core-util-is': [ '1.0.3', '1.0.2' ],
288 silly audit   cors: [ '2.8.5' ],
288 silly audit   crc: [ '3.8.0' ],
288 silly audit   'crc32-stream': [ '3.0.1' ],
288 silly audit   'css-select': [ '5.1.0' ],
288 silly audit   'css-what': [ '6.1.0' ],
288 silly audit   dashdash: [ '1.14.1' ],
288 silly audit   decamelize: [ '1.2.0' ],
288 silly audit   defaults: [ '1.0.4' ],
288 silly audit   'define-data-property': [ '1.1.2' ],
288 silly audit   'define-properties': [ '1.2.1' ],
288 silly audit   'delayed-stream': [ '1.0.0' ],
288 silly audit   denque: [ '1.5.1' ],
288 silly audit   depd: [ '2.0.0' ],
288 silly audit   destroy: [ '1.2.0' ],
288 silly audit   'dom-serializer': [ '2.0.0' ],
288 silly audit   domelementtype: [ '2.3.0' ],
288 silly audit   domhandler: [ '5.0.3' ],
288 silly audit   domutils: [ '3.1.0' ],
288 silly audit   'ecc-jsbn': [ '0.1.2' ],
288 silly audit   'ecdsa-sig-formatter': [ '1.0.11' ],
288 silly audit   'ee-first': [ '1.1.1' ],
288 silly audit   ejs: [ '3.1.9' ],
288 silly audit   'emoji-regex': [ '7.0.3' ],
288 silly audit   encodeurl: [ '1.0.2' ],
288 silly audit   'end-of-stream': [ '1.4.4' ],
288 silly audit   entities: [ '4.5.0' ],
288 silly audit   'es-abstract': [ '1.22.3' ],
288 silly audit   'es-errors': [ '1.3.0' ],
288 silly audit   'es-set-tostringtag': [ '2.0.2' ],
288 silly audit   'es-shim-unscopables': [ '1.0.2' ],
288 silly audit   'es-to-primitive': [ '1.2.1' ],
288 silly audit   'escape-html': [ '1.0.3' ],
288 silly audit   'escape-string-regexp': [ '1.0.5' ],
288 silly audit   etag: [ '1.8.1' ],
288 silly audit   eventemitter3: [ '3.1.2' ],
288 silly audit   express: [ '4.18.2' ],
288 silly audit   'express-session': [ '1.18.0' ],
288 silly audit   extend: [ '3.0.2' ],
288 silly audit   extsprintf: [ '1.3.0' ],
288 silly audit   'fast-deep-equal': [ '3.1.3' ],
288 silly audit   'fast-json-stable-stringify': [ '2.1.0' ],
288 silly audit   'fast-xml-parser': [ '4.2.5' ],
288 silly audit   'file-type': [ '3.9.0' ],
288 silly audit   filelist: [ '1.0.4' ],
288 silly audit   minimatch: [ '5.1.6', '3.1.2' ],
288 silly audit   finalhandler: [ '1.2.0' ],
288 silly audit   'find-up': [ '3.0.0' ],
288 silly audit   'follow-redirects': [ '1.15.5' ],
288 silly audit   'for-each': [ '0.3.3' ],
288 silly audit   'forever-agent': [ '0.6.1' ],
288 silly audit   'form-data': [ '2.3.3', '4.0.0' ],
288 silly audit   forwarded: [ '0.2.0' ],
288 silly audit   fresh: [ '0.5.2' ],
288 silly audit   'fs-constants': [ '1.0.0' ],
288 silly audit   'fs.realpath': [ '1.0.0' ],
288 silly audit   'function-bind': [ '1.1.2' ],
288 silly audit   'function.prototype.name': [ '1.1.6' ],
288 silly audit   'functions-have-names': [ '1.2.3' ],
288 silly audit   'get-caller-file': [ '2.0.5' ],
288 silly audit   'get-intrinsic': [ '1.2.4' ],
288 silly audit   'get-symbol-description': [ '1.0.2' ],
288 silly audit   getpass: [ '0.1.7' ],
288 silly audit   glob: [ '7.2.3' ],
288 silly audit   globalthis: [ '1.0.3' ],
288 silly audit   gopd: [ '1.0.1' ],
288 silly audit   'graceful-fs': [ '4.2.11' ],
288 silly audit   'har-schema': [ '2.0.0' ],
288 silly audit   'har-validator': [ '5.1.5' ],
288 silly audit   'has-bigints': [ '1.0.2' ],
288 silly audit   'has-flag': [ '4.0.0', '3.0.0' ],
288 silly audit   'has-property-descriptors': [ '1.0.1' ],
288 silly audit   'has-proto': [ '1.0.1' ],
288 silly audit   'has-symbols': [ '1.0.3' ],
288 silly audit   'has-tostringtag': [ '1.0.2' ],
288 silly audit   hasown: [ '2.0.0' ],
288 silly audit   htmlparser2: [ '8.0.2' ],
288 silly audit   'http-errors': [ '2.0.0' ],
288 silly audit   'http-signature': [ '1.3.6', '1.2.0' ],
288 silly audit   'iconv-lite': [ '0.4.24' ],
288 silly audit   ieee754: [ '1.2.1' ],
288 silly audit   inflight: [ '1.0.6' ],
288 silly audit   inherits: [ '2.0.4' ],
288 silly audit   instatouch: [ '2.3.22' ],
288 silly audit   'internal-slot': [ '1.0.7' ],
288 silly audit   ip: [ '2.0.0' ],
288 silly audit   'ipaddr.js': [ '1.9.1' ],
288 silly audit   'is-array-buffer': [ '3.0.4' ],
288 silly audit   'is-bigint': [ '1.0.4' ],
288 silly audit   'is-boolean-object': [ '1.1.2' ],
288 silly audit   'is-callable': [ '1.2.7' ],
288 silly audit   'is-date-object': [ '1.0.5' ],
288 silly audit   'is-fullwidth-code-point': [ '2.0.0' ],
288 silly audit   'is-interactive': [ '1.0.0' ],
288 silly audit   'is-negative-zero': [ '2.0.2' ],
288 silly audit   'is-number-object': [ '1.0.7' ],
288 silly audit   'is-regex': [ '1.1.4' ],
288 silly audit   'is-shared-array-buffer': [ '1.0.2' ],
288 silly audit   'is-string': [ '1.0.7' ],
288 silly audit   'is-symbol': [ '1.0.4' ],
288 silly audit   'is-typed-array': [ '1.1.13' ],
288 silly audit   'is-typedarray': [ '1.0.0' ],
288 silly audit   'is-weakref': [ '1.0.2' ],
288 silly audit   isarray: [ '1.0.0', '2.0.5' ],
288 silly audit   isstream: [ '0.1.2' ],
288 silly audit   jake: [ '10.8.7' ],
288 silly audit   jsbn: [ '0.1.1' ],
288 silly audit   'json-schema': [ '0.4.0' ],
288 silly audit   'json-schema-traverse': [ '0.4.1' ],
288 silly audit   'json-stringify-safe': [ '5.0.1' ],
288 silly audit   json2csv: [ '4.5.1' ],
288 silly audit   jsonparse: [ '1.3.1' ],
288 silly audit   jsonwebtoken: [ '8.5.1' ],
288 silly audit   jsprim: [ '2.0.2', '1.4.2' ],
288 silly audit   jwa: [ '1.4.1' ],
288 silly audit   jws: [ '3.2.2' ],
288 silly audit   kareem: [ '2.5.1' ],
288 silly audit   lazystream: [ '1.0.1' ],
288 silly audit   'locate-path': [ '3.0.0' ],
288 silly audit   lodash: [ '4.17.21' ],
288 silly audit   'lodash.defaults': [ '4.2.0' ],
288 silly audit   'lodash.difference': [ '4.5.0' ],
288 silly audit   'lodash.flatten': [ '4.4.0' ],
288 silly audit   'lodash.get': [ '4.4.2' ],
288 silly audit   'lodash.includes': [ '4.3.0' ],
288 silly audit   'lodash.isboolean': [ '3.0.3' ],
288 silly audit   'lodash.isinteger': [ '4.0.4' ],
288 silly audit   'lodash.isnumber': [ '3.0.3' ],
288 silly audit   'lodash.isplainobject': [ '4.0.6' ],
288 silly audit   'lodash.isstring': [ '4.0.1' ],
288 silly audit   'lodash.once': [ '4.1.1' ],
288 silly audit   'lodash.union': [ '4.6.0' ],
288 silly audit   'log-symbols': [ '3.0.0' ],
288 silly audit   'supports-color': [ '5.5.0', '7.2.0' ],
288 silly audit   'lru-cache': [ '4.1.5' ],
288 silly audit   m3u8stream: [ '0.8.6' ],
288 silly audit   'media-typer': [ '0.3.0' ],
288 silly audit   'memory-pager': [ '1.5.0' ],
288 silly audit   memorystore: [ '1.6.7' ],
288 silly audit   'merge-descriptors': [ '1.0.1' ],
288 silly audit   methods: [ '1.1.2' ],
288 silly audit   mime: [ '1.6.0' ],
288 silly audit   'mime-db': [ '1.52.0' ],
288 silly audit   'mime-types': [ '2.1.35' ],
288 silly audit   'mimic-fn': [ '2.1.0', '4.0.0' ],
288 silly audit   miniget: [ '4.2.3' ],
288 silly audit   minimist: [ '0.0.10', '1.2.8' ],
288 silly audit   mkdirp: [ '0.5.6' ],
288 silly audit   moment: [ '2.30.1' ],
288 silly audit   'moment-timezone': [ '0.5.45' ],
288 silly audit   mongodb: [ '4.17.2', '3.7.4' ],
288 silly audit   'mongodb-connection-string-url': [ '2.6.0' ],
288 silly audit   mongoose: [ '6.12.6' ],
288 silly audit   monk: [ '7.3.4' ],
288 silly audit   'monk-middleware-cast-ids': [ '0.2.1' ],
288 silly audit   'monk-middleware-fields': [ '0.2.0' ],
288 silly audit   'monk-middleware-handle-callback': [ '0.2.2' ],
288 silly audit   'monk-middleware-options': [ '0.2.1' ],
288 silly audit   'monk-middleware-query': [ '0.2.0' ],
288 silly audit   'monk-middleware-wait-for-connection': [ '0.2.0' ],
288 silly audit   morgan: [ '1.10.0' ],
288 silly audit   'on-finished': [ '2.3.0', '2.4.1' ],
288 silly audit   mpath: [ '0.9.0' ],
288 silly audit   mquery: [ '4.0.3' ],
288 silly audit   multer: [ '1.4.5-lts.2' ],
288 silly audit   'mute-stream': [ '0.0.8' ],
288 silly audit   needle: [ '2.9.1' ],
288 silly audit   negotiator: [ '0.6.3' ],
288 silly audit   'node-fetch': [ '2.7.0', '2.6.7' ],
288 silly audit   tr46: [ '0.0.3', '3.0.0' ],
288 silly audit   'webidl-conversions': [ '3.0.1', '7.0.0' ],
288 silly audit   'whatwg-url': [ '5.0.0', '11.0.0' ],
288 silly audit   'node-telegram-bot-api': [ '0.64.0' ],
288 silly audit   nodejs: [ '0.0.0' ],
288 silly audit   nodemailer: [ '6.9.9' ],
288 silly audit   'normalize-path': [ '3.0.0' ],
288 silly audit   'nth-check': [ '2.1.1' ],
288 silly audit   'oauth-sign': [ '0.9.0' ],
288 silly audit   'object-assign': [ '4.1.1' ],
288 silly audit   'object-inspect': [ '1.13.1' ],
288 silly audit   'object-keys': [ '1.1.1' ],
288 silly audit   'object.assign': [ '4.1.5' ],
288 silly audit   'on-headers': [ '1.0.2' ],
288 silly audit   once: [ '1.4.0' ],
288 silly audit   onetime: [ '5.1.2', '6.0.0' ],
288 silly audit   optimist: [ '0.6.1' ],
288 silly audit   'optional-require': [ '1.1.8' ],
288 silly audit   ora: [ '4.1.1' ],
288 silly audit   'p-limit': [ '2.3.0' ],
288 silly audit   'p-locate': [ '3.0.0' ],
288 silly audit   'p-try': [ '2.2.0' ],
288 silly audit   parse5: [ '7.1.2' ],
288 silly audit   'parse5-htmlparser2-tree-adapter': [ '7.0.0' ],
288 silly audit   parseurl: [ '1.3.3' ],
288 silly audit   'paste.gg': [ '1.0.5' ],
288 silly audit   'path-exists': [ '3.0.0' ],
288 silly audit   'path-is-absolute': [ '1.0.1' ],
288 silly audit   'path-to-regexp': [ '0.1.7' ],
288 silly audit   'performance-now': [ '2.1.0' ],
288 silly audit   'process-nextick-args': [ '2.0.1' ],
288 silly audit   progress: [ '2.0.3' ],
288 silly audit   'proxy-addr': [ '2.0.7' ],
288 silly audit   pseudomap: [ '1.0.2' ],
288 silly audit   psl: [ '1.9.0' ],
288 silly audit   pump: [ '2.0.1' ],
288 silly audit   punycode: [ '2.3.1' ],
288 silly audit   querystringify: [ '2.2.0' ],
288 silly audit   'random-bytes': [ '1.0.0' ],
288 silly audit   'range-parser': [ '1.2.1' ],
288 silly audit   'raw-body': [ '2.5.1' ],
288 silly audit   'regexp.prototype.flags': [ '1.5.1' ],
288 silly audit   request: [ '2.88.2' ],
288 silly audit   'request-promise': [ '4.2.6' ],
288 silly audit   'request-promise-core': [ '1.1.3', '1.1.4' ],
288 silly audit   'tough-cookie': [ '2.5.0', '4.1.3' ],
288 silly audit   uuid: [ '3.4.0', '8.3.2' ],
288 silly audit   'require-at': [ '1.0.6' ],
288 silly audit   'require-directory': [ '2.1.1' ],
288 silly audit   'require-main-filename': [ '2.0.0' ],
288 silly audit   'requires-port': [ '1.0.0' ],
288 silly audit   'restore-cursor': [ '3.1.0' ],
288 silly audit   'safe-array-concat': [ '1.1.0' ],
288 silly audit   'safe-regex-test': [ '1.0.3' ],
288 silly audit   'safer-buffer': [ '2.1.2' ],
288 silly audit   saslprep: [ '1.0.3' ],
288 silly audit   sax: [ '1.3.0' ],
288 silly audit   semver: [ '5.7.2', '7.7.1' ],
288 silly audit   send: [ '0.18.0' ],
288 silly audit   'serve-static': [ '1.15.0' ],
288 silly audit   'set-blocking': [ '2.0.0' ],
288 silly audit   'set-function-length': [ '1.2.1' ],
288 silly audit   'set-function-name': [ '2.0.1' ],
288 silly audit   setprototypeof: [ '1.2.0' ],
288 silly audit   'side-channel': [ '1.0.5' ],
288 silly audit   sift: [ '16.0.1' ],
288 silly audit   'signal-exit': [ '3.0.7', '4.1.0' ],
288 silly audit   'smart-buffer': [ '4.2.0' ],
288 silly audit   socks: [ '2.7.1' ],
288 silly audit   'socks-proxy-agent': [ '5.0.1' ],
288 silly audit   'sparse-bitfield': [ '3.0.3' ],
288 silly audit   sshpk: [ '1.18.0' ],
288 silly audit   'ssl-express-www': [ '3.2.1' ],
288 silly audit   statuses: [ '2.0.1' ],
288 silly audit   'stealthy-require': [ '1.1.1' ],
288 silly audit   streamsearch: [ '1.1.0' ],
288 silly audit   string_decoder: [ '1.1.1' ],
288 silly audit   'string.prototype.trim': [ '1.2.8' ],
288 silly audit   'string.prototype.trimend': [ '1.0.7' ],
288 silly audit   'string.prototype.trimstart': [ '1.0.7' ],
288 silly audit   strnum: [ '1.0.5' ],
288 silly audit   'tar-stream': [ '2.2.0' ],
288 silly audit   'textmaker-thiccy': [ '1.3.1' ],
288 silly audit   tinyurl: [ '1.1.7' ],
288 silly audit   toidentifier: [ '1.0.1' ],
288 silly audit   'tunnel-agent': [ '0.6.0' ],
288 silly audit   tweetnacl: [ '0.14.5' ],
288 silly audit   'type-is': [ '1.6.18' ],
288 silly audit   'typed-array-buffer': [ '1.0.1' ],
288 silly audit   'typed-array-byte-length': [ '1.0.0' ],
288 silly audit   'typed-array-byte-offset': [ '1.0.0' ],
288 silly audit   'typed-array-length': [ '1.0.4' ],
288 silly audit   typedarray: [ '0.0.6' ],
288 silly audit   'uid-safe': [ '2.1.5' ],
288 silly audit   'unbox-primitive': [ '1.0.2' ],
288 silly audit   'undici-types': [ '5.26.5' ],
288 silly audit   universalify: [ '0.2.0' ],
288 silly audit   unpipe: [ '1.0.0' ],
288 silly audit   'uri-js': [ '4.4.1' ],
288 silly audit   'url-parse': [ '1.5.10' ],
288 silly audit   'util-deprecate': [ '1.0.2' ],
288 silly audit   'utils-merge': [ '1.0.1' ],
288 silly audit   vary: [ '1.1.2' ],
288 silly audit   verror: [ '1.10.0' ],
288 silly audit   wcwidth: [ '1.0.1' ],
288 silly audit   'which-boxed-primitive': [ '1.0.2' ],
288 silly audit   'which-module': [ '2.0.1' ],
288 silly audit   'which-typed-array': [ '1.1.14' ],
288 silly audit   wordwrap: [ '0.0.3' ],
288 silly audit   'wrap-ansi': [ '5.1.0' ],
288 silly audit   wrappy: [ '1.0.2' ],
288 silly audit   xtend: [ '4.0.2' ],
288 silly audit   y18n: [ '4.0.3' ],
288 silly audit   yallist: [ '2.1.2' ],
288 silly audit   yargs: [ '14.2.3' ],
288 silly audit   'yargs-parser': [ '15.0.3' ],
288 silly audit   yarn: [ '1.22.22' ],
288 silly audit   'ytdl-core': [ '4.11.5' ],
288 silly audit   'zip-stream': [ '2.1.3' ],
288 silly audit   zrapi: [ '0.0.6' ],
288 silly audit   'youtube-dl-exec': [ '3.0.20' ],
288 silly audit   'binary-version-check': [ '6.1.0' ],
288 silly audit   dargs: [ '7.0.0' ],
288 silly audit   'debug-logfmt': [ '1.2.3' ],
288 silly audit   'is-unix': [ '2.0.10' ],
288 silly audit   tinyspawn: [ '1.5.0' ],
288 silly audit   'binary-version': [ '7.1.0' ],
288 silly audit   'semver-truncate': [ '3.0.0' ],
288 silly audit   execa: [ '8.0.1' ],
288 silly audit   'find-versions': [ '6.0.0' ],
288 silly audit   '@jclem/logfmt2': [ '2.4.3' ],
288 silly audit   '@kikobeats/time-span': [ '1.0.5' ],
288 silly audit   'debug-fabulous': [ '2.0.2' ],
288 silly audit   'pretty-ms': [ '7.0.1' ],
288 silly audit   memoizee: [ '0.4.17' ],
288 silly audit   'cross-spawn': [ '7.0.6' ],
288 silly audit   'get-stream': [ '8.0.1' ],
288 silly audit   'human-signals': [ '5.0.0' ],
288 silly audit   'is-stream': [ '3.0.0' ],
288 silly audit   'merge-stream': [ '2.0.0' ],
288 silly audit   'npm-run-path': [ '5.3.0' ],
288 silly audit   'strip-final-newline': [ '3.0.0' ],
288 silly audit   'path-key': [ '3.1.1', '4.0.0' ],
288 silly audit   'shebang-command': [ '2.0.0' ],
288 silly audit   which: [ '2.0.2' ],
288 silly audit   'semver-regex': [ '4.0.5' ],
288 silly audit   'super-regex': [ '1.0.0' ],
288 silly audit   d: [ '1.0.2' ],
288 silly audit   'es5-ext': [ '0.10.64' ],
288 silly audit   'es6-weak-map': [ '2.0.3' ],
288 silly audit   'event-emitter': [ '0.3.5' ],
288 silly audit   'is-promise': [ '2.2.2' ],
288 silly audit   'lru-queue': [ '0.1.0' ],
288 silly audit   'next-tick': [ '1.1.0' ],
288 silly audit   'timers-ext': [ '0.1.8' ],
288 silly audit   type: [ '2.7.3' ],
288 silly audit   'es6-iterator': [ '2.0.3' ],
288 silly audit   'es6-symbol': [ '3.1.4' ],
288 silly audit   esniff: [ '2.0.1' ],
288 silly audit   ext: [ '1.7.0' ],
288 silly audit   'parse-ms': [ '2.1.0' ],
288 silly audit   'shebang-regex': [ '3.0.0' ],
288 silly audit   'function-timeout': [ '1.0.2' ],
288 silly audit   'time-span': [ '5.1.0' ],
288 silly audit   'convert-hrtime': [ '5.0.0' ],
288 silly audit   isexe: [ '2.0.0' ]
288 silly audit }
289 http cache time-span@https://registry.npmjs.org/time-span/-/time-span-5.1.0.tgz 0ms (cache hit)
290 http cache convert-hrtime@https://registry.npmjs.org/convert-hrtime/-/convert-hrtime-5.0.0.tgz 0ms (cache hit)
291 http cache function-timeout@https://registry.npmjs.org/function-timeout/-/function-timeout-1.0.2.tgz 0ms (cache hit)
292 http cache parse-ms@https://registry.npmjs.org/parse-ms/-/parse-ms-2.1.0.tgz 0ms (cache hit)
293 http cache ext@https://registry.npmjs.org/ext/-/ext-1.7.0.tgz 0ms (cache hit)
294 http cache isexe@https://registry.npmjs.org/isexe/-/isexe-2.0.0.tgz 0ms (cache hit)
295 http cache es6-symbol@https://registry.npmjs.org/es6-symbol/-/es6-symbol-3.1.4.tgz 0ms (cache hit)
296 http cache es6-iterator@https://registry.npmjs.org/es6-iterator/-/es6-iterator-2.0.3.tgz 0ms (cache hit)
297 http cache timers-ext@https://registry.npmjs.org/timers-ext/-/timers-ext-0.1.8.tgz 0ms (cache hit)
298 http cache next-tick@https://registry.npmjs.org/next-tick/-/next-tick-1.1.0.tgz 0ms (cache hit)
299 http cache shebang-regex@https://registry.npmjs.org/shebang-regex/-/shebang-regex-3.0.0.tgz 0ms (cache hit)
300 http cache type@https://registry.npmjs.org/type/-/type-2.7.3.tgz 0ms (cache hit)
301 http cache esniff@https://registry.npmjs.org/esniff/-/esniff-2.0.1.tgz 0ms (cache hit)
302 http cache lru-queue@https://registry.npmjs.org/lru-queue/-/lru-queue-0.1.0.tgz 0ms (cache hit)
303 http cache is-promise@https://registry.npmjs.org/is-promise/-/is-promise-2.2.2.tgz 0ms (cache hit)
304 http cache es6-weak-map@https://registry.npmjs.org/es6-weak-map/-/es6-weak-map-2.0.3.tgz 0ms (cache hit)
305 http cache es5-ext@https://registry.npmjs.org/es5-ext/-/es5-ext-0.10.64.tgz 0ms (cache hit)
306 http cache event-emitter@https://registry.npmjs.org/event-emitter/-/event-emitter-0.3.5.tgz 0ms (cache hit)
307 http cache semver-regex@https://registry.npmjs.org/semver-regex/-/semver-regex-4.0.5.tgz 0ms (cache hit)
308 http cache d@https://registry.npmjs.org/d/-/d-1.0.2.tgz 0ms (cache hit)
309 http cache super-regex@https://registry.npmjs.org/super-regex/-/super-regex-1.0.0.tgz 0ms (cache hit)
310 http cache which@https://registry.npmjs.org/which/-/which-2.0.2.tgz 0ms (cache hit)
311 http cache shebang-command@https://registry.npmjs.org/shebang-command/-/shebang-command-2.0.0.tgz 0ms (cache hit)
312 http cache path-key@https://registry.npmjs.org/path-key/-/path-key-3.1.1.tgz 0ms (cache hit)
313 http cache merge-stream@https://registry.npmjs.org/merge-stream/-/merge-stream-2.0.0.tgz 0ms (cache hit)
314 http cache strip-final-newline@https://registry.npmjs.org/strip-final-newline/-/strip-final-newline-3.0.0.tgz 0ms (cache hit)
315 http cache npm-run-path@https://registry.npmjs.org/npm-run-path/-/npm-run-path-5.3.0.tgz 0ms (cache hit)
316 http cache is-stream@https://registry.npmjs.org/is-stream/-/is-stream-3.0.0.tgz 0ms (cache hit)
317 http cache get-stream@https://registry.npmjs.org/get-stream/-/get-stream-8.0.1.tgz 0ms (cache hit)
318 http cache human-signals@https://registry.npmjs.org/human-signals/-/human-signals-5.0.0.tgz 0ms (cache hit)
319 http cache memoizee@https://registry.npmjs.org/memoizee/-/memoizee-0.4.17.tgz 0ms (cache hit)
320 http cache pretty-ms@https://registry.npmjs.org/pretty-ms/-/pretty-ms-7.0.1.tgz 0ms (cache hit)
321 http cache debug-fabulous@https://registry.npmjs.org/debug-fabulous/-/debug-fabulous-2.0.2.tgz 0ms (cache hit)
322 http cache cross-spawn@https://registry.npmjs.org/cross-spawn/-/cross-spawn-7.0.6.tgz 0ms (cache hit)
323 http cache find-versions@https://registry.npmjs.org/find-versions/-/find-versions-6.0.0.tgz 0ms (cache hit)
324 http cache @jclem/logfmt2@https://registry.npmjs.org/@jclem/logfmt2/-/logfmt2-2.4.3.tgz 0ms (cache hit)
325 http cache @kikobeats/time-span@https://registry.npmjs.org/@kikobeats/time-span/-/time-span-1.0.5.tgz 0ms (cache hit)
326 http cache semver-truncate@https://registry.npmjs.org/semver-truncate/-/semver-truncate-3.0.0.tgz 0ms (cache hit)
327 http cache binary-version@https://registry.npmjs.org/binary-version/-/binary-version-7.1.0.tgz 0ms (cache hit)
328 http cache execa@https://registry.npmjs.org/execa/-/execa-8.0.1.tgz 0ms (cache hit)
329 http cache tinyspawn@https://registry.npmjs.org/tinyspawn/-/tinyspawn-1.5.0.tgz 1ms (cache hit)
330 http cache is-unix@https://registry.npmjs.org/is-unix/-/is-unix-2.0.10.tgz 0ms (cache hit)
331 http cache debug-logfmt@https://registry.npmjs.org/debug-logfmt/-/debug-logfmt-1.2.3.tgz 0ms (cache hit)
332 http cache youtube-dl-exec@https://registry.npmjs.org/youtube-dl-exec/-/youtube-dl-exec-3.0.20.tgz 0ms (cache hit)
333 http cache binary-version-check@https://registry.npmjs.org/binary-version-check/-/binary-version-check-6.1.0.tgz 0ms (cache hit)
334 http cache path-key@https://registry.npmjs.org/path-key/-/path-key-4.0.0.tgz 1ms (cache hit)
335 http cache dargs@https://registry.npmjs.org/dargs/-/dargs-7.0.0.tgz 0ms (cache hit)
336 http cache ms@https://registry.npmjs.org/ms/-/ms-2.1.3.tgz 0ms (cache hit)
337 http cache mimic-fn@https://registry.npmjs.org/mimic-fn/-/mimic-fn-4.0.0.tgz 0ms (cache hit)
338 http cache signal-exit@https://registry.npmjs.org/signal-exit/-/signal-exit-4.1.0.tgz 0ms (cache hit)
339 http cache debug@https://registry.npmjs.org/debug/-/debug-4.4.0.tgz 0ms (cache hit)
340 http cache semver@https://registry.npmjs.org/semver/-/semver-7.7.1.tgz 0ms (cache hit)
341 http cache onetime@https://registry.npmjs.org/onetime/-/onetime-6.0.0.tgz 0ms (cache hit)
342 http cache semver@https://registry.npmjs.org/semver/-/semver-7.7.1.tgz 0ms (cache hit)
343 silly tarball no local data for time-span@https://registry.npmjs.org/time-span/-/time-span-5.1.0.tgz. Extracting by manifest.
344 silly tarball no local data for convert-hrtime@https://registry.npmjs.org/convert-hrtime/-/convert-hrtime-5.0.0.tgz. Extracting by manifest.
345 silly tarball no local data for function-timeout@https://registry.npmjs.org/function-timeout/-/function-timeout-1.0.2.tgz. Extracting by manifest.
346 silly tarball no local data for parse-ms@https://registry.npmjs.org/parse-ms/-/parse-ms-2.1.0.tgz. Extracting by manifest.
347 silly tarball no local data for ext@https://registry.npmjs.org/ext/-/ext-1.7.0.tgz. Extracting by manifest.
348 silly tarball no local data for isexe@https://registry.npmjs.org/isexe/-/isexe-2.0.0.tgz. Extracting by manifest.
349 silly tarball no local data for es6-symbol@https://registry.npmjs.org/es6-symbol/-/es6-symbol-3.1.4.tgz. Extracting by manifest.
350 silly tarball no local data for es6-iterator@https://registry.npmjs.org/es6-iterator/-/es6-iterator-2.0.3.tgz. Extracting by manifest.
351 silly tarball no local data for timers-ext@https://registry.npmjs.org/timers-ext/-/timers-ext-0.1.8.tgz. Extracting by manifest.
352 silly tarball no local data for next-tick@https://registry.npmjs.org/next-tick/-/next-tick-1.1.0.tgz. Extracting by manifest.
353 silly tarball no local data for shebang-regex@https://registry.npmjs.org/shebang-regex/-/shebang-regex-3.0.0.tgz. Extracting by manifest.
354 silly tarball no local data for type@https://registry.npmjs.org/type/-/type-2.7.3.tgz. Extracting by manifest.
355 silly tarball no local data for esniff@https://registry.npmjs.org/esniff/-/esniff-2.0.1.tgz. Extracting by manifest.
356 silly tarball no local data for lru-queue@https://registry.npmjs.org/lru-queue/-/lru-queue-0.1.0.tgz. Extracting by manifest.
357 silly tarball no local data for is-promise@https://registry.npmjs.org/is-promise/-/is-promise-2.2.2.tgz. Extracting by manifest.
358 silly tarball no local data for es6-weak-map@https://registry.npmjs.org/es6-weak-map/-/es6-weak-map-2.0.3.tgz. Extracting by manifest.
359 silly tarball no local data for es5-ext@https://registry.npmjs.org/es5-ext/-/es5-ext-0.10.64.tgz. Extracting by manifest.
360 silly tarball no local data for event-emitter@https://registry.npmjs.org/event-emitter/-/event-emitter-0.3.5.tgz. Extracting by manifest.
361 silly tarball no local data for semver-regex@https://registry.npmjs.org/semver-regex/-/semver-regex-4.0.5.tgz. Extracting by manifest.
362 silly tarball no local data for d@https://registry.npmjs.org/d/-/d-1.0.2.tgz. Extracting by manifest.
363 silly tarball no local data for super-regex@https://registry.npmjs.org/super-regex/-/super-regex-1.0.0.tgz. Extracting by manifest.
364 silly tarball no local data for which@https://registry.npmjs.org/which/-/which-2.0.2.tgz. Extracting by manifest.
365 silly tarball no local data for shebang-command@https://registry.npmjs.org/shebang-command/-/shebang-command-2.0.0.tgz. Extracting by manifest.
366 silly tarball no local data for path-key@https://registry.npmjs.org/path-key/-/path-key-3.1.1.tgz. Extracting by manifest.
367 silly tarball no local data for merge-stream@https://registry.npmjs.org/merge-stream/-/merge-stream-2.0.0.tgz. Extracting by manifest.
368 silly tarball no local data for strip-final-newline@https://registry.npmjs.org/strip-final-newline/-/strip-final-newline-3.0.0.tgz. Extracting by manifest.
369 silly tarball no local data for npm-run-path@https://registry.npmjs.org/npm-run-path/-/npm-run-path-5.3.0.tgz. Extracting by manifest.
370 silly tarball no local data for is-stream@https://registry.npmjs.org/is-stream/-/is-stream-3.0.0.tgz. Extracting by manifest.
371 silly tarball no local data for get-stream@https://registry.npmjs.org/get-stream/-/get-stream-8.0.1.tgz. Extracting by manifest.
372 silly tarball no local data for human-signals@https://registry.npmjs.org/human-signals/-/human-signals-5.0.0.tgz. Extracting by manifest.
373 silly tarball no local data for memoizee@https://registry.npmjs.org/memoizee/-/memoizee-0.4.17.tgz. Extracting by manifest.
374 silly tarball no local data for pretty-ms@https://registry.npmjs.org/pretty-ms/-/pretty-ms-7.0.1.tgz. Extracting by manifest.
375 silly tarball no local data for debug-fabulous@https://registry.npmjs.org/debug-fabulous/-/debug-fabulous-2.0.2.tgz. Extracting by manifest.
376 silly tarball no local data for cross-spawn@https://registry.npmjs.org/cross-spawn/-/cross-spawn-7.0.6.tgz. Extracting by manifest.
377 silly tarball no local data for find-versions@https://registry.npmjs.org/find-versions/-/find-versions-6.0.0.tgz. Extracting by manifest.
378 silly tarball no local data for @jclem/logfmt2@https://registry.npmjs.org/@jclem/logfmt2/-/logfmt2-2.4.3.tgz. Extracting by manifest.
379 silly tarball no local data for @kikobeats/time-span@https://registry.npmjs.org/@kikobeats/time-span/-/time-span-1.0.5.tgz. Extracting by manifest.
380 silly tarball no local data for semver-truncate@https://registry.npmjs.org/semver-truncate/-/semver-truncate-3.0.0.tgz. Extracting by manifest.
381 silly tarball no local data for binary-version@https://registry.npmjs.org/binary-version/-/binary-version-7.1.0.tgz. Extracting by manifest.
382 silly tarball no local data for execa@https://registry.npmjs.org/execa/-/execa-8.0.1.tgz. Extracting by manifest.
383 silly tarball no local data for tinyspawn@https://registry.npmjs.org/tinyspawn/-/tinyspawn-1.5.0.tgz. Extracting by manifest.
384 silly tarball no local data for is-unix@https://registry.npmjs.org/is-unix/-/is-unix-2.0.10.tgz. Extracting by manifest.
385 silly tarball no local data for debug-logfmt@https://registry.npmjs.org/debug-logfmt/-/debug-logfmt-1.2.3.tgz. Extracting by manifest.
386 silly tarball no local data for youtube-dl-exec@https://registry.npmjs.org/youtube-dl-exec/-/youtube-dl-exec-3.0.20.tgz. Extracting by manifest.
387 silly tarball no local data for binary-version-check@https://registry.npmjs.org/binary-version-check/-/binary-version-check-6.1.0.tgz. Extracting by manifest.
388 silly tarball no local data for path-key@https://registry.npmjs.org/path-key/-/path-key-4.0.0.tgz. Extracting by manifest.
389 silly tarball no local data for dargs@https://registry.npmjs.org/dargs/-/dargs-7.0.0.tgz. Extracting by manifest.
390 silly tarball no local data for ms@https://registry.npmjs.org/ms/-/ms-2.1.3.tgz. Extracting by manifest.
391 silly tarball no local data for mimic-fn@https://registry.npmjs.org/mimic-fn/-/mimic-fn-4.0.0.tgz. Extracting by manifest.
392 silly tarball no local data for signal-exit@https://registry.npmjs.org/signal-exit/-/signal-exit-4.1.0.tgz. Extracting by manifest.
393 silly tarball no local data for debug@https://registry.npmjs.org/debug/-/debug-4.4.0.tgz. Extracting by manifest.
394 silly tarball no local data for semver@https://registry.npmjs.org/semver/-/semver-7.7.1.tgz. Extracting by manifest.
395 silly tarball no local data for onetime@https://registry.npmjs.org/onetime/-/onetime-6.0.0.tgz. Extracting by manifest.
396 silly tarball no local data for semver@https://registry.npmjs.org/semver/-/semver-7.7.1.tgz. Extracting by manifest.
397 http fetch POST 200 https://registry.npmjs.org/-/npm/v1/security/advisories/bulk 1604ms
398 silly audit report {
398 silly audit report   axios: [
398 silly audit report     {
398 silly audit report       id: 1103617,
398 silly audit report       url: 'https://github.com/advisories/GHSA-jr5f-v2jv-69x6',
398 silly audit report       title: 'axios Requests Vulnerable To Possible SSRF and Credential Leakage via Absolute URL',
398 silly audit report       severity: 'high',
398 silly audit report       vulnerable_versions: '<0.30.0',
398 silly audit report       cwe: [Array],
398 silly audit report       cvss: [Object]
398 silly audit report     },
398 silly audit report     {
398 silly audit report       id: 1097679,
398 silly audit report       url: 'https://github.com/advisories/GHSA-wf5p-g6vw-rhxx',
398 silly audit report       title: 'Axios Cross-Site Request Forgery Vulnerability',
398 silly audit report       severity: 'moderate',
398 silly audit report       vulnerable_versions: '>=0.8.1 <0.28.0',
398 silly audit report       cwe: [Array],
398 silly audit report       cvss: [Object]
398 silly audit report     }
398 silly audit report   ],
398 silly audit report   'body-parser': [
398 silly audit report     {
398 silly audit report       id: 1099520,
398 silly audit report       url: 'https://github.com/advisories/GHSA-qwcr-r2fm-qrc7',
398 silly audit report       title: 'body-parser vulnerable to denial of service when url encoding is enabled',
398 silly audit report       severity: 'high',
398 silly audit report       vulnerable_versions: '<1.20.3',
398 silly audit report       cwe: [Array],
398 silly audit report       cvss: [Object]
398 silly audit report     }
398 silly audit report   ],
398 silly audit report   cookie: [
398 silly audit report     {
398 silly audit report       id: 1099846,
398 silly audit report       url: 'https://github.com/advisories/GHSA-pxg6-pf52-xh8x',
398 silly audit report       title: 'cookie accepts cookie name, path, and domain with out of bounds characters',
398 silly audit report       severity: 'low',
398 silly audit report       vulnerable_versions: '<0.7.0',
398 silly audit report       cwe: [Array],
398 silly audit report       cvss: [Object]
398 silly audit report     }
398 silly audit report   ],
398 silly audit report   ejs: [
398 silly audit report     {
398 silly audit report       id: 1098366,
398 silly audit report       url: 'https://github.com/advisories/GHSA-ghr5-ch3p-vcr6',
398 silly audit report       title: 'ejs lacks certain pollution protection',
398 silly audit report       severity: 'moderate',
398 silly audit report       vulnerable_versions: '<3.1.10',
398 silly audit report       cwe: [Array],
398 silly audit report       cvss: [Object]
398 silly audit report     }
398 silly audit report   ],
398 silly audit report   express: [
398 silly audit report     {
398 silly audit report       id: 1100530,
398 silly audit report       url: 'https://github.com/advisories/GHSA-qw6h-vgh9-j6wx',
398 silly audit report       title: 'express vulnerable to XSS via response.redirect()',
398 silly audit report       severity: 'low',
398 silly audit report       vulnerable_versions: '<4.20.0',
398 silly audit report       cwe: [Array],
398 silly audit report       cvss: [Object]
398 silly audit report     },
398 silly audit report     {
398 silly audit report       id: 1096820,
398 silly audit report       url: 'https://github.com/advisories/GHSA-rv95-896h-c2vc',
398 silly audit report       title: 'Express.js Open Redirect in malformed URLs',
398 silly audit report       severity: 'moderate',
398 silly audit report       vulnerable_versions: '<4.19.2',
398 silly audit report       cwe: [Array],
398 silly audit report       cvss: [Object]
398 silly audit report     }
398 silly audit report   ],
398 silly audit report   'follow-redirects': [
398 silly audit report     {
398 silly audit report       id: 1096856,
398 silly audit report       url: 'https://github.com/advisories/GHSA-cxjh-pqwp-8mfp',
398 silly audit report       title: "follow-redirects' Proxy-Authorization header kept across hosts",
398 silly audit report       severity: 'moderate',
398 silly audit report       vulnerable_versions: '<=1.15.5',
398 silly audit report       cwe: [Array],
398 silly audit report       cvss: [Object]
398 silly audit report     }
398 silly audit report   ],
398 silly audit report   ip: [
398 silly audit report     {
398 silly audit report       id: 1101851,
398 silly audit report       url: 'https://github.com/advisories/GHSA-2p57-rm9w-gvfp',
398 silly audit report       title: 'ip SSRF improper categorization in isPublic',
398 silly audit report       severity: 'high',
398 silly audit report       vulnerable_versions: '<=2.0.1',
398 silly audit report       cwe: [Array],
398 silly audit report       cvss: [Object]
398 silly audit report     },
398 silly audit report     {
398 silly audit report       id: 1097721,
398 silly audit report       url: 'https://github.com/advisories/GHSA-78xj-cgh5-2h22',
398 silly audit report       title: 'NPM IP package incorrectly identifies some private IP addresses as public',
398 silly audit report       severity: 'low',
398 silly audit report       vulnerable_versions: '=2.0.0',
398 silly audit report       cwe: [Array],
398 silly audit report       cvss: [Object]
398 silly audit report     }
398 silly audit report   ],
398 silly audit report   jsonwebtoken: [
398 silly audit report     {
398 silly audit report       id: 1102458,
398 silly audit report       url: 'https://github.com/advisories/GHSA-qwph-4952-7xr6',
398 silly audit report       title: 'jsonwebtoken vulnerable to signature validation bypass due to insecure default algorithm in jwt.verify()',
398 silly audit report       severity: 'moderate',
398 silly audit report       vulnerable_versions: '<9.0.0',
398 silly audit report       cwe: [Array],
398 silly audit report       cvss: [Object]
398 silly audit report     },
398 silly audit report     {
398 silly audit report       id: 1097690,
398 silly audit report       url: 'https://github.com/advisories/GHSA-8cf7-32gw-wr33',
398 silly audit report       title: 'jsonwebtoken unrestricted key type could lead to legacy keys usage ',
398 silly audit report       severity: 'high',
398 silly audit report       vulnerable_versions: '<=8.5.1',
398 silly audit report       cwe: [Array],
398 silly audit report       cvss: [Object]
398 silly audit report     },
398 silly audit report     {
398 silly audit report       id: 1097694,
398 silly audit report       url: 'https://github.com/advisories/GHSA-hjrf-2m68-5959',
398 silly audit report       title: "jsonwebtoken's insecure implementation of key retrieval function could lead to Forgeable Public/Private Tokens from RSA to HMAC",
398 silly audit report       severity: 'moderate',
398 silly audit report       vulnerable_versions: '<=8.5.1',
398 silly audit report       cwe: [Array],
398 silly audit report       cvss: [Object]
398 silly audit report     }
398 silly audit report   ],
398 silly audit report   minimist: [
398 silly audit report     {
398 silly audit report       id: 1097677,
398 silly audit report       url: 'https://github.com/advisories/GHSA-xvch-5gv4-984h',
398 silly audit report       title: 'Prototype Pollution in minimist',
398 silly audit report       severity: 'critical',
398 silly audit report       vulnerable_versions: '<0.2.4',
398 silly audit report       cwe: [Array],
398 silly audit report       cvss: [Object]
398 silly audit report     },
398 silly audit report     {
398 silly audit report       id: 1096466,
398 silly audit report       url: 'https://github.com/advisories/GHSA-vh95-rmgr-6w4m',
398 silly audit report       title: 'Prototype Pollution in minimist',
398 silly audit report       severity: 'moderate',
398 silly audit report       vulnerable_versions: '<0.2.1',
398 silly audit report       cwe: [Array],
398 silly audit report       cvss: [Object]
398 silly audit report     }
398 silly audit report   ],
398 silly audit report   mongoose: [
398 silly audit report     {
398 silly audit report       id: 1101061,
398 silly audit report       url: 'https://github.com/advisories/GHSA-m7xq-9374-9rvx',
398 silly audit report       title: 'Mongoose search injection vulnerability',
398 silly audit report       severity: 'high',
398 silly audit report       vulnerable_versions: '<6.13.5',
398 silly audit report       cwe: [Array],
398 silly audit report       cvss: [Object]
398 silly audit report     },
398 silly audit report     {
398 silly audit report       id: 1101838,
398 silly audit report       url: 'https://github.com/advisories/GHSA-vg7j-7cwx-8wgw',
398 silly audit report       title: 'Mongoose search injection vulnerability',
398 silly audit report       severity: 'critical',
398 silly audit report       vulnerable_versions: '<6.13.6',
398 silly audit report       cwe: [Array],
398 silly audit report       cvss: [Object]
398 silly audit report     }
398 silly audit report   ],
398 silly audit report   'path-to-regexp': [
398 silly audit report     {
398 silly audit report       id: 1101844,
398 silly audit report       url: 'https://github.com/advisories/GHSA-rhx6-c78j-4q9w',
398 silly audit report       title: 'Unpatched `path-to-regexp` ReDoS in 0.1.x',
398 silly audit report       severity: 'high',
398 silly audit report       vulnerable_versions: '<0.1.12',
398 silly audit report       cwe: [Array],
398 silly audit report       cvss: [Object]
398 silly audit report     },
398 silly audit report     {
398 silly audit report       id: 1101850,
398 silly audit report       url: 'https://github.com/advisories/GHSA-9wv6-86v2-598j',
398 silly audit report       title: 'path-to-regexp outputs backtracking regular expressions',
398 silly audit report       severity: 'high',
398 silly audit report       vulnerable_versions: '<0.1.10',
398 silly audit report       cwe: [Array],
398 silly audit report       cvss: [Object]
398 silly audit report     }
398 silly audit report   ],
398 silly audit report   request: [
398 silly audit report     {
398 silly audit report       id: 1096727,
398 silly audit report       url: 'https://github.com/advisories/GHSA-p8p7-x288-28g6',
398 silly audit report       title: 'Server-Side Request Forgery in Request',
398 silly audit report       severity: 'moderate',
398 silly audit report       vulnerable_versions: '<=2.88.2',
398 silly audit report       cwe: [Array],
398 silly audit report       cvss: [Object]
398 silly audit report     }
398 silly audit report   ],
398 silly audit report   'tough-cookie': [
398 silly audit report     {
398 silly audit report       id: 1097682,
398 silly audit report       url: 'https://github.com/advisories/GHSA-72xf-g2v4-qvf3',
398 silly audit report       title: 'tough-cookie Prototype Pollution vulnerability',
398 silly audit report       severity: 'moderate',
398 silly audit report       vulnerable_versions: '<4.1.3',
398 silly audit report       cwe: [Array],
398 silly audit report       cvss: [Object]
398 silly audit report     }
398 silly audit report   ],
398 silly audit report   send: [
398 silly audit report     {
398 silly audit report       id: 1100526,
398 silly audit report       url: 'https://github.com/advisories/GHSA-m6fv-jmcg-4jfg',
398 silly audit report       title: 'send vulnerable to template injection that can lead to XSS',
398 silly audit report       severity: 'low',
398 silly audit report       vulnerable_versions: '<0.19.0',
398 silly audit report       cwe: [Array],
398 silly audit report       cvss: [Object]
398 silly audit report     }
398 silly audit report   ],
398 silly audit report   'serve-static': [
398 silly audit report     {
398 silly audit report       id: 1100528,
398 silly audit report       url: 'https://github.com/advisories/GHSA-cm22-4g7w-348p',
398 silly audit report       title: 'serve-static vulnerable to template injection that can lead to XSS',
398 silly audit report       severity: 'low',
398 silly audit report       vulnerable_versions: '<1.16.0',
398 silly audit report       cwe: [Array],
398 silly audit report       cvss: [Object]
398 silly audit report     }
398 silly audit report   ]
398 silly audit report }
399 silly packumentCache corgi:https://registry.npmjs.org/axios cache-miss
400 silly packumentCache corgi:https://registry.npmjs.org/body-parser cache-miss
401 silly packumentCache corgi:https://registry.npmjs.org/cookie cache-miss
402 silly packumentCache corgi:https://registry.npmjs.org/ejs cache-miss
403 silly packumentCache corgi:https://registry.npmjs.org/express cache-miss
404 silly packumentCache corgi:https://registry.npmjs.org/follow-redirects cache-miss
405 silly packumentCache corgi:https://registry.npmjs.org/ip cache-miss
406 silly packumentCache corgi:https://registry.npmjs.org/jsonwebtoken cache-miss
407 silly packumentCache corgi:https://registry.npmjs.org/minimist cache-miss
408 silly packumentCache corgi:https://registry.npmjs.org/mongoose cache-miss
409 silly packumentCache corgi:https://registry.npmjs.org/path-to-regexp cache-miss
410 silly packumentCache corgi:https://registry.npmjs.org/request cache-miss
411 silly packumentCache corgi:https://registry.npmjs.org/tough-cookie cache-miss
412 silly packumentCache corgi:https://registry.npmjs.org/send cache-miss
413 silly packumentCache corgi:https://registry.npmjs.org/serve-static cache-miss
414 http fetch GET 200 https://registry.npmjs.org/time-span/-/time-span-5.1.0.tgz 5796ms (cache miss)
415 http fetch GET 200 https://registry.npmjs.org/es6-weak-map/-/es6-weak-map-2.0.3.tgz 6095ms (cache miss)
416 http fetch GET 200 https://registry.npmjs.org/d/-/d-1.0.2.tgz 6505ms (cache miss)
417 http fetch GET 200 https://registry.npmjs.org/is-promise/-/is-promise-2.2.2.tgz 6796ms (cache miss)
418 http fetch GET 200 https://registry.npmjs.org/event-emitter/-/event-emitter-0.3.5.tgz 7092ms (cache miss)
419 http fetch GET 200 https://registry.npmjs.org/parse-ms/-/parse-ms-2.1.0.tgz 7103ms (cache miss)
420 http fetch GET 200 https://registry.npmjs.org/semver-regex/-/semver-regex-4.0.5.tgz 7093ms (cache miss)
421 http fetch GET 200 https://registry.npmjs.org/shebang-regex/-/shebang-regex-3.0.0.tgz 7099ms (cache miss)
422 http fetch GET 200 https://registry.npmjs.org/is-stream/-/is-stream-3.0.0.tgz 7001ms (cache miss)
423 http fetch GET 200 https://registry.npmjs.org/find-versions/-/find-versions-6.0.0.tgz 6999ms (cache miss)
424 http fetch GET 200 https://registry.npmjs.org/is-unix/-/is-unix-2.0.10.tgz 6906ms (cache miss)
425 http fetch GET 200 https://registry.npmjs.org/convert-hrtime/-/convert-hrtime-5.0.0.tgz 7292ms (cache miss)
426 http fetch GET 200 https://registry.npmjs.org/lru-queue/-/lru-queue-0.1.0.tgz 7196ms (cache miss)
427 http fetch GET 200 https://registry.npmjs.org/shebang-command/-/shebang-command-2.0.0.tgz 7103ms (cache miss)
428 http fetch GET 200 https://registry.npmjs.org/pretty-ms/-/pretty-ms-7.0.1.tgz 7099ms (cache miss)
429 http fetch GET 200 https://registry.npmjs.org/binary-version-check/-/binary-version-check-6.1.0.tgz 7009ms (cache miss)
430 http fetch GET 200 https://registry.npmjs.org/isexe/-/isexe-2.0.0.tgz 7303ms (cache miss)
431 http fetch GET 200 https://registry.npmjs.org/next-tick/-/next-tick-1.1.0.tgz 7299ms (cache miss)
432 http fetch GET 200 https://registry.npmjs.org/super-regex/-/super-regex-1.0.0.tgz 7204ms (cache miss)
433 http fetch GET 200 https://registry.npmjs.org/merge-stream/-/merge-stream-2.0.0.tgz 7202ms (cache miss)
434 http fetch GET 200 https://registry.npmjs.org/npm-run-path/-/npm-run-path-5.3.0.tgz 7202ms (cache miss)
435 http fetch GET 200 https://registry.npmjs.org/semver-truncate/-/semver-truncate-3.0.0.tgz 7196ms (cache miss)
436 http fetch GET 200 https://registry.npmjs.org/function-timeout/-/function-timeout-1.0.2.tgz 7492ms (cache miss)
437 http fetch GET 200 https://registry.npmjs.org/which/-/which-2.0.2.tgz 7304ms (cache miss)
438 http fetch GET 200 https://registry.npmjs.org/strip-final-newline/-/strip-final-newline-3.0.0.tgz 7303ms (cache miss)
439 http fetch GET 200 https://registry.npmjs.org/binary-version/-/binary-version-7.1.0.tgz 7300ms (cache miss)
440 http fetch GET 200 https://registry.npmjs.org/debug-logfmt/-/debug-logfmt-1.2.3.tgz 7299ms (cache miss)
441 http fetch GET 200 https://registry.npmjs.org/path-key/-/path-key-4.0.0.tgz 7300ms (cache miss)
442 http fetch GET 200 https://registry.npmjs.org/path-key/-/path-key-3.1.1.tgz 7499ms (cache miss)
443 http fetch GET 200 https://registry.npmjs.org/onetime/-/onetime-6.0.0.tgz 7396ms (cache miss)
444 http fetch GET 200 https://registry.npmjs.org/@kikobeats/time-span/-/time-span-1.0.5.tgz 7593ms (cache miss)
445 http fetch GET 200 https://registry.npmjs.org/dargs/-/dargs-7.0.0.tgz 8196ms (cache miss)
446 http fetch GET 200 https://registry.npmjs.org/mimic-fn/-/mimic-fn-4.0.0.tgz 8201ms (cache miss)
447 http fetch GET 200 https://registry.npmjs.org/timers-ext/-/timers-ext-0.1.8.tgz 8502ms (cache miss)
448 http fetch GET 200 https://registry.npmjs.org/tinyspawn/-/tinyspawn-1.5.0.tgz 8306ms (cache miss)
449 http fetch GET 200 https://registry.npmjs.org/debug-fabulous/-/debug-fabulous-2.0.2.tgz 8401ms (cache miss)
450 http fetch GET 200 https://registry.npmjs.org/ms/-/ms-2.1.3.tgz 8307ms (cache miss)
451 http fetch GET 200 https://registry.npmjs.org/human-signals/-/human-signals-5.0.0.tgz 8602ms (cache miss)
452 http fetch GET 200 https://registry.npmjs.org/get-stream/-/get-stream-8.0.1.tgz 8795ms (cache miss)
453 http fetch GET 200 https://registry.npmjs.org/send 7602ms (cache updated)
454 silly packumentCache corgi:https://registry.npmjs.org/send set size:undefined disposed:false
455 http fetch GET 200 https://registry.npmjs.org/cross-spawn/-/cross-spawn-7.0.6.tgz 8801ms (cache miss)
456 http fetch GET 200 https://registry.npmjs.org/cookie 7701ms (cache updated)
457 silly packumentCache corgi:https://registry.npmjs.org/cookie set size:undefined disposed:false
458 http fetch GET 200 https://registry.npmjs.org/path-to-regexp 7701ms (cache updated)
459 silly packumentCache corgi:https://registry.npmjs.org/path-to-regexp set size:undefined disposed:false
460 http fetch GET 200 https://registry.npmjs.org/ip 7794ms (cache updated)
461 silly packumentCache corgi:https://registry.npmjs.org/ip set size:undefined disposed:false
462 http fetch GET 200 https://registry.npmjs.org/es6-iterator/-/es6-iterator-2.0.3.tgz 9103ms (cache miss)
463 http fetch GET 200 https://registry.npmjs.org/youtube-dl-exec/-/youtube-dl-exec-3.0.20.tgz 8905ms (cache miss)
464 http fetch GET 200 https://registry.npmjs.org/minimist 7989ms (cache updated)
465 silly packumentCache corgi:https://registry.npmjs.org/minimist set size:undefined disposed:false
466 http fetch GET 200 https://registry.npmjs.org/es6-symbol/-/es6-symbol-3.1.4.tgz 9201ms (cache miss)
467 http fetch GET 200 https://registry.npmjs.org/@jclem/logfmt2/-/logfmt2-2.4.3.tgz 9095ms (cache miss)
468 http fetch GET 200 https://registry.npmjs.org/debug/-/debug-4.4.0.tgz 9002ms (cache miss)
469 http fetch GET 200 https://registry.npmjs.org/tough-cookie 7999ms (cache updated)
470 silly packumentCache corgi:https://registry.npmjs.org/tough-cookie set size:undefined disposed:false
471 http fetch GET 200 https://registry.npmjs.org/serve-static 8000ms (cache updated)
472 silly packumentCache corgi:https://registry.npmjs.org/serve-static set size:undefined disposed:false
473 http fetch GET 200 https://registry.npmjs.org/body-parser 8097ms (cache updated)
474 silly packumentCache corgi:https://registry.npmjs.org/body-parser set size:undefined disposed:false
475 http fetch GET 200 https://registry.npmjs.org/axios 8193ms (cache updated)
476 silly packumentCache corgi:https://registry.npmjs.org/axios set size:undefined disposed:false
477 http fetch GET 200 https://registry.npmjs.org/jsonwebtoken 8199ms (cache updated)
478 silly packumentCache corgi:https://registry.npmjs.org/jsonwebtoken set size:undefined disposed:false
479 http fetch GET 200 https://registry.npmjs.org/ejs 8395ms (cache updated)
480 silly packumentCache corgi:https://registry.npmjs.org/ejs set size:undefined disposed:false
481 http fetch GET 200 https://registry.npmjs.org/request 8403ms (cache updated)
482 silly packumentCache corgi:https://registry.npmjs.org/request set size:undefined disposed:false
483 http fetch GET 200 https://registry.npmjs.org/execa/-/execa-8.0.1.tgz 9600ms (cache miss)
484 http fetch GET 200 https://registry.npmjs.org/signal-exit/-/signal-exit-4.1.0.tgz 9696ms (cache miss)
485 http fetch GET 200 https://registry.npmjs.org/follow-redirects 8693ms (cache updated)
486 silly packumentCache corgi:https://registry.npmjs.org/follow-redirects set size:undefined disposed:false
487 http fetch GET 200 https://registry.npmjs.org/esniff/-/esniff-2.0.1.tgz 9900ms (cache miss)
488 http fetch GET 200 https://registry.npmjs.org/express 8891ms (cache updated)
489 silly packumentCache corgi:https://registry.npmjs.org/express set size:undefined disposed:false
490 http fetch GET 200 https://registry.npmjs.org/memoizee/-/memoizee-0.4.17.tgz 10196ms (cache miss)
491 http fetch GET 200 https://registry.npmjs.org/ext/-/ext-1.7.0.tgz 10305ms (cache miss)
492 http fetch GET 200 https://registry.npmjs.org/semver/-/semver-7.7.1.tgz 10294ms (cache miss)
493 http fetch GET 200 https://registry.npmjs.org/semver/-/semver-7.7.1.tgz 10493ms (cache miss)
494 http fetch GET 200 https://registry.npmjs.org/mongoose 10305ms (cache updated)
495 silly packumentCache corgi:https://registry.npmjs.org/mongoose set size:undefined disposed:false
496 silly packumentCache corgi:https://registry.npmjs.org/textmaker-thiccy cache-miss
497 silly packumentCache corgi:https://registry.npmjs.org/zrapi cache-miss
498 http fetch GET 200 https://registry.npmjs.org/type/-/type-2.7.3.tgz 12598ms (cache miss)
499 http fetch GET 200 https://registry.npmjs.org/textmaker-thiccy 501ms (cache updated)
500 silly packumentCache corgi:https://registry.npmjs.org/textmaker-thiccy set size:undefined disposed:false
501 http fetch GET 200 https://registry.npmjs.org/zrapi 596ms (cache updated)
502 silly packumentCache corgi:https://registry.npmjs.org/zrapi set size:undefined disposed:false
503 silly packumentCache corgi:https://registry.npmjs.org/express-session cache-miss
504 http fetch GET 200 https://registry.npmjs.org/express-session 202ms (cache updated)
505 silly packumentCache corgi:https://registry.npmjs.org/express-session set size:undefined disposed:false
506 silly packumentCache corgi:https://registry.npmjs.org/ssl-express-www cache-miss
507 http fetch GET 200 https://registry.npmjs.org/ssl-express-www 299ms (cache updated)
508 silly packumentCache corgi:https://registry.npmjs.org/ssl-express-www set size:undefined disposed:false
509 silly packumentCache corgi:https://registry.npmjs.org/socks cache-miss
510 http fetch GET 200 https://registry.npmjs.org/socks 201ms (cache updated)
511 silly packumentCache corgi:https://registry.npmjs.org/socks set size:undefined disposed:false
512 silly packumentCache corgi:https://registry.npmjs.org/optimist cache-miss
513 http fetch GET 200 https://registry.npmjs.org/optimist 297ms (cache updated)
514 silly packumentCache corgi:https://registry.npmjs.org/optimist set size:undefined disposed:false
515 http fetch GET 200 https://registry.npmjs.org/es5-ext/-/es5-ext-0.10.64.tgz 13897ms (cache miss)
516 info run youtube-dl-exec@3.0.20 preinstall node_modules/youtube-dl-exec node scripts/preinstall.mjs
517 silly packumentCache corgi:https://registry.npmjs.org/instatouch cache-miss
518 silly packumentCache corgi:https://registry.npmjs.org/request-promise cache-miss
519 silly packumentCache corgi:https://registry.npmjs.org/request-promise-core cache-miss
520 http fetch GET 200 https://registry.npmjs.org/request-promise-core 304ms (cache updated)
521 silly packumentCache corgi:https://registry.npmjs.org/request-promise-core set size:undefined disposed:false
522 http fetch GET 200 https://registry.npmjs.org/request-promise 400ms (cache updated)
523 silly packumentCache corgi:https://registry.npmjs.org/request-promise set size:undefined disposed:false
524 http fetch GET 200 https://registry.npmjs.org/instatouch 502ms (cache updated)
525 silly packumentCache corgi:https://registry.npmjs.org/instatouch set size:undefined disposed:false
526 silly packumentCache corgi:https://registry.npmjs.org/mongodb cache-miss
527 silly packumentCache corgi:https://registry.npmjs.org/socks-proxy-agent cache-miss
528 http fetch GET 200 https://registry.npmjs.org/socks-proxy-agent 495ms (cache updated)
529 silly packumentCache corgi:https://registry.npmjs.org/socks-proxy-agent set size:undefined disposed:false
530 http fetch GET 200 https://registry.npmjs.org/mongodb 1095ms (cache updated)
531 silly packumentCache corgi:https://registry.npmjs.org/mongodb set size:undefined disposed:false
532 silly packumentCache corgi:https://registry.npmjs.org/base32 cache-miss
533 info run youtube-dl-exec@3.0.20 preinstall { code: 0, signal: null }
534 info run es5-ext@0.10.64 postinstall node_modules/es5-ext  node -e "try{require('./_postinstall')}catch(e){}" || exit 0
535 http fetch GET 200 https://registry.npmjs.org/base32 500ms (cache updated)
536 silly packumentCache corgi:https://registry.npmjs.org/base32 set size:undefined disposed:false
537 silly packumentCache corgi:https://registry.npmjs.org/@cypress%2frequest-promise cache-miss
538 http fetch GET 200 https://registry.npmjs.org/@cypress%2frequest-promise 496ms (cache updated)
539 silly packumentCache corgi:https://registry.npmjs.org/@cypress%2frequest-promise set size:undefined disposed:false
540 silly packumentCache corgi:https://registry.npmjs.org/node-telegram-bot-api cache-miss
541 http fetch GET 200 https://registry.npmjs.org/node-telegram-bot-api 200ms (cache updated)
542 silly packumentCache corgi:https://registry.npmjs.org/node-telegram-bot-api set size:undefined disposed:false
543 info run es5-ext@0.10.64 postinstall { code: 0, signal: null }
544 info run youtube-dl-exec@3.0.20 postinstall node_modules/youtube-dl-exec node scripts/postinstall.js
545 info run youtube-dl-exec@3.0.20 postinstall { code: 0, signal: null }
546 silly ADD node_modules/isexe
547 silly ADD node_modules/convert-hrtime
548 silly ADD node_modules/time-span
549 silly ADD node_modules/function-timeout
550 silly ADD node_modules/shebang-regex
551 silly ADD node_modules/parse-ms
552 silly ADD node_modules/ext
553 silly ADD node_modules/esniff
554 silly ADD node_modules/es6-symbol
555 silly ADD node_modules/es6-iterator
556 silly ADD node_modules/type
557 silly ADD node_modules/timers-ext
558 silly ADD node_modules/next-tick
559 silly ADD node_modules/lru-queue
560 silly ADD node_modules/is-promise
561 silly ADD node_modules/event-emitter
562 silly ADD node_modules/es6-weak-map
563 silly ADD node_modules/es5-ext
564 silly ADD node_modules/d
565 silly ADD node_modules/super-regex
566 silly ADD node_modules/semver-regex
567 silly ADD node_modules/which
568 silly ADD node_modules/shebang-command
569 silly ADD node_modules/path-key
570 silly ADD node_modules/strip-final-newline
571 silly ADD node_modules/npm-run-path
572 silly ADD node_modules/npm-run-path/node_modules/path-key
573 silly ADD node_modules/merge-stream
574 silly ADD node_modules/is-stream
575 silly ADD node_modules/human-signals
576 silly ADD node_modules/get-stream
577 silly ADD node_modules/cross-spawn
578 silly ADD node_modules/memoizee
579 silly ADD node_modules/pretty-ms
580 silly ADD node_modules/debug-fabulous
581 silly ADD node_modules/debug-fabulous/node_modules/ms
582 silly ADD node_modules/debug-fabulous/node_modules/debug
583 silly ADD node_modules/@kikobeats/time-span
584 silly ADD node_modules/@jclem/logfmt2
585 silly ADD node_modules/find-versions
586 silly ADD node_modules/execa
587 silly ADD node_modules/execa/node_modules/mimic-fn
588 silly ADD node_modules/execa/node_modules/signal-exit
589 silly ADD node_modules/execa/node_modules/onetime
590 silly ADD node_modules/semver-truncate
591 silly ADD node_modules/semver-truncate/node_modules/semver
592 silly ADD node_modules/binary-version
593 silly ADD node_modules/tinyspawn
594 silly ADD node_modules/is-unix
595 silly ADD node_modules/debug-logfmt
596 silly ADD node_modules/dargs
597 silly ADD node_modules/binary-version-check
598 silly ADD node_modules/binary-version-check/node_modules/semver
599 silly ADD node_modules/youtube-dl-exec
600 verbose cwd /home/container
601 verbose os Linux 6.8.0-56-generic
602 verbose node v23.10.0
603 verbose npm  v11.2.0
604 verbose exit 0
605 info ok
