0 verbose cli /usr/local/bin/node /usr/local/bin/npm
1 info using npm@11.2.0
2 info using node@v23.10.0
3 silly config load:file:/usr/local/lib/node_modules/npm/npmrc
4 silly config load:file:/home/container/.npmrc
5 silly config load:file:/usr/local/etc/npmrc
6 verbose title npm install youtube-dl-exec
7 verbose argv "install" "youtube-dl-exec"
8 verbose logfile logs-max:10 dir:/home/container/.npm/_logs/2025-04-06T00_33_30_915Z-
9 verbose logfile /home/container/.npm/_logs/2025-04-06T00_33_30_915Z-debug-0.log
10 silly logfile done cleaning log files
11 silly packumentCache heap:271581184 maxSize:67895296 maxEntrySize:33947648
12 silly idealTree buildDeps
13 silly fetch manifest youtube-dl-exec@^3.0.20
14 silly packumentCache full:https://registry.npmjs.org/youtube-dl-exec cache-miss
15 http cache https://registry.npmjs.org/youtube-dl-exec 3200ms (cache hit)
16 silly packumentCache full:https://registry.npmjs.org/youtube-dl-exec set size:469087 disposed:false
17 silly placeDep ROOT youtube-dl-exec@3.0.20 REPLACE for: trevoapi@1.0.0 want: ^3.0.20
18 silly reify moves {}
19 silly audit bulk request {
19 silly audit   '@aws-crypto/crc32': [ '3.0.0' ],
19 silly audit   tslib: [ '1.14.1', '2.6.2' ],
19 silly audit   '@aws-crypto/ie11-detection': [ '3.0.0' ],
19 silly audit   '@aws-crypto/sha256-browser': [ '3.0.0' ],
19 silly audit   '@aws-crypto/sha256-js': [ '3.0.0' ],
19 silly audit   '@aws-crypto/supports-web-crypto': [ '3.0.0' ],
19 silly audit   '@aws-crypto/util': [ '3.0.0' ],
19 silly audit   '@aws-sdk/client-cognito-identity': [ '3.509.0' ],
19 silly audit   '@aws-sdk/client-sso': [ '3.507.0' ],
19 silly audit   '@aws-sdk/client-sso-oidc': [ '3.507.0' ],
19 silly audit   '@aws-sdk/client-sts': [ '3.507.0' ],
19 silly audit   '@aws-sdk/core': [ '3.496.0' ],
19 silly audit   '@aws-sdk/credential-provider-cognito-identity': [ '3.509.0' ],
19 silly audit   '@aws-sdk/credential-provider-env': [ '3.502.0' ],
19 silly audit   '@aws-sdk/credential-provider-http': [ '3.503.1' ],
19 silly audit   '@aws-sdk/credential-provider-ini': [ '3.507.0' ],
19 silly audit   '@aws-sdk/credential-provider-node': [ '3.509.0' ],
19 silly audit   '@aws-sdk/credential-provider-process': [ '3.502.0' ],
19 silly audit   '@aws-sdk/credential-provider-sso': [ '3.507.0' ],
19 silly audit   '@aws-sdk/credential-provider-web-identity': [ '3.507.0' ],
19 silly audit   '@aws-sdk/credential-providers': [ '3.509.0' ],
19 silly audit   '@aws-sdk/middleware-host-header': [ '3.502.0' ],
19 silly audit   '@aws-sdk/middleware-logger': [ '3.502.0' ],
19 silly audit   '@aws-sdk/middleware-recursion-detection': [ '3.502.0' ],
19 silly audit   '@aws-sdk/middleware-signing': [ '3.502.0' ],
19 silly audit   '@aws-sdk/middleware-user-agent': [ '3.502.0' ],
19 silly audit   '@aws-sdk/region-config-resolver': [ '3.502.0' ],
19 silly audit   '@aws-sdk/token-providers': [ '3.507.0' ],
19 silly audit   '@aws-sdk/types': [ '3.502.0' ],
19 silly audit   '@aws-sdk/util-endpoints': [ '3.502.0' ],
19 silly audit   '@aws-sdk/util-locate-window': [ '3.495.0' ],
19 silly audit   '@aws-sdk/util-user-agent-browser': [ '3.502.0' ],
19 silly audit   '@aws-sdk/util-user-agent-node': [ '3.502.0' ],
19 silly audit   '@aws-sdk/util-utf8-browser': [ '3.259.0' ],
19 silly audit   '@cypress/request': [ '3.0.1' ],
19 silly audit   '@cypress/request-promise': [ '5.0.0' ],
19 silly audit   qs: [ '6.10.4', '6.11.0', '6.5.3' ],
19 silly audit   '@jclem/logfmt2': [ '2.4.3' ],
19 silly audit   '@kikobeats/time-span': [ '1.0.5' ],
19 silly audit   '@mongodb-js/saslprep': [ '1.1.4' ],
19 silly audit   '@smithy/abort-controller': [ '2.1.1' ],
19 silly audit   '@smithy/config-resolver': [ '2.1.1' ],
19 silly audit   '@smithy/core': [ '1.3.2' ],
19 silly audit   '@smithy/credential-provider-imds': [ '2.2.1' ],
19 silly audit   '@smithy/eventstream-codec': [ '2.1.1' ],
19 silly audit   '@smithy/fetch-http-handler': [ '2.4.1' ],
19 silly audit   '@smithy/hash-node': [ '2.1.1' ],
19 silly audit   '@smithy/invalid-dependency': [ '2.1.1' ],
19 silly audit   '@smithy/is-array-buffer': [ '2.1.1' ],
19 silly audit   '@smithy/middleware-content-length': [ '2.1.1' ],
19 silly audit   '@smithy/middleware-endpoint': [ '2.4.1' ],
19 silly audit   '@smithy/middleware-retry': [ '2.1.1' ],
19 silly audit   '@smithy/middleware-serde': [ '2.1.1' ],
19 silly audit   '@smithy/middleware-stack': [ '2.1.1' ],
19 silly audit   '@smithy/node-config-provider': [ '2.2.1' ],
19 silly audit   '@smithy/node-http-handler': [ '2.3.1' ],
19 silly audit   '@smithy/property-provider': [ '2.1.1' ],
19 silly audit   '@smithy/protocol-http': [ '3.1.1' ],
19 silly audit   '@smithy/querystring-builder': [ '2.1.1' ],
19 silly audit   '@smithy/querystring-parser': [ '2.1.1' ],
19 silly audit   '@smithy/service-error-classification': [ '2.1.1' ],
19 silly audit   '@smithy/shared-ini-file-loader': [ '2.3.1' ],
19 silly audit   '@smithy/signature-v4': [ '2.1.1' ],
19 silly audit   '@smithy/smithy-client': [ '2.3.1' ],
19 silly audit   '@smithy/types': [ '2.9.1' ],
19 silly audit   '@smithy/url-parser': [ '2.1.1' ],
19 silly audit   '@smithy/util-base64': [ '2.1.1' ],
19 silly audit   '@smithy/util-body-length-browser': [ '2.1.1' ],
19 silly audit   '@smithy/util-body-length-node': [ '2.2.1' ],
19 silly audit   '@smithy/util-buffer-from': [ '2.1.1' ],
19 silly audit   '@smithy/util-config-provider': [ '2.2.1' ],
19 silly audit   '@smithy/util-defaults-mode-browser': [ '2.1.1' ],
19 silly audit   '@smithy/util-defaults-mode-node': [ '2.2.0' ],
19 silly audit   '@smithy/util-endpoints': [ '1.1.1' ],
19 silly audit   '@smithy/util-hex-encoding': [ '2.1.1' ],
19 silly audit   '@smithy/util-middleware': [ '2.1.1' ],
19 silly audit   '@smithy/util-retry': [ '2.1.1' ],
19 silly audit   '@smithy/util-stream': [ '2.1.1' ],
19 silly audit   '@smithy/util-uri-escape': [ '2.1.1' ],
19 silly audit   '@smithy/util-utf8': [ '2.1.1' ],
19 silly audit   '@types/bson': [ '4.2.0' ],
19 silly audit   '@types/mongodb': [ '3.6.20' ],
19 silly audit   '@types/node': [ '20.11.16' ],
19 silly audit   '@types/webidl-conversions': [ '7.0.3' ],
19 silly audit   '@types/whatwg-url': [ '8.2.2' ],
19 silly audit   accepts: [ '1.3.8' ],
19 silly audit   'agent-base': [ '6.0.2' ],
19 silly audit   debug: [ '4.3.4', '2.6.9', '4.4.0', '3.2.7' ],
19 silly audit   ms: [ '2.1.2', '2.1.3', '2.0.0' ],
19 silly audit   ajv: [ '6.12.6' ],
19 silly audit   'ansi-styles': [ '4.3.0', '3.2.1' ],
19 silly audit   'append-field': [ '1.0.0' ],
19 silly audit   archiver: [ '3.1.1' ],
19 silly audit   'archiver-utils': [ '2.1.0' ],
19 silly audit   async: [ '2.6.4', '3.2.5' ],
19 silly audit   'readable-stream': [ '3.6.2', '2.3.8' ],
19 silly audit   'array-buffer-byte-length': [ '1.0.1' ],
19 silly audit   'array-flatten': [ '1.1.1' ],
19 silly audit   'array.prototype.findindex': [ '2.2.2' ],
19 silly audit   'arraybuffer.prototype.slice': [ '1.0.3' ],
19 silly audit   asn1: [ '0.2.6' ],
19 silly audit   'assert-plus': [ '1.0.0' ],
19 silly audit   asynckit: [ '0.4.0' ],
19 silly audit   'available-typed-arrays': [ '1.0.6' ],
19 silly audit   'aws-sign2': [ '0.7.0' ],
19 silly audit   aws4: [ '1.12.0' ],
19 silly audit   axios: [ '0.21.4' ],
19 silly audit   'balanced-match': [ '1.0.2' ],
19 silly audit   'base-64': [ '1.0.0' ],
19 silly audit   base32: [ '0.0.6' ],
19 silly audit   'base64-js': [ '1.5.1' ],
19 silly audit   'basic-auth': [ '2.0.1' ],
19 silly audit   'safe-buffer': [ '5.1.2', '5.2.1' ],
19 silly audit   'bcrypt-pbkdf': [ '1.0.2' ],
19 silly audit   'binary-version': [ '7.1.0' ],
19 silly audit   'binary-version-check': [ '6.1.0' ],
19 silly audit   semver: [ '7.7.1', '5.7.2' ],
19 silly audit   bl: [ '1.2.3', '2.2.1', '4.1.0' ],
19 silly audit   bluebird: [ '3.7.2' ],
19 silly audit   'body-parser': [ '1.20.1' ],
19 silly audit   boolbase: [ '1.0.0' ],
19 silly audit   bowser: [ '2.11.0' ],
19 silly audit   'brace-expansion': [ '1.1.11', '2.0.1' ],
19 silly audit   bson: [ '4.7.2', '1.1.6' ],
19 silly audit   buffer: [ '5.7.1' ],
19 silly audit   'buffer-crc32': [ '0.2.13' ],
19 silly audit   'buffer-equal-constant-time': [ '1.0.1' ],
19 silly audit   'buffer-from': [ '1.1.2' ],
19 silly audit   busboy: [ '1.6.0' ],
19 silly audit   bytes: [ '3.1.2' ],
19 silly audit   'call-bind': [ '1.0.6' ],
19 silly audit   camelcase: [ '5.3.1' ],
19 silly audit   caseless: [ '0.12.0' ],
19 silly audit   chalk: [ '4.1.2', '2.4.2', '3.0.0' ],
19 silly audit   cheerio: [ '1.0.0-rc.12' ],
19 silly audit   'cheerio-select': [ '2.1.0' ],
19 silly audit   'cli-cursor': [ '3.1.0' ],
19 silly audit   'cli-spinners': [ '2.9.2' ],
19 silly audit   cliui: [ '5.0.0' ],
19 silly audit   'ansi-regex': [ '4.1.1', '5.0.1' ],
19 silly audit   'string-width': [ '3.1.0' ],
19 silly audit   'strip-ansi': [ '5.2.0', '6.0.1' ],
19 silly audit   clone: [ '1.0.4' ],
19 silly audit   'color-convert': [ '2.0.1', '1.9.3' ],
19 silly audit   'color-name': [ '1.1.4', '1.1.3' ],
19 silly audit   'combined-stream': [ '1.0.8' ],
19 silly audit   commander: [ '2.20.3' ],
19 silly audit   'compress-commons': [ '2.1.1' ],
19 silly audit   'concat-map': [ '0.0.1' ],
19 silly audit   'concat-stream': [ '1.6.2' ],
19 silly audit   'content-disposition': [ '0.5.4' ],
19 silly audit   'content-type': [ '1.0.5' ],
19 silly audit   'convert-hrtime': [ '5.0.0' ],
19 silly audit   cookie: [ '0.5.0', '0.6.0', '0.4.2' ],
19 silly audit   'cookie-signature': [ '1.0.6', '1.0.7' ],
19 silly audit   'core-util-is': [ '1.0.3', '1.0.2' ],
19 silly audit   cors: [ '2.8.5' ],
19 silly audit   crc: [ '3.8.0' ],
19 silly audit   'crc32-stream': [ '3.0.1' ],
19 silly audit   'cross-spawn': [ '7.0.6' ],
19 silly audit   'css-select': [ '5.1.0' ],
19 silly audit   'css-what': [ '6.1.0' ],
19 silly audit   d: [ '1.0.2' ],
19 silly audit   dargs: [ '7.0.0' ],
19 silly audit   dashdash: [ '1.14.1' ],
19 silly audit   'debug-fabulous': [ '2.0.2' ],
19 silly audit   'debug-logfmt': [ '1.2.3' ],
19 silly audit   decamelize: [ '1.2.0' ],
19 silly audit   defaults: [ '1.0.4' ],
19 silly audit   'define-data-property': [ '1.1.2' ],
19 silly audit   'define-properties': [ '1.2.1' ],
19 silly audit   'delayed-stream': [ '1.0.0' ],
19 silly audit   denque: [ '1.5.1' ],
19 silly audit   depd: [ '2.0.0' ],
19 silly audit   destroy: [ '1.2.0' ],
19 silly audit   'dom-serializer': [ '2.0.0' ],
19 silly audit   domelementtype: [ '2.3.0' ],
19 silly audit   domhandler: [ '5.0.3' ],
19 silly audit   domutils: [ '3.1.0' ],
19 silly audit   'ecc-jsbn': [ '0.1.2' ],
19 silly audit   'ecdsa-sig-formatter': [ '1.0.11' ],
19 silly audit   'ee-first': [ '1.1.1' ],
19 silly audit   ejs: [ '3.1.9' ],
19 silly audit   'emoji-regex': [ '7.0.3' ],
19 silly audit   encodeurl: [ '1.0.2' ],
19 silly audit   'end-of-stream': [ '1.4.4' ],
19 silly audit   entities: [ '4.5.0' ],
19 silly audit   'es-abstract': [ '1.22.3' ],
19 silly audit   'es-errors': [ '1.3.0' ],
19 silly audit   'es-set-tostringtag': [ '2.0.2' ],
19 silly audit   'es-shim-unscopables': [ '1.0.2' ],
19 silly audit   'es-to-primitive': [ '1.2.1' ],
19 silly audit   'es5-ext': [ '0.10.64' ],
19 silly audit   'es6-iterator': [ '2.0.3' ],
19 silly audit   'es6-symbol': [ '3.1.4' ],
19 silly audit   'es6-weak-map': [ '2.0.3' ],
19 silly audit   'escape-html': [ '1.0.3' ],
19 silly audit   'escape-string-regexp': [ '1.0.5' ],
19 silly audit   esniff: [ '2.0.1' ],
19 silly audit   etag: [ '1.8.1' ],
19 silly audit   'event-emitter': [ '0.3.5' ],
19 silly audit   eventemitter3: [ '3.1.2' ],
19 silly audit   execa: [ '8.0.1' ],
19 silly audit   'mimic-fn': [ '4.0.0', '2.1.0' ],
19 silly audit   onetime: [ '6.0.0', '5.1.2' ],
19 silly audit   'signal-exit': [ '4.1.0', '3.0.7' ],
19 silly audit   express: [ '4.18.2' ],
19 silly audit   'express-session': [ '1.18.0' ],
19 silly audit   ext: [ '1.7.0' ],
19 silly audit   extend: [ '3.0.2' ],
19 silly audit   extsprintf: [ '1.3.0' ],
19 silly audit   'fast-deep-equal': [ '3.1.3' ],
19 silly audit   'fast-json-stable-stringify': [ '2.1.0' ],
19 silly audit   'fast-xml-parser': [ '4.2.5' ],
19 silly audit   'file-type': [ '3.9.0' ],
19 silly audit   filelist: [ '1.0.4' ],
19 silly audit   minimatch: [ '5.1.6', '3.1.2' ],
19 silly audit   finalhandler: [ '1.2.0' ],
19 silly audit   'find-up': [ '3.0.0' ],
19 silly audit   'find-versions': [ '6.0.0' ],
19 silly audit   'follow-redirects': [ '1.15.5' ],
19 silly audit   'for-each': [ '0.3.3' ],
19 silly audit   'forever-agent': [ '0.6.1' ],
19 silly audit   'form-data': [ '2.3.3', '4.0.0' ],
19 silly audit   forwarded: [ '0.2.0' ],
19 silly audit   fresh: [ '0.5.2' ],
19 silly audit   'fs-constants': [ '1.0.0' ],
19 silly audit   'fs.realpath': [ '1.0.0' ],
19 silly audit   'function-bind': [ '1.1.2' ],
19 silly audit   'function-timeout': [ '1.0.2' ],
19 silly audit   'function.prototype.name': [ '1.1.6' ],
19 silly audit   'functions-have-names': [ '1.2.3' ],
19 silly audit   'get-caller-file': [ '2.0.5' ],
19 silly audit   'get-intrinsic': [ '1.2.4' ],
19 silly audit   'get-stream': [ '8.0.1' ],
19 silly audit   'get-symbol-description': [ '1.0.2' ],
19 silly audit   getpass: [ '0.1.7' ],
19 silly audit   glob: [ '7.2.3' ],
19 silly audit   globalthis: [ '1.0.3' ],
19 silly audit   gopd: [ '1.0.1' ],
19 silly audit   'graceful-fs': [ '4.2.11' ],
19 silly audit   'har-schema': [ '2.0.0' ],
19 silly audit   'har-validator': [ '5.1.5' ],
19 silly audit   'has-bigints': [ '1.0.2' ],
19 silly audit   'has-flag': [ '4.0.0', '3.0.0' ],
19 silly audit   'has-property-descriptors': [ '1.0.1' ],
19 silly audit   'has-proto': [ '1.0.1' ],
19 silly audit   'has-symbols': [ '1.0.3' ],
19 silly audit   'has-tostringtag': [ '1.0.2' ],
19 silly audit   hasown: [ '2.0.0' ],
19 silly audit   htmlparser2: [ '8.0.2' ],
19 silly audit   'http-errors': [ '2.0.0' ],
19 silly audit   'http-signature': [ '1.3.6', '1.2.0' ],
19 silly audit   'human-signals': [ '5.0.0' ],
19 silly audit   'iconv-lite': [ '0.4.24' ],
19 silly audit   ieee754: [ '1.2.1' ],
19 silly audit   inflight: [ '1.0.6' ],
19 silly audit   inherits: [ '2.0.4' ],
19 silly audit   instatouch: [ '2.3.22' ],
19 silly audit   'internal-slot': [ '1.0.7' ],
19 silly audit   ip: [ '2.0.0' ],
19 silly audit   'ipaddr.js': [ '1.9.1' ],
19 silly audit   'is-array-buffer': [ '3.0.4' ],
19 silly audit   'is-bigint': [ '1.0.4' ],
19 silly audit   'is-boolean-object': [ '1.1.2' ],
19 silly audit   'is-callable': [ '1.2.7' ],
19 silly audit   'is-date-object': [ '1.0.5' ],
19 silly audit   'is-fullwidth-code-point': [ '2.0.0' ],
19 silly audit   'is-interactive': [ '1.0.0' ],
19 silly audit   'is-negative-zero': [ '2.0.2' ],
19 silly audit   'is-number-object': [ '1.0.7' ],
19 silly audit   'is-promise': [ '2.2.2' ],
19 silly audit   'is-regex': [ '1.1.4' ],
19 silly audit   'is-shared-array-buffer': [ '1.0.2' ],
19 silly audit   'is-stream': [ '3.0.0' ],
19 silly audit   'is-string': [ '1.0.7' ],
19 silly audit   'is-symbol': [ '1.0.4' ],
19 silly audit   'is-typed-array': [ '1.1.13' ],
19 silly audit   'is-typedarray': [ '1.0.0' ],
19 silly audit   'is-unix': [ '2.0.10' ],
19 silly audit   'is-weakref': [ '1.0.2' ],
19 silly audit   isarray: [ '1.0.0', '2.0.5' ],
19 silly audit   isexe: [ '2.0.0' ],
19 silly audit   isstream: [ '0.1.2' ],
19 silly audit   jake: [ '10.8.7' ],
19 silly audit   jsbn: [ '0.1.1' ],
19 silly audit   'json-schema': [ '0.4.0' ],
19 silly audit   'json-schema-traverse': [ '0.4.1' ],
19 silly audit   'json-stringify-safe': [ '5.0.1' ],
19 silly audit   json2csv: [ '4.5.1' ],
19 silly audit   jsonparse: [ '1.3.1' ],
19 silly audit   jsonwebtoken: [ '8.5.1' ],
19 silly audit   jsprim: [ '2.0.2', '1.4.2' ],
19 silly audit   jwa: [ '1.4.1' ],
19 silly audit   jws: [ '3.2.2' ],
19 silly audit   kareem: [ '2.5.1' ],
19 silly audit   lazystream: [ '1.0.1' ],
19 silly audit   'locate-path': [ '3.0.0' ],
19 silly audit   lodash: [ '4.17.21' ],
19 silly audit   'lodash.defaults': [ '4.2.0' ],
19 silly audit   'lodash.difference': [ '4.5.0' ],
19 silly audit   'lodash.flatten': [ '4.4.0' ],
19 silly audit   'lodash.get': [ '4.4.2' ],
19 silly audit   'lodash.includes': [ '4.3.0' ],
19 silly audit   'lodash.isboolean': [ '3.0.3' ],
19 silly audit   'lodash.isinteger': [ '4.0.4' ],
19 silly audit   'lodash.isnumber': [ '3.0.3' ],
19 silly audit   'lodash.isplainobject': [ '4.0.6' ],
19 silly audit   'lodash.isstring': [ '4.0.1' ],
19 silly audit   'lodash.once': [ '4.1.1' ],
19 silly audit   'lodash.union': [ '4.6.0' ],
19 silly audit   'log-symbols': [ '3.0.0' ],
19 silly audit   'supports-color': [ '5.5.0', '7.2.0' ],
19 silly audit   'lru-cache': [ '4.1.5' ],
19 silly audit   'lru-queue': [ '0.1.0' ],
19 silly audit   m3u8stream: [ '0.8.6' ],
19 silly audit   'media-typer': [ '0.3.0' ],
19 silly audit   memoizee: [ '0.4.17' ],
19 silly audit   'memory-pager': [ '1.5.0' ],
19 silly audit   memorystore: [ '1.6.7' ],
19 silly audit   'merge-descriptors': [ '1.0.1' ],
19 silly audit   'merge-stream': [ '2.0.0' ],
19 silly audit   methods: [ '1.1.2' ],
19 silly audit   mime: [ '1.6.0' ],
19 silly audit   'mime-db': [ '1.52.0' ],
19 silly audit   'mime-types': [ '2.1.35' ],
19 silly audit   miniget: [ '4.2.3' ],
19 silly audit   minimist: [ '0.0.10', '1.2.8' ],
19 silly audit   mkdirp: [ '0.5.6' ],
19 silly audit   moment: [ '2.30.1' ],
19 silly audit   'moment-timezone': [ '0.5.45' ],
19 silly audit   mongodb: [ '4.17.2', '3.7.4' ],
19 silly audit   'mongodb-connection-string-url': [ '2.6.0' ],
19 silly audit   mongoose: [ '6.12.6' ],
19 silly audit   monk: [ '7.3.4' ],
19 silly audit   'monk-middleware-cast-ids': [ '0.2.1' ],
19 silly audit   'monk-middleware-fields': [ '0.2.0' ],
19 silly audit   'monk-middleware-handle-callback': [ '0.2.2' ],
19 silly audit   'monk-middleware-options': [ '0.2.1' ],
19 silly audit   'monk-middleware-query': [ '0.2.0' ],
19 silly audit   'monk-middleware-wait-for-connection': [ '0.2.0' ],
19 silly audit   morgan: [ '1.10.0' ],
19 silly audit   'on-finished': [ '2.3.0', '2.4.1' ],
19 silly audit   mpath: [ '0.9.0' ],
19 silly audit   mquery: [ '4.0.3' ],
19 silly audit   multer: [ '1.4.5-lts.2' ],
19 silly audit   'mute-stream': [ '0.0.8' ],
19 silly audit   needle: [ '2.9.1' ],
19 silly audit   negotiator: [ '0.6.3' ],
19 silly audit   'next-tick': [ '1.1.0' ],
19 silly audit   'node-fetch': [ '2.7.0', '2.6.7' ],
19 silly audit   tr46: [ '0.0.3', '3.0.0' ],
19 silly audit   'webidl-conversions': [ '3.0.1', '7.0.0' ],
19 silly audit   'whatwg-url': [ '5.0.0', '11.0.0' ],
19 silly audit   'node-telegram-bot-api': [ '0.64.0' ],
19 silly audit   nodejs: [ '0.0.0' ],
19 silly audit   nodemailer: [ '6.9.9' ],
19 silly audit   'normalize-path': [ '3.0.0' ],
19 silly audit   'npm-run-path': [ '5.3.0' ],
19 silly audit   'path-key': [ '4.0.0', '3.1.1' ],
19 silly audit   'nth-check': [ '2.1.1' ],
19 silly audit   'oauth-sign': [ '0.9.0' ],
19 silly audit   'object-assign': [ '4.1.1' ],
19 silly audit   'object-inspect': [ '1.13.1' ],
19 silly audit   'object-keys': [ '1.1.1' ],
19 silly audit   'object.assign': [ '4.1.5' ],
19 silly audit   'on-headers': [ '1.0.2' ],
19 silly audit   once: [ '1.4.0' ],
19 silly audit   optimist: [ '0.6.1' ],
19 silly audit   'optional-require': [ '1.1.8' ],
19 silly audit   ora: [ '4.1.1' ],
19 silly audit   'p-limit': [ '2.3.0' ],
19 silly audit   'p-locate': [ '3.0.0' ],
19 silly audit   'p-try': [ '2.2.0' ],
19 silly audit   'parse-ms': [ '2.1.0' ],
19 silly audit   parse5: [ '7.1.2' ],
19 silly audit   'parse5-htmlparser2-tree-adapter': [ '7.0.0' ],
19 silly audit   parseurl: [ '1.3.3' ],
19 silly audit   'paste.gg': [ '1.0.5' ],
19 silly audit   'path-exists': [ '3.0.0' ],
19 silly audit   'path-is-absolute': [ '1.0.1' ],
19 silly audit   'path-to-regexp': [ '0.1.7' ],
19 silly audit   'performance-now': [ '2.1.0' ],
19 silly audit   'pretty-ms': [ '7.0.1' ],
19 silly audit   'process-nextick-args': [ '2.0.1' ],
19 silly audit   progress: [ '2.0.3' ],
19 silly audit   'proxy-addr': [ '2.0.7' ],
19 silly audit   pseudomap: [ '1.0.2' ],
19 silly audit   psl: [ '1.9.0' ],
19 silly audit   pump: [ '2.0.1' ],
19 silly audit   punycode: [ '2.3.1' ],
19 silly audit   querystringify: [ '2.2.0' ],
19 silly audit   'random-bytes': [ '1.0.0' ],
19 silly audit   'range-parser': [ '1.2.1' ],
19 silly audit   'raw-body': [ '2.5.1' ],
19 silly audit   'regexp.prototype.flags': [ '1.5.1' ],
19 silly audit   request: [ '2.88.2' ],
19 silly audit   'request-promise': [ '4.2.6' ],
19 silly audit   'request-promise-core': [ '1.1.3', '1.1.4' ],
19 silly audit   'tough-cookie': [ '2.5.0', '4.1.3' ],
19 silly audit   uuid: [ '3.4.0', '8.3.2' ],
19 silly audit   'require-at': [ '1.0.6' ],
19 silly audit   'require-directory': [ '2.1.1' ],
19 silly audit   'require-main-filename': [ '2.0.0' ],
19 silly audit   'requires-port': [ '1.0.0' ],
19 silly audit   'restore-cursor': [ '3.1.0' ],
19 silly audit   'safe-array-concat': [ '1.1.0' ],
19 silly audit   'safe-regex-test': [ '1.0.3' ],
19 silly audit   'safer-buffer': [ '2.1.2' ],
19 silly audit   saslprep: [ '1.0.3' ],
19 silly audit   sax: [ '1.3.0' ],
19 silly audit   'semver-regex': [ '4.0.5' ],
19 silly audit   'semver-truncate': [ '3.0.0' ],
19 silly audit   send: [ '0.18.0' ],
19 silly audit   'serve-static': [ '1.15.0' ],
19 silly audit   'set-blocking': [ '2.0.0' ],
19 silly audit   'set-function-length': [ '1.2.1' ],
19 silly audit   'set-function-name': [ '2.0.1' ],
19 silly audit   setprototypeof: [ '1.2.0' ],
19 silly audit   'shebang-command': [ '2.0.0' ],
19 silly audit   'shebang-regex': [ '3.0.0' ],
19 silly audit   'side-channel': [ '1.0.5' ],
19 silly audit   sift: [ '16.0.1' ],
19 silly audit   'smart-buffer': [ '4.2.0' ],
19 silly audit   socks: [ '2.7.1' ],
19 silly audit   'socks-proxy-agent': [ '5.0.1' ],
19 silly audit   'sparse-bitfield': [ '3.0.3' ],
19 silly audit   sshpk: [ '1.18.0' ],
19 silly audit   'ssl-express-www': [ '3.2.1' ],
19 silly audit   statuses: [ '2.0.1' ],
19 silly audit   'stealthy-require': [ '1.1.1' ],
19 silly audit   streamsearch: [ '1.1.0' ],
19 silly audit   string_decoder: [ '1.1.1' ],
19 silly audit   'string.prototype.trim': [ '1.2.8' ],
19 silly audit   'string.prototype.trimend': [ '1.0.7' ],
19 silly audit   'string.prototype.trimstart': [ '1.0.7' ],
19 silly audit   'strip-final-newline': [ '3.0.0' ],
19 silly audit   strnum: [ '1.0.5' ],
19 silly audit   'super-regex': [ '1.0.0' ],
19 silly audit   'tar-stream': [ '2.2.0' ],
19 silly audit   'textmaker-thiccy': [ '1.3.1' ],
19 silly audit   'time-span': [ '5.1.0' ],
19 silly audit   'timers-ext': [ '0.1.8' ],
19 silly audit   tinyspawn: [ '1.5.0' ],
19 silly audit   tinyurl: [ '1.1.7' ],
19 silly audit   toidentifier: [ '1.0.1' ],
19 silly audit   'tunnel-agent': [ '0.6.0' ],
19 silly audit   tweetnacl: [ '0.14.5' ],
19 silly audit   type: [ '2.7.3' ],
19 silly audit   'type-is': [ '1.6.18' ],
19 silly audit   'typed-array-buffer': [ '1.0.1' ],
19 silly audit   'typed-array-byte-length': [ '1.0.0' ],
19 silly audit   'typed-array-byte-offset': [ '1.0.0' ],
19 silly audit   'typed-array-length': [ '1.0.4' ],
19 silly audit   typedarray: [ '0.0.6' ],
19 silly audit   'uid-safe': [ '2.1.5' ],
19 silly audit   'unbox-primitive': [ '1.0.2' ],
19 silly audit   'undici-types': [ '5.26.5' ],
19 silly audit   universalify: [ '0.2.0' ],
19 silly audit   unpipe: [ '1.0.0' ],
19 silly audit   'uri-js': [ '4.4.1' ],
19 silly audit   'url-parse': [ '1.5.10' ],
19 silly audit   'util-deprecate': [ '1.0.2' ],
19 silly audit   'utils-merge': [ '1.0.1' ],
19 silly audit   vary: [ '1.1.2' ],
19 silly audit   verror: [ '1.10.0' ],
19 silly audit   wcwidth: [ '1.0.1' ],
19 silly audit   which: [ '2.0.2' ],
19 silly audit   'which-boxed-primitive': [ '1.0.2' ],
19 silly audit   'which-module': [ '2.0.1' ],
19 silly audit   'which-typed-array': [ '1.1.14' ],
19 silly audit   wordwrap: [ '0.0.3' ],
19 silly audit   'wrap-ansi': [ '5.1.0' ],
19 silly audit   wrappy: [ '1.0.2' ],
19 silly audit   xtend: [ '4.0.2' ],
19 silly audit   y18n: [ '4.0.3' ],
19 silly audit   yallist: [ '2.1.2' ],
19 silly audit   yargs: [ '14.2.3' ],
19 silly audit   'yargs-parser': [ '15.0.3' ],
19 silly audit   yarn: [ '1.22.22' ],
19 silly audit   'ytdl-core': [ '4.11.5' ],
19 silly audit   'zip-stream': [ '2.1.3' ],
19 silly audit   zrapi: [ '0.0.6' ],
19 silly audit   'youtube-dl-exec': [ '3.0.20' ]
19 silly audit }
20 http fetch POST 200 https://registry.npmjs.org/-/npm/v1/security/advisories/bulk 5263ms
21 silly audit report {
21 silly audit report   axios: [
21 silly audit report     {
21 silly audit report       id: 1103617,
21 silly audit report       url: 'https://github.com/advisories/GHSA-jr5f-v2jv-69x6',
21 silly audit report       title: 'axios Requests Vulnerable To Possible SSRF and Credential Leakage via Absolute URL',
21 silly audit report       severity: 'high',
21 silly audit report       vulnerable_versions: '<0.30.0',
21 silly audit report       cwe: [Array],
21 silly audit report       cvss: [Object]
21 silly audit report     },
21 silly audit report     {
21 silly audit report       id: 1097679,
21 silly audit report       url: 'https://github.com/advisories/GHSA-wf5p-g6vw-rhxx',
21 silly audit report       title: 'Axios Cross-Site Request Forgery Vulnerability',
21 silly audit report       severity: 'moderate',
21 silly audit report       vulnerable_versions: '>=0.8.1 <0.28.0',
21 silly audit report       cwe: [Array],
21 silly audit report       cvss: [Object]
21 silly audit report     }
21 silly audit report   ],
21 silly audit report   'body-parser': [
21 silly audit report     {
21 silly audit report       id: 1099520,
21 silly audit report       url: 'https://github.com/advisories/GHSA-qwcr-r2fm-qrc7',
21 silly audit report       title: 'body-parser vulnerable to denial of service when url encoding is enabled',
21 silly audit report       severity: 'high',
21 silly audit report       vulnerable_versions: '<1.20.3',
21 silly audit report       cwe: [Array],
21 silly audit report       cvss: [Object]
21 silly audit report     }
21 silly audit report   ],
21 silly audit report   cookie: [
21 silly audit report     {
21 silly audit report       id: 1099846,
21 silly audit report       url: 'https://github.com/advisories/GHSA-pxg6-pf52-xh8x',
21 silly audit report       title: 'cookie accepts cookie name, path, and domain with out of bounds characters',
21 silly audit report       severity: 'low',
21 silly audit report       vulnerable_versions: '<0.7.0',
21 silly audit report       cwe: [Array],
21 silly audit report       cvss: [Object]
21 silly audit report     }
21 silly audit report   ],
21 silly audit report   ejs: [
21 silly audit report     {
21 silly audit report       id: 1098366,
21 silly audit report       url: 'https://github.com/advisories/GHSA-ghr5-ch3p-vcr6',
21 silly audit report       title: 'ejs lacks certain pollution protection',
21 silly audit report       severity: 'moderate',
21 silly audit report       vulnerable_versions: '<3.1.10',
21 silly audit report       cwe: [Array],
21 silly audit report       cvss: [Object]
21 silly audit report     }
21 silly audit report   ],
21 silly audit report   express: [
21 silly audit report     {
21 silly audit report       id: 1100530,
21 silly audit report       url: 'https://github.com/advisories/GHSA-qw6h-vgh9-j6wx',
21 silly audit report       title: 'express vulnerable to XSS via response.redirect()',
21 silly audit report       severity: 'low',
21 silly audit report       vulnerable_versions: '<4.20.0',
21 silly audit report       cwe: [Array],
21 silly audit report       cvss: [Object]
21 silly audit report     },
21 silly audit report     {
21 silly audit report       id: 1096820,
21 silly audit report       url: 'https://github.com/advisories/GHSA-rv95-896h-c2vc',
21 silly audit report       title: 'Express.js Open Redirect in malformed URLs',
21 silly audit report       severity: 'moderate',
21 silly audit report       vulnerable_versions: '<4.19.2',
21 silly audit report       cwe: [Array],
21 silly audit report       cvss: [Object]
21 silly audit report     }
21 silly audit report   ],
21 silly audit report   'follow-redirects': [
21 silly audit report     {
21 silly audit report       id: 1096856,
21 silly audit report       url: 'https://github.com/advisories/GHSA-cxjh-pqwp-8mfp',
21 silly audit report       title: "follow-redirects' Proxy-Authorization header kept across hosts",
21 silly audit report       severity: 'moderate',
21 silly audit report       vulnerable_versions: '<=1.15.5',
21 silly audit report       cwe: [Array],
21 silly audit report       cvss: [Object]
21 silly audit report     }
21 silly audit report   ],
21 silly audit report   ip: [
21 silly audit report     {
21 silly audit report       id: 1101851,
21 silly audit report       url: 'https://github.com/advisories/GHSA-2p57-rm9w-gvfp',
21 silly audit report       title: 'ip SSRF improper categorization in isPublic',
21 silly audit report       severity: 'high',
21 silly audit report       vulnerable_versions: '<=2.0.1',
21 silly audit report       cwe: [Array],
21 silly audit report       cvss: [Object]
21 silly audit report     },
21 silly audit report     {
21 silly audit report       id: 1097721,
21 silly audit report       url: 'https://github.com/advisories/GHSA-78xj-cgh5-2h22',
21 silly audit report       title: 'NPM IP package incorrectly identifies some private IP addresses as public',
21 silly audit report       severity: 'low',
21 silly audit report       vulnerable_versions: '=2.0.0',
21 silly audit report       cwe: [Array],
21 silly audit report       cvss: [Object]
21 silly audit report     }
21 silly audit report   ],
21 silly audit report   jsonwebtoken: [
21 silly audit report     {
21 silly audit report       id: 1102458,
21 silly audit report       url: 'https://github.com/advisories/GHSA-qwph-4952-7xr6',
21 silly audit report       title: 'jsonwebtoken vulnerable to signature validation bypass due to insecure default algorithm in jwt.verify()',
21 silly audit report       severity: 'moderate',
21 silly audit report       vulnerable_versions: '<9.0.0',
21 silly audit report       cwe: [Array],
21 silly audit report       cvss: [Object]
21 silly audit report     },
21 silly audit report     {
21 silly audit report       id: 1097690,
21 silly audit report       url: 'https://github.com/advisories/GHSA-8cf7-32gw-wr33',
21 silly audit report       title: 'jsonwebtoken unrestricted key type could lead to legacy keys usage ',
21 silly audit report       severity: 'high',
21 silly audit report       vulnerable_versions: '<=8.5.1',
21 silly audit report       cwe: [Array],
21 silly audit report       cvss: [Object]
21 silly audit report     },
21 silly audit report     {
21 silly audit report       id: 1097694,
21 silly audit report       url: 'https://github.com/advisories/GHSA-hjrf-2m68-5959',
21 silly audit report       title: "jsonwebtoken's insecure implementation of key retrieval function could lead to Forgeable Public/Private Tokens from RSA to HMAC",
21 silly audit report       severity: 'moderate',
21 silly audit report       vulnerable_versions: '<=8.5.1',
21 silly audit report       cwe: [Array],
21 silly audit report       cvss: [Object]
21 silly audit report     }
21 silly audit report   ],
21 silly audit report   minimist: [
21 silly audit report     {
21 silly audit report       id: 1097677,
21 silly audit report       url: 'https://github.com/advisories/GHSA-xvch-5gv4-984h',
21 silly audit report       title: 'Prototype Pollution in minimist',
21 silly audit report       severity: 'critical',
21 silly audit report       vulnerable_versions: '<0.2.4',
21 silly audit report       cwe: [Array],
21 silly audit report       cvss: [Object]
21 silly audit report     },
21 silly audit report     {
21 silly audit report       id: 1096466,
21 silly audit report       url: 'https://github.com/advisories/GHSA-vh95-rmgr-6w4m',
21 silly audit report       title: 'Prototype Pollution in minimist',
21 silly audit report       severity: 'moderate',
21 silly audit report       vulnerable_versions: '<0.2.1',
21 silly audit report       cwe: [Array],
21 silly audit report       cvss: [Object]
21 silly audit report     }
21 silly audit report   ],
21 silly audit report   mongoose: [
21 silly audit report     {
21 silly audit report       id: 1101061,
21 silly audit report       url: 'https://github.com/advisories/GHSA-m7xq-9374-9rvx',
21 silly audit report       title: 'Mongoose search injection vulnerability',
21 silly audit report       severity: 'high',
21 silly audit report       vulnerable_versions: '<6.13.5',
21 silly audit report       cwe: [Array],
21 silly audit report       cvss: [Object]
21 silly audit report     },
21 silly audit report     {
21 silly audit report       id: 1101838,
21 silly audit report       url: 'https://github.com/advisories/GHSA-vg7j-7cwx-8wgw',
21 silly audit report       title: 'Mongoose search injection vulnerability',
21 silly audit report       severity: 'critical',
21 silly audit report       vulnerable_versions: '<6.13.6',
21 silly audit report       cwe: [Array],
21 silly audit report       cvss: [Object]
21 silly audit report     }
21 silly audit report   ],
21 silly audit report   'path-to-regexp': [
21 silly audit report     {
21 silly audit report       id: 1101844,
21 silly audit report       url: 'https://github.com/advisories/GHSA-rhx6-c78j-4q9w',
21 silly audit report       title: 'Unpatched `path-to-regexp` ReDoS in 0.1.x',
21 silly audit report       severity: 'high',
21 silly audit report       vulnerable_versions: '<0.1.12',
21 silly audit report       cwe: [Array],
21 silly audit report       cvss: [Object]
21 silly audit report     },
21 silly audit report     {
21 silly audit report       id: 1101850,
21 silly audit report       url: 'https://github.com/advisories/GHSA-9wv6-86v2-598j',
21 silly audit report       title: 'path-to-regexp outputs backtracking regular expressions',
21 silly audit report       severity: 'high',
21 silly audit report       vulnerable_versions: '<0.1.10',
21 silly audit report       cwe: [Array],
21 silly audit report       cvss: [Object]
21 silly audit report     }
21 silly audit report   ],
21 silly audit report   request: [
21 silly audit report     {
21 silly audit report       id: 1096727,
21 silly audit report       url: 'https://github.com/advisories/GHSA-p8p7-x288-28g6',
21 silly audit report       title: 'Server-Side Request Forgery in Request',
21 silly audit report       severity: 'moderate',
21 silly audit report       vulnerable_versions: '<=2.88.2',
21 silly audit report       cwe: [Array],
21 silly audit report       cvss: [Object]
21 silly audit report     }
21 silly audit report   ],
21 silly audit report   'tough-cookie': [
21 silly audit report     {
21 silly audit report       id: 1097682,
21 silly audit report       url: 'https://github.com/advisories/GHSA-72xf-g2v4-qvf3',
21 silly audit report       title: 'tough-cookie Prototype Pollution vulnerability',
21 silly audit report       severity: 'moderate',
21 silly audit report       vulnerable_versions: '<4.1.3',
21 silly audit report       cwe: [Array],
21 silly audit report       cvss: [Object]
21 silly audit report     }
21 silly audit report   ],
21 silly audit report   send: [
21 silly audit report     {
21 silly audit report       id: 1100526,
21 silly audit report       url: 'https://github.com/advisories/GHSA-m6fv-jmcg-4jfg',
21 silly audit report       title: 'send vulnerable to template injection that can lead to XSS',
21 silly audit report       severity: 'low',
21 silly audit report       vulnerable_versions: '<0.19.0',
21 silly audit report       cwe: [Array],
21 silly audit report       cvss: [Object]
21 silly audit report     }
21 silly audit report   ],
21 silly audit report   'serve-static': [
21 silly audit report     {
21 silly audit report       id: 1100528,
21 silly audit report       url: 'https://github.com/advisories/GHSA-cm22-4g7w-348p',
21 silly audit report       title: 'serve-static vulnerable to template injection that can lead to XSS',
21 silly audit report       severity: 'low',
21 silly audit report       vulnerable_versions: '<1.16.0',
21 silly audit report       cwe: [Array],
21 silly audit report       cvss: [Object]
21 silly audit report     }
21 silly audit report   ]
21 silly audit report }
22 silly packumentCache corgi:https://registry.npmjs.org/axios cache-miss
23 silly packumentCache corgi:https://registry.npmjs.org/body-parser cache-miss
24 silly packumentCache corgi:https://registry.npmjs.org/cookie cache-miss
25 silly packumentCache corgi:https://registry.npmjs.org/ejs cache-miss
26 silly packumentCache corgi:https://registry.npmjs.org/express cache-miss
27 silly packumentCache corgi:https://registry.npmjs.org/follow-redirects cache-miss
28 silly packumentCache corgi:https://registry.npmjs.org/ip cache-miss
29 silly packumentCache corgi:https://registry.npmjs.org/jsonwebtoken cache-miss
30 silly packumentCache corgi:https://registry.npmjs.org/minimist cache-miss
31 silly packumentCache corgi:https://registry.npmjs.org/mongoose cache-miss
32 silly packumentCache corgi:https://registry.npmjs.org/path-to-regexp cache-miss
33 silly packumentCache corgi:https://registry.npmjs.org/request cache-miss
34 silly packumentCache corgi:https://registry.npmjs.org/tough-cookie cache-miss
35 silly packumentCache corgi:https://registry.npmjs.org/send cache-miss
36 silly packumentCache corgi:https://registry.npmjs.org/serve-static cache-miss
37 http cache https://registry.npmjs.org/ip 697ms (cache hit)
38 silly packumentCache corgi:https://registry.npmjs.org/ip set size:17316 disposed:false
39 http cache https://registry.npmjs.org/minimist 698ms (cache hit)
40 silly packumentCache corgi:https://registry.npmjs.org/minimist set size:29263 disposed:false
41 http cache https://registry.npmjs.org/tough-cookie 695ms (cache hit)
42 silly packumentCache corgi:https://registry.npmjs.org/tough-cookie set size:50536 disposed:false
43 http cache https://registry.npmjs.org/follow-redirects 706ms (cache hit)
44 silly packumentCache corgi:https://registry.npmjs.org/follow-redirects set size:85992 disposed:false
45 http cache https://registry.npmjs.org/path-to-regexp 794ms (cache hit)
46 silly packumentCache corgi:https://registry.npmjs.org/path-to-regexp set size:62557 disposed:false
47 http cache https://registry.npmjs.org/body-parser 803ms (cache hit)
48 silly packumentCache corgi:https://registry.npmjs.org/body-parser set size:74404 disposed:false
49 http cache https://registry.npmjs.org/request 799ms (cache hit)
50 silly packumentCache corgi:https://registry.npmjs.org/request set size:129997 disposed:false
51 http cache https://registry.npmjs.org/jsonwebtoken 895ms (cache hit)
52 silly packumentCache corgi:https://registry.npmjs.org/jsonwebtoken set size:66386 disposed:false
53 http cache https://registry.npmjs.org/ejs 901ms (cache hit)
54 silly packumentCache corgi:https://registry.npmjs.org/ejs set size:64208 disposed:false
55 http cache https://registry.npmjs.org/express 903ms (cache hit)
56 silly packumentCache corgi:https://registry.npmjs.org/express set size:322362 disposed:false
57 http cache https://registry.npmjs.org/serve-static 903ms (cache hit)
58 silly packumentCache corgi:https://registry.npmjs.org/serve-static set size:56254 disposed:false
59 http cache https://registry.npmjs.org/axios 1006ms (cache hit)
60 silly packumentCache corgi:https://registry.npmjs.org/axios set size:238020 disposed:false
61 http cache https://registry.npmjs.org/cookie 1100ms (cache hit)
62 silly packumentCache corgi:https://registry.npmjs.org/cookie set size:22175 disposed:false
63 http cache https://registry.npmjs.org/send 1004ms (cache hit)
64 silly packumentCache corgi:https://registry.npmjs.org/send set size:60926 disposed:false
65 http cache https://registry.npmjs.org/mongoose 1298ms (cache hit)
66 silly packumentCache corgi:https://registry.npmjs.org/mongoose set size:1491414 disposed:false
67 silly packumentCache corgi:https://registry.npmjs.org/textmaker-thiccy cache-miss
68 silly packumentCache corgi:https://registry.npmjs.org/zrapi cache-miss
69 http cache https://registry.npmjs.org/textmaker-thiccy 195ms (cache hit)
70 silly packumentCache corgi:https://registry.npmjs.org/textmaker-thiccy set size:10702 disposed:false
71 http cache https://registry.npmjs.org/zrapi 195ms (cache hit)
72 silly packumentCache corgi:https://registry.npmjs.org/zrapi set size:8921 disposed:false
73 silly packumentCache corgi:https://registry.npmjs.org/express-session cache-miss
74 http cache https://registry.npmjs.org/express-session 201ms (cache hit)
75 silly packumentCache corgi:https://registry.npmjs.org/express-session set size:61835 disposed:false
76 silly packumentCache corgi:https://registry.npmjs.org/ssl-express-www cache-miss
77 http cache https://registry.npmjs.org/ssl-express-www 97ms (cache hit)
78 silly packumentCache corgi:https://registry.npmjs.org/ssl-express-www set size:46344 disposed:false
79 silly packumentCache corgi:https://registry.npmjs.org/socks cache-miss
80 http cache https://registry.npmjs.org/socks 5ms (cache hit)
81 silly packumentCache corgi:https://registry.npmjs.org/socks set size:62597 disposed:false
82 silly packumentCache corgi:https://registry.npmjs.org/optimist cache-miss
83 http cache https://registry.npmjs.org/optimist 4ms (cache hit)
84 silly packumentCache corgi:https://registry.npmjs.org/optimist set size:21729 disposed:false
85 silly packumentCache corgi:https://registry.npmjs.org/instatouch cache-miss
86 silly packumentCache corgi:https://registry.npmjs.org/request-promise cache-miss
87 silly packumentCache corgi:https://registry.npmjs.org/request-promise-core cache-miss
88 http cache https://registry.npmjs.org/request-promise 7ms (cache hit)
89 silly packumentCache corgi:https://registry.npmjs.org/request-promise set size:45088 disposed:false
90 http cache https://registry.npmjs.org/request-promise-core 96ms (cache hit)
91 silly packumentCache corgi:https://registry.npmjs.org/request-promise-core set size:6997 disposed:false
92 http cache https://registry.npmjs.org/instatouch 98ms (cache hit)
93 silly packumentCache corgi:https://registry.npmjs.org/instatouch set size:126415 disposed:false
94 silly packumentCache corgi:https://registry.npmjs.org/mongodb cache-miss
95 silly packumentCache corgi:https://registry.npmjs.org/socks-proxy-agent cache-miss
96 http cache https://registry.npmjs.org/socks-proxy-agent 99ms (cache hit)
97 silly packumentCache corgi:https://registry.npmjs.org/socks-proxy-agent set size:40447 disposed:false
98 http cache https://registry.npmjs.org/mongodb 198ms (cache hit)
99 silly packumentCache corgi:https://registry.npmjs.org/mongodb set size:1178160 disposed:false
100 silly packumentCache corgi:https://registry.npmjs.org/base32 cache-miss
101 http cache https://registry.npmjs.org/base32 4ms (cache hit)
102 silly packumentCache corgi:https://registry.npmjs.org/base32 set size:4945 disposed:false
103 silly packumentCache corgi:https://registry.npmjs.org/@cypress%2frequest-promise cache-miss
104 http cache https://registry.npmjs.org/@cypress%2frequest-promise 3ms (cache hit)
105 silly packumentCache corgi:https://registry.npmjs.org/@cypress%2frequest-promise set size:4166 disposed:false
106 silly packumentCache corgi:https://registry.npmjs.org/node-telegram-bot-api cache-miss
107 http cache https://registry.npmjs.org/node-telegram-bot-api 3ms (cache hit)
108 silly packumentCache corgi:https://registry.npmjs.org/node-telegram-bot-api set size:89051 disposed:false
109 verbose cwd /home/container
110 verbose os Linux 6.8.0-56-generic
111 verbose node v23.10.0
112 verbose npm  v11.2.0
113 verbose exit 0
114 info ok
