0 verbose cli /usr/local/bin/node /usr/local/bin/npm
1 info using npm@11.2.0
2 info using node@v23.10.0
3 silly config load:file:/usr/local/lib/node_modules/npm/npmrc
4 silly config load:file:/home/container/.npmrc
5 silly config load:file:/usr/local/etc/npmrc
6 verbose title npm install ytdl-core multer
7 verbose argv "install" "ytdl-core" "multer"
8 verbose logfile logs-max:10 dir:/home/container/.npm/_logs/2025-04-06T00_22_00_444Z-
9 verbose logfile /home/container/.npm/_logs/2025-04-06T00_22_00_444Z-debug-0.log
10 silly logfile done cleaning log files
11 silly packumentCache heap:271581184 maxSize:67895296 maxEntrySize:33947648
12 silly idealTree buildDeps
13 silly fetch manifest multer@^1.4.5-lts.2
14 silly packumentCache full:https://registry.npmjs.org/multer cache-miss
15 verbose shrinkwrap failed to load node_modules/.package-lock.json out of date, updated: node_modules
16 http fetch GET 200 https://registry.npmjs.org/npm 5992ms
17 http fetch GET 200 https://registry.npmjs.org/multer 5504ms (cache miss)
18 silly packumentCache full:https://registry.npmjs.org/multer set size:undefined disposed:false
19 silly fetch manifest ytdl-core@*
20 silly packumentCache full:https://registry.npmjs.org/ytdl-core cache-miss
21 http fetch GET 200 https://registry.npmjs.org/ytdl-core 202ms (cache miss)
22 silly packumentCache full:https://registry.npmjs.org/ytdl-core set size:undefined disposed:false
23 silly placeDep ROOT multer@1.4.5-lts.2 REPLACE for: trevoapi@1.0.0 want: ^1.4.5-lts.2
24 silly placeDep ROOT ytdl-core@4.11.5 OK for: trevoapi@1.0.0 want: *
25 silly fetch manifest m3u8stream@^0.8.6
26 silly packumentCache full:https://registry.npmjs.org/m3u8stream cache-miss
27 http fetch GET 200 https://registry.npmjs.org/m3u8stream 192ms (cache miss)
28 silly packumentCache full:https://registry.npmjs.org/m3u8stream set size:undefined disposed:false
29 silly fetch manifest miniget@^4.2.2
30 silly packumentCache full:https://registry.npmjs.org/miniget cache-miss
31 http fetch GET 200 https://registry.npmjs.org/miniget 102ms (cache miss)
32 silly packumentCache full:https://registry.npmjs.org/miniget set size:undefined disposed:false
33 silly placeDep ROOT m3u8stream@0.8.6 OK for: ytdl-core@4.11.5 want: ^0.8.6
34 silly placeDep ROOT miniget@4.2.3 OK for: ytdl-core@4.11.5 want: ^4.2.2
35 silly reify mark retired [
35 silly reify   '/home/container/node_modules/base32',
35 silly reify   '/home/container/node_modules/.bin/base32'
35 silly reify ]
36 silly reify mark retired [
36 silly reify   '/home/container/node_modules/ejs',
36 silly reify   '/home/container/node_modules/.bin/ejs'
36 silly reify ]
37 silly reify mark retired [
37 silly reify   '/home/container/node_modules/fast-xml-parser',
37 silly reify   '/home/container/node_modules/.bin/fxparser'
37 silly reify ]
38 silly reify mark retired [
38 silly reify   '/home/container/node_modules/instatouch',
38 silly reify   '/home/container/node_modules/.bin/instatouch'
38 silly reify ]
39 silly reify mark retired [
39 silly reify   '/home/container/node_modules/jake',
39 silly reify   '/home/container/node_modules/.bin/jake'
39 silly reify ]
40 silly reify mark retired [
40 silly reify   '/home/container/node_modules/json2csv',
40 silly reify   '/home/container/node_modules/.bin/json2csv'
40 silly reify ]
41 silly reify mark retired [
41 silly reify   '/home/container/node_modules/mime',
41 silly reify   '/home/container/node_modules/.bin/mime'
41 silly reify ]
42 silly reify mark retired [
42 silly reify   '/home/container/node_modules/mkdirp',
42 silly reify   '/home/container/node_modules/.bin/mkdirp'
42 silly reify ]
43 silly reify mark retired [
43 silly reify   '/home/container/node_modules/needle',
43 silly reify   '/home/container/node_modules/.bin/needle'
43 silly reify ]
44 silly reify mark retired [
44 silly reify   '/home/container/node_modules/request/node_modules/uuid',
44 silly reify   '/home/container/node_modules/request/node_modules/.bin/uuid'
44 silly reify ]
45 silly reify mark retired [
45 silly reify   '/home/container/node_modules/semver',
45 silly reify   '/home/container/node_modules/.bin/semver'
45 silly reify ]
46 silly reify mark retired [
46 silly reify   '/home/container/node_modules/uuid',
46 silly reify   '/home/container/node_modules/.bin/uuid'
46 silly reify ]
47 silly reify mark retired [
47 silly reify   '/home/container/node_modules/yarn',
47 silly reify   '/home/container/node_modules/.bin/yarn',
47 silly reify   '/home/container/node_modules/.bin/yarnpkg'
47 silly reify ]
48 silly reify mark retired [
48 silly reify   '/home/container/node_modules/sshpk',
48 silly reify   '/home/container/node_modules/.bin/sshpk-conv',
48 silly reify   '/home/container/node_modules/.bin/sshpk-sign',
48 silly reify   '/home/container/node_modules/.bin/sshpk-verify'
48 silly reify ]
49 silly reify moves {
49 silly reify   '/home/container/node_modules/base32': '/home/container/node_modules/.base32-rnPlaTdH',
49 silly reify   '/home/container/node_modules/.bin/base32': '/home/container/node_modules/.bin/.base32-neKRerrk',
49 silly reify   '/home/container/node_modules/ejs': '/home/container/node_modules/.ejs-IsQKHn66',
49 silly reify   '/home/container/node_modules/.bin/ejs': '/home/container/node_modules/.bin/.ejs-paLIrwkl',
49 silly reify   '/home/container/node_modules/fast-xml-parser': '/home/container/node_modules/.fast-xml-parser-9InGuqkU',
49 silly reify   '/home/container/node_modules/.bin/fxparser': '/home/container/node_modules/.bin/.fxparser-8II6uP1h',
49 silly reify   '/home/container/node_modules/instatouch': '/home/container/node_modules/.instatouch-fhsAUFJ8',
49 silly reify   '/home/container/node_modules/.bin/instatouch': '/home/container/node_modules/.bin/.instatouch-VDCn0jFM',
49 silly reify   '/home/container/node_modules/jake': '/home/container/node_modules/.jake-3kTaSEsG',
49 silly reify   '/home/container/node_modules/.bin/jake': '/home/container/node_modules/.bin/.jake-txfguRIw',
49 silly reify   '/home/container/node_modules/json2csv': '/home/container/node_modules/.json2csv-fhR7vq5e',
49 silly reify   '/home/container/node_modules/.bin/json2csv': '/home/container/node_modules/.bin/.json2csv-2KaaUzPA',
49 silly reify   '/home/container/node_modules/mime': '/home/container/node_modules/.mime-OqpHjQqc',
49 silly reify   '/home/container/node_modules/.bin/mime': '/home/container/node_modules/.bin/.mime-eoW5cL08',
49 silly reify   '/home/container/node_modules/mkdirp': '/home/container/node_modules/.mkdirp-xuUfkeqX',
49 silly reify   '/home/container/node_modules/.bin/mkdirp': '/home/container/node_modules/.bin/.mkdirp-b95gaefK',
49 silly reify   '/home/container/node_modules/needle': '/home/container/node_modules/.needle-EQ1bnFZr',
49 silly reify   '/home/container/node_modules/.bin/needle': '/home/container/node_modules/.bin/.needle-o4MiVleG',
49 silly reify   '/home/container/node_modules/request/node_modules/uuid': '/home/container/node_modules/request/node_modules/.uuid-NGGAEIZU',
49 silly reify   '/home/container/node_modules/request/node_modules/.bin/uuid': '/home/container/node_modules/request/node_modules/.bin/.uuid-pDIPFL0Q',
49 silly reify   '/home/container/node_modules/semver': '/home/container/node_modules/.semver-clkkOKMn',
49 silly reify   '/home/container/node_modules/.bin/semver': '/home/container/node_modules/.bin/.semver-6FrAJfdb',
49 silly reify   '/home/container/node_modules/uuid': '/home/container/node_modules/.uuid-bJQR8Pxz',
49 silly reify   '/home/container/node_modules/.bin/uuid': '/home/container/node_modules/.bin/.uuid-GjpJUL4x',
49 silly reify   '/home/container/node_modules/yarn': '/home/container/node_modules/.yarn-s9ZZVJLK',
49 silly reify   '/home/container/node_modules/.bin/yarn': '/home/container/node_modules/.bin/.yarn-lpE6GU4G',
49 silly reify   '/home/container/node_modules/.bin/yarnpkg': '/home/container/node_modules/.bin/.yarnpkg-WVe9681J',
49 silly reify   '/home/container/node_modules/sshpk': '/home/container/node_modules/.sshpk-pbW7LSLy',
49 silly reify   '/home/container/node_modules/.bin/sshpk-conv': '/home/container/node_modules/.bin/.sshpk-conv-pZmWOdYB',
49 silly reify   '/home/container/node_modules/.bin/sshpk-sign': '/home/container/node_modules/.bin/.sshpk-sign-dkWzsPot',
49 silly reify   '/home/container/node_modules/.bin/sshpk-verify': '/home/container/node_modules/.bin/.sshpk-verify-RLjELPn5'
49 silly reify }
50 silly audit bulk request {
50 silly audit   '@aws-crypto/crc32': [ '3.0.0' ],
50 silly audit   tslib: [ '1.14.1', '2.6.2' ],
50 silly audit   '@aws-crypto/ie11-detection': [ '3.0.0' ],
50 silly audit   '@aws-crypto/sha256-browser': [ '3.0.0' ],
50 silly audit   '@aws-crypto/sha256-js': [ '3.0.0' ],
50 silly audit   '@aws-crypto/supports-web-crypto': [ '3.0.0' ],
50 silly audit   '@aws-crypto/util': [ '3.0.0' ],
50 silly audit   '@aws-sdk/client-cognito-identity': [ '3.509.0' ],
50 silly audit   '@aws-sdk/client-sso': [ '3.507.0' ],
50 silly audit   '@aws-sdk/client-sso-oidc': [ '3.507.0' ],
50 silly audit   '@aws-sdk/client-sts': [ '3.507.0' ],
50 silly audit   '@aws-sdk/core': [ '3.496.0' ],
50 silly audit   '@aws-sdk/credential-provider-cognito-identity': [ '3.509.0' ],
50 silly audit   '@aws-sdk/credential-provider-env': [ '3.502.0' ],
50 silly audit   '@aws-sdk/credential-provider-http': [ '3.503.1' ],
50 silly audit   '@aws-sdk/credential-provider-ini': [ '3.507.0' ],
50 silly audit   '@aws-sdk/credential-provider-node': [ '3.509.0' ],
50 silly audit   '@aws-sdk/credential-provider-process': [ '3.502.0' ],
50 silly audit   '@aws-sdk/credential-provider-sso': [ '3.507.0' ],
50 silly audit   '@aws-sdk/credential-provider-web-identity': [ '3.507.0' ],
50 silly audit   '@aws-sdk/credential-providers': [ '3.509.0' ],
50 silly audit   '@aws-sdk/middleware-host-header': [ '3.502.0' ],
50 silly audit   '@aws-sdk/middleware-logger': [ '3.502.0' ],
50 silly audit   '@aws-sdk/middleware-recursion-detection': [ '3.502.0' ],
50 silly audit   '@aws-sdk/middleware-signing': [ '3.502.0' ],
50 silly audit   '@aws-sdk/middleware-user-agent': [ '3.502.0' ],
50 silly audit   '@aws-sdk/region-config-resolver': [ '3.502.0' ],
50 silly audit   '@aws-sdk/token-providers': [ '3.507.0' ],
50 silly audit   '@aws-sdk/types': [ '3.502.0' ],
50 silly audit   '@aws-sdk/util-endpoints': [ '3.502.0' ],
50 silly audit   '@aws-sdk/util-locate-window': [ '3.495.0' ],
50 silly audit   '@aws-sdk/util-user-agent-browser': [ '3.502.0' ],
50 silly audit   '@aws-sdk/util-user-agent-node': [ '3.502.0' ],
50 silly audit   '@aws-sdk/util-utf8-browser': [ '3.259.0' ],
50 silly audit   '@cypress/request': [ '3.0.1' ],
50 silly audit   '@cypress/request-promise': [ '5.0.0' ],
50 silly audit   qs: [ '6.10.4', '6.11.0', '6.5.3' ],
50 silly audit   '@mongodb-js/saslprep': [ '1.1.4' ],
50 silly audit   '@smithy/abort-controller': [ '2.1.1' ],
50 silly audit   '@smithy/config-resolver': [ '2.1.1' ],
50 silly audit   '@smithy/core': [ '1.3.2' ],
50 silly audit   '@smithy/credential-provider-imds': [ '2.2.1' ],
50 silly audit   '@smithy/eventstream-codec': [ '2.1.1' ],
50 silly audit   '@smithy/fetch-http-handler': [ '2.4.1' ],
50 silly audit   '@smithy/hash-node': [ '2.1.1' ],
50 silly audit   '@smithy/invalid-dependency': [ '2.1.1' ],
50 silly audit   '@smithy/is-array-buffer': [ '2.1.1' ],
50 silly audit   '@smithy/middleware-content-length': [ '2.1.1' ],
50 silly audit   '@smithy/middleware-endpoint': [ '2.4.1' ],
50 silly audit   '@smithy/middleware-retry': [ '2.1.1' ],
50 silly audit   '@smithy/middleware-serde': [ '2.1.1' ],
50 silly audit   '@smithy/middleware-stack': [ '2.1.1' ],
50 silly audit   '@smithy/node-config-provider': [ '2.2.1' ],
50 silly audit   '@smithy/node-http-handler': [ '2.3.1' ],
50 silly audit   '@smithy/property-provider': [ '2.1.1' ],
50 silly audit   '@smithy/protocol-http': [ '3.1.1' ],
50 silly audit   '@smithy/querystring-builder': [ '2.1.1' ],
50 silly audit   '@smithy/querystring-parser': [ '2.1.1' ],
50 silly audit   '@smithy/service-error-classification': [ '2.1.1' ],
50 silly audit   '@smithy/shared-ini-file-loader': [ '2.3.1' ],
50 silly audit   '@smithy/signature-v4': [ '2.1.1' ],
50 silly audit   '@smithy/smithy-client': [ '2.3.1' ],
50 silly audit   '@smithy/types': [ '2.9.1' ],
50 silly audit   '@smithy/url-parser': [ '2.1.1' ],
50 silly audit   '@smithy/util-base64': [ '2.1.1' ],
50 silly audit   '@smithy/util-body-length-browser': [ '2.1.1' ],
50 silly audit   '@smithy/util-body-length-node': [ '2.2.1' ],
50 silly audit   '@smithy/util-buffer-from': [ '2.1.1' ],
50 silly audit   '@smithy/util-config-provider': [ '2.2.1' ],
50 silly audit   '@smithy/util-defaults-mode-browser': [ '2.1.1' ],
50 silly audit   '@smithy/util-defaults-mode-node': [ '2.2.0' ],
50 silly audit   '@smithy/util-endpoints': [ '1.1.1' ],
50 silly audit   '@smithy/util-hex-encoding': [ '2.1.1' ],
50 silly audit   '@smithy/util-middleware': [ '2.1.1' ],
50 silly audit   '@smithy/util-retry': [ '2.1.1' ],
50 silly audit   '@smithy/util-stream': [ '2.1.1' ],
50 silly audit   '@smithy/util-uri-escape': [ '2.1.1' ],
50 silly audit   '@smithy/util-utf8': [ '2.1.1' ],
50 silly audit   '@types/bson': [ '4.2.0' ],
50 silly audit   '@types/mongodb': [ '3.6.20' ],
50 silly audit   '@types/node': [ '20.11.16' ],
50 silly audit   '@types/webidl-conversions': [ '7.0.3' ],
50 silly audit   '@types/whatwg-url': [ '8.2.2' ],
50 silly audit   accepts: [ '1.3.8' ],
50 silly audit   'agent-base': [ '6.0.2' ],
50 silly audit   debug: [ '4.3.4', '2.6.9', '3.2.7' ],
50 silly audit   ms: [ '2.1.2', '2.1.3', '2.0.0' ],
50 silly audit   ajv: [ '6.12.6' ],
50 silly audit   'ansi-styles': [ '4.3.0', '3.2.1' ],
50 silly audit   'append-field': [ '1.0.0' ],
50 silly audit   archiver: [ '3.1.1' ],
50 silly audit   'archiver-utils': [ '2.1.0' ],
50 silly audit   async: [ '2.6.4', '3.2.5' ],
50 silly audit   'readable-stream': [ '3.6.2', '2.3.8' ],
50 silly audit   'array-buffer-byte-length': [ '1.0.1' ],
50 silly audit   'array-flatten': [ '1.1.1' ],
50 silly audit   'array.prototype.findindex': [ '2.2.2' ],
50 silly audit   'arraybuffer.prototype.slice': [ '1.0.3' ],
50 silly audit   asn1: [ '0.2.6' ],
50 silly audit   'assert-plus': [ '1.0.0' ],
50 silly audit   asynckit: [ '0.4.0' ],
50 silly audit   'available-typed-arrays': [ '1.0.6' ],
50 silly audit   'aws-sign2': [ '0.7.0' ],
50 silly audit   aws4: [ '1.12.0' ],
50 silly audit   axios: [ '0.21.4' ],
50 silly audit   'balanced-match': [ '1.0.2' ],
50 silly audit   'base-64': [ '1.0.0' ],
50 silly audit   base32: [ '0.0.6' ],
50 silly audit   'base64-js': [ '1.5.1' ],
50 silly audit   'basic-auth': [ '2.0.1' ],
50 silly audit   'safe-buffer': [ '5.1.2', '5.2.1' ],
50 silly audit   'bcrypt-pbkdf': [ '1.0.2' ],
50 silly audit   bl: [ '1.2.3', '2.2.1', '4.1.0' ],
50 silly audit   bluebird: [ '3.7.2' ],
50 silly audit   'body-parser': [ '1.20.1' ],
50 silly audit   boolbase: [ '1.0.0' ],
50 silly audit   bowser: [ '2.11.0' ],
50 silly audit   'brace-expansion': [ '1.1.11', '2.0.1' ],
50 silly audit   bson: [ '4.7.2', '1.1.6' ],
50 silly audit   buffer: [ '5.7.1' ],
50 silly audit   'buffer-crc32': [ '0.2.13' ],
50 silly audit   'buffer-equal-constant-time': [ '1.0.1' ],
50 silly audit   'buffer-from': [ '1.1.2' ],
50 silly audit   busboy: [ '1.6.0' ],
50 silly audit   bytes: [ '3.1.2' ],
50 silly audit   'call-bind': [ '1.0.6' ],
50 silly audit   camelcase: [ '5.3.1' ],
50 silly audit   caseless: [ '0.12.0' ],
50 silly audit   chalk: [ '4.1.2', '2.4.2', '3.0.0' ],
50 silly audit   cheerio: [ '1.0.0-rc.12' ],
50 silly audit   'cheerio-select': [ '2.1.0' ],
50 silly audit   'cli-cursor': [ '3.1.0' ],
50 silly audit   'cli-spinners': [ '2.9.2' ],
50 silly audit   cliui: [ '5.0.0' ],
50 silly audit   'ansi-regex': [ '4.1.1', '5.0.1' ],
50 silly audit   'string-width': [ '3.1.0' ],
50 silly audit   'strip-ansi': [ '5.2.0', '6.0.1' ],
50 silly audit   clone: [ '1.0.4' ],
50 silly audit   'color-convert': [ '2.0.1', '1.9.3' ],
50 silly audit   'color-name': [ '1.1.4', '1.1.3' ],
50 silly audit   'combined-stream': [ '1.0.8' ],
50 silly audit   commander: [ '2.20.3' ],
50 silly audit   'compress-commons': [ '2.1.1' ],
50 silly audit   'concat-map': [ '0.0.1' ],
50 silly audit   'concat-stream': [ '1.6.2' ],
50 silly audit   'content-disposition': [ '0.5.4' ],
50 silly audit   'content-type': [ '1.0.5' ],
50 silly audit   cookie: [ '0.5.0', '0.6.0', '0.4.2' ],
50 silly audit   'cookie-signature': [ '1.0.6', '1.0.7' ],
50 silly audit   'core-util-is': [ '1.0.3', '1.0.2' ],
50 silly audit   cors: [ '2.8.5' ],
50 silly audit   crc: [ '3.8.0' ],
50 silly audit   'crc32-stream': [ '3.0.1' ],
50 silly audit   'css-select': [ '5.1.0' ],
50 silly audit   'css-what': [ '6.1.0' ],
50 silly audit   dashdash: [ '1.14.1' ],
50 silly audit   decamelize: [ '1.2.0' ],
50 silly audit   defaults: [ '1.0.4' ],
50 silly audit   'define-data-property': [ '1.1.2' ],
50 silly audit   'define-properties': [ '1.2.1' ],
50 silly audit   'delayed-stream': [ '1.0.0' ],
50 silly audit   denque: [ '1.5.1' ],
50 silly audit   depd: [ '2.0.0' ],
50 silly audit   destroy: [ '1.2.0' ],
50 silly audit   'dom-serializer': [ '2.0.0' ],
50 silly audit   domelementtype: [ '2.3.0' ],
50 silly audit   domhandler: [ '5.0.3' ],
50 silly audit   domutils: [ '3.1.0' ],
50 silly audit   'ecc-jsbn': [ '0.1.2' ],
50 silly audit   'ecdsa-sig-formatter': [ '1.0.11' ],
50 silly audit   'ee-first': [ '1.1.1' ],
50 silly audit   ejs: [ '3.1.9' ],
50 silly audit   'emoji-regex': [ '7.0.3' ],
50 silly audit   encodeurl: [ '1.0.2' ],
50 silly audit   'end-of-stream': [ '1.4.4' ],
50 silly audit   entities: [ '4.5.0' ],
50 silly audit   'es-abstract': [ '1.22.3' ],
50 silly audit   'es-errors': [ '1.3.0' ],
50 silly audit   'es-set-tostringtag': [ '2.0.2' ],
50 silly audit   'es-shim-unscopables': [ '1.0.2' ],
50 silly audit   'es-to-primitive': [ '1.2.1' ],
50 silly audit   'escape-html': [ '1.0.3' ],
50 silly audit   'escape-string-regexp': [ '1.0.5' ],
50 silly audit   etag: [ '1.8.1' ],
50 silly audit   eventemitter3: [ '3.1.2' ],
50 silly audit   express: [ '4.18.2' ],
50 silly audit   'express-session': [ '1.18.0' ],
50 silly audit   extend: [ '3.0.2' ],
50 silly audit   extsprintf: [ '1.3.0' ],
50 silly audit   'fast-deep-equal': [ '3.1.3' ],
50 silly audit   'fast-json-stable-stringify': [ '2.1.0' ],
50 silly audit   'fast-xml-parser': [ '4.2.5' ],
50 silly audit   'file-type': [ '3.9.0' ],
50 silly audit   filelist: [ '1.0.4' ],
50 silly audit   minimatch: [ '5.1.6', '3.1.2' ],
50 silly audit   finalhandler: [ '1.2.0' ],
50 silly audit   'find-up': [ '3.0.0' ],
50 silly audit   'follow-redirects': [ '1.15.5' ],
50 silly audit   'for-each': [ '0.3.3' ],
50 silly audit   'forever-agent': [ '0.6.1' ],
50 silly audit   'form-data': [ '2.3.3', '4.0.0' ],
50 silly audit   forwarded: [ '0.2.0' ],
50 silly audit   fresh: [ '0.5.2' ],
50 silly audit   'fs-constants': [ '1.0.0' ],
50 silly audit   'fs.realpath': [ '1.0.0' ],
50 silly audit   'function-bind': [ '1.1.2' ],
50 silly audit   'function.prototype.name': [ '1.1.6' ],
50 silly audit   'functions-have-names': [ '1.2.3' ],
50 silly audit   'get-caller-file': [ '2.0.5' ],
50 silly audit   'get-intrinsic': [ '1.2.4' ],
50 silly audit   'get-symbol-description': [ '1.0.2' ],
50 silly audit   getpass: [ '0.1.7' ],
50 silly audit   glob: [ '7.2.3' ],
50 silly audit   globalthis: [ '1.0.3' ],
50 silly audit   gopd: [ '1.0.1' ],
50 silly audit   'graceful-fs': [ '4.2.11' ],
50 silly audit   'har-schema': [ '2.0.0' ],
50 silly audit   'har-validator': [ '5.1.5' ],
50 silly audit   'has-bigints': [ '1.0.2' ],
50 silly audit   'has-flag': [ '4.0.0', '3.0.0' ],
50 silly audit   'has-property-descriptors': [ '1.0.1' ],
50 silly audit   'has-proto': [ '1.0.1' ],
50 silly audit   'has-symbols': [ '1.0.3' ],
50 silly audit   'has-tostringtag': [ '1.0.2' ],
50 silly audit   hasown: [ '2.0.0' ],
50 silly audit   htmlparser2: [ '8.0.2' ],
50 silly audit   'http-errors': [ '2.0.0' ],
50 silly audit   'http-signature': [ '1.3.6', '1.2.0' ],
50 silly audit   'iconv-lite': [ '0.4.24' ],
50 silly audit   ieee754: [ '1.2.1' ],
50 silly audit   inflight: [ '1.0.6' ],
50 silly audit   inherits: [ '2.0.4' ],
50 silly audit   instatouch: [ '2.3.22' ],
50 silly audit   'internal-slot': [ '1.0.7' ],
50 silly audit   ip: [ '2.0.0' ],
50 silly audit   'ipaddr.js': [ '1.9.1' ],
50 silly audit   'is-array-buffer': [ '3.0.4' ],
50 silly audit   'is-bigint': [ '1.0.4' ],
50 silly audit   'is-boolean-object': [ '1.1.2' ],
50 silly audit   'is-callable': [ '1.2.7' ],
50 silly audit   'is-date-object': [ '1.0.5' ],
50 silly audit   'is-fullwidth-code-point': [ '2.0.0' ],
50 silly audit   'is-interactive': [ '1.0.0' ],
50 silly audit   'is-negative-zero': [ '2.0.2' ],
50 silly audit   'is-number-object': [ '1.0.7' ],
50 silly audit   'is-regex': [ '1.1.4' ],
50 silly audit   'is-shared-array-buffer': [ '1.0.2' ],
50 silly audit   'is-string': [ '1.0.7' ],
50 silly audit   'is-symbol': [ '1.0.4' ],
50 silly audit   'is-typed-array': [ '1.1.13' ],
50 silly audit   'is-typedarray': [ '1.0.0' ],
50 silly audit   'is-weakref': [ '1.0.2' ],
50 silly audit   isarray: [ '1.0.0', '2.0.5' ],
50 silly audit   isstream: [ '0.1.2' ],
50 silly audit   jake: [ '10.8.7' ],
50 silly audit   jsbn: [ '0.1.1' ],
50 silly audit   'json-schema': [ '0.4.0' ],
50 silly audit   'json-schema-traverse': [ '0.4.1' ],
50 silly audit   'json-stringify-safe': [ '5.0.1' ],
50 silly audit   json2csv: [ '4.5.1' ],
50 silly audit   jsonparse: [ '1.3.1' ],
50 silly audit   jsonwebtoken: [ '8.5.1' ],
50 silly audit   jsprim: [ '2.0.2', '1.4.2' ],
50 silly audit   jwa: [ '1.4.1' ],
50 silly audit   jws: [ '3.2.2' ],
50 silly audit   kareem: [ '2.5.1' ],
50 silly audit   lazystream: [ '1.0.1' ],
50 silly audit   'locate-path': [ '3.0.0' ],
50 silly audit   lodash: [ '4.17.21' ],
50 silly audit   'lodash.defaults': [ '4.2.0' ],
50 silly audit   'lodash.difference': [ '4.5.0' ],
50 silly audit   'lodash.flatten': [ '4.4.0' ],
50 silly audit   'lodash.get': [ '4.4.2' ],
50 silly audit   'lodash.includes': [ '4.3.0' ],
50 silly audit   'lodash.isboolean': [ '3.0.3' ],
50 silly audit   'lodash.isinteger': [ '4.0.4' ],
50 silly audit   'lodash.isnumber': [ '3.0.3' ],
50 silly audit   'lodash.isplainobject': [ '4.0.6' ],
50 silly audit   'lodash.isstring': [ '4.0.1' ],
50 silly audit   'lodash.once': [ '4.1.1' ],
50 silly audit   'lodash.union': [ '4.6.0' ],
50 silly audit   'log-symbols': [ '3.0.0' ],
50 silly audit   'supports-color': [ '5.5.0', '7.2.0' ],
50 silly audit   'lru-cache': [ '4.1.5' ],
50 silly audit   'media-typer': [ '0.3.0' ],
50 silly audit   'memory-pager': [ '1.5.0' ],
50 silly audit   memorystore: [ '1.6.7' ],
50 silly audit   'merge-descriptors': [ '1.0.1' ],
50 silly audit   methods: [ '1.1.2' ],
50 silly audit   mime: [ '1.6.0' ],
50 silly audit   'mime-db': [ '1.52.0' ],
50 silly audit   'mime-types': [ '2.1.35' ],
50 silly audit   'mimic-fn': [ '2.1.0' ],
50 silly audit   minimist: [ '0.0.10', '1.2.8' ],
50 silly audit   mkdirp: [ '0.5.6' ],
50 silly audit   moment: [ '2.30.1' ],
50 silly audit   'moment-timezone': [ '0.5.45' ],
50 silly audit   mongodb: [ '4.17.2', '3.7.4' ],
50 silly audit   'mongodb-connection-string-url': [ '2.6.0' ],
50 silly audit   mongoose: [ '6.12.6' ],
50 silly audit   monk: [ '7.3.4' ],
50 silly audit   'monk-middleware-cast-ids': [ '0.2.1' ],
50 silly audit   'monk-middleware-fields': [ '0.2.0' ],
50 silly audit   'monk-middleware-handle-callback': [ '0.2.2' ],
50 silly audit   'monk-middleware-options': [ '0.2.1' ],
50 silly audit   'monk-middleware-query': [ '0.2.0' ],
50 silly audit   'monk-middleware-wait-for-connection': [ '0.2.0' ],
50 silly audit   morgan: [ '1.10.0' ],
50 silly audit   'on-finished': [ '2.3.0', '2.4.1' ],
50 silly audit   mpath: [ '0.9.0' ],
50 silly audit   mquery: [ '4.0.3' ],
50 silly audit   'mute-stream': [ '0.0.8' ],
50 silly audit   needle: [ '2.9.1' ],
50 silly audit   negotiator: [ '0.6.3' ],
50 silly audit   'node-fetch': [ '2.7.0', '2.6.7' ],
50 silly audit   tr46: [ '0.0.3', '3.0.0' ],
50 silly audit   'webidl-conversions': [ '3.0.1', '7.0.0' ],
50 silly audit   'whatwg-url': [ '5.0.0', '11.0.0' ],
50 silly audit   'node-telegram-bot-api': [ '0.64.0' ],
50 silly audit   nodejs: [ '0.0.0' ],
50 silly audit   nodemailer: [ '6.9.9' ],
50 silly audit   'normalize-path': [ '3.0.0' ],
50 silly audit   'nth-check': [ '2.1.1' ],
50 silly audit   'oauth-sign': [ '0.9.0' ],
50 silly audit   'object-assign': [ '4.1.1' ],
50 silly audit   'object-inspect': [ '1.13.1' ],
50 silly audit   'object-keys': [ '1.1.1' ],
50 silly audit   'object.assign': [ '4.1.5' ],
50 silly audit   'on-headers': [ '1.0.2' ],
50 silly audit   once: [ '1.4.0' ],
50 silly audit   onetime: [ '5.1.2' ],
50 silly audit   optimist: [ '0.6.1' ],
50 silly audit   'optional-require': [ '1.1.8' ],
50 silly audit   ora: [ '4.1.1' ],
50 silly audit   'p-limit': [ '2.3.0' ],
50 silly audit   'p-locate': [ '3.0.0' ],
50 silly audit   'p-try': [ '2.2.0' ],
50 silly audit   parse5: [ '7.1.2' ],
50 silly audit   'parse5-htmlparser2-tree-adapter': [ '7.0.0' ],
50 silly audit   parseurl: [ '1.3.3' ],
50 silly audit   'paste.gg': [ '1.0.5' ],
50 silly audit   'path-exists': [ '3.0.0' ],
50 silly audit   'path-is-absolute': [ '1.0.1' ],
50 silly audit   'path-to-regexp': [ '0.1.7' ],
50 silly audit   'performance-now': [ '2.1.0' ],
50 silly audit   'process-nextick-args': [ '2.0.1' ],
50 silly audit   progress: [ '2.0.3' ],
50 silly audit   'proxy-addr': [ '2.0.7' ],
50 silly audit   pseudomap: [ '1.0.2' ],
50 silly audit   psl: [ '1.9.0' ],
50 silly audit   pump: [ '2.0.1' ],
50 silly audit   punycode: [ '2.3.1' ],
50 silly audit   querystringify: [ '2.2.0' ],
50 silly audit   'random-bytes': [ '1.0.0' ],
50 silly audit   'range-parser': [ '1.2.1' ],
50 silly audit   'raw-body': [ '2.5.1' ],
50 silly audit   'regexp.prototype.flags': [ '1.5.1' ],
50 silly audit   request: [ '2.88.2' ],
50 silly audit   'request-promise': [ '4.2.6' ],
50 silly audit   'request-promise-core': [ '1.1.3', '1.1.4' ],
50 silly audit   'tough-cookie': [ '2.5.0', '4.1.3' ],
50 silly audit   uuid: [ '3.4.0', '8.3.2' ],
50 silly audit   'require-at': [ '1.0.6' ],
50 silly audit   'require-directory': [ '2.1.1' ],
50 silly audit   'require-main-filename': [ '2.0.0' ],
50 silly audit   'requires-port': [ '1.0.0' ],
50 silly audit   'restore-cursor': [ '3.1.0' ],
50 silly audit   'safe-array-concat': [ '1.1.0' ],
50 silly audit   'safe-regex-test': [ '1.0.3' ],
50 silly audit   'safer-buffer': [ '2.1.2' ],
50 silly audit   saslprep: [ '1.0.3' ],
50 silly audit   sax: [ '1.3.0' ],
50 silly audit   semver: [ '5.7.2' ],
50 silly audit   send: [ '0.18.0' ],
50 silly audit   'serve-static': [ '1.15.0' ],
50 silly audit   'set-blocking': [ '2.0.0' ],
50 silly audit   'set-function-length': [ '1.2.1' ],
50 silly audit   'set-function-name': [ '2.0.1' ],
50 silly audit   setprototypeof: [ '1.2.0' ],
50 silly audit   'side-channel': [ '1.0.5' ],
50 silly audit   sift: [ '16.0.1' ],
50 silly audit   'signal-exit': [ '3.0.7' ],
50 silly audit   'smart-buffer': [ '4.2.0' ],
50 silly audit   socks: [ '2.7.1' ],
50 silly audit   'socks-proxy-agent': [ '5.0.1' ],
50 silly audit   'sparse-bitfield': [ '3.0.3' ],
50 silly audit   sshpk: [ '1.18.0' ],
50 silly audit   'ssl-express-www': [ '3.2.1' ],
50 silly audit   statuses: [ '2.0.1' ],
50 silly audit   'stealthy-require': [ '1.1.1' ],
50 silly audit   streamsearch: [ '1.1.0' ],
50 silly audit   string_decoder: [ '1.1.1' ],
50 silly audit   'string.prototype.trim': [ '1.2.8' ],
50 silly audit   'string.prototype.trimend': [ '1.0.7' ],
50 silly audit   'string.prototype.trimstart': [ '1.0.7' ],
50 silly audit   strnum: [ '1.0.5' ],
50 silly audit   'tar-stream': [ '2.2.0' ],
50 silly audit   'textmaker-thiccy': [ '1.3.1' ],
50 silly audit   tinyurl: [ '1.1.7' ],
50 silly audit   toidentifier: [ '1.0.1' ],
50 silly audit   'tunnel-agent': [ '0.6.0' ],
50 silly audit   tweetnacl: [ '0.14.5' ],
50 silly audit   'type-is': [ '1.6.18' ],
50 silly audit   'typed-array-buffer': [ '1.0.1' ],
50 silly audit   'typed-array-byte-length': [ '1.0.0' ],
50 silly audit   'typed-array-byte-offset': [ '1.0.0' ],
50 silly audit   'typed-array-length': [ '1.0.4' ],
50 silly audit   typedarray: [ '0.0.6' ],
50 silly audit   'uid-safe': [ '2.1.5' ],
50 silly audit   'unbox-primitive': [ '1.0.2' ],
50 silly audit   'undici-types': [ '5.26.5' ],
50 silly audit   universalify: [ '0.2.0' ],
50 silly audit   unpipe: [ '1.0.0' ],
50 silly audit   'uri-js': [ '4.4.1' ],
50 silly audit   'url-parse': [ '1.5.10' ],
50 silly audit   'util-deprecate': [ '1.0.2' ],
50 silly audit   'utils-merge': [ '1.0.1' ],
50 silly audit   vary: [ '1.1.2' ],
50 silly audit   verror: [ '1.10.0' ],
50 silly audit   wcwidth: [ '1.0.1' ],
50 silly audit   'which-boxed-primitive': [ '1.0.2' ],
50 silly audit   'which-module': [ '2.0.1' ],
50 silly audit   'which-typed-array': [ '1.1.14' ],
50 silly audit   wordwrap: [ '0.0.3' ],
50 silly audit   'wrap-ansi': [ '5.1.0' ],
50 silly audit   wrappy: [ '1.0.2' ],
50 silly audit   xtend: [ '4.0.2' ],
50 silly audit   y18n: [ '4.0.3' ],
50 silly audit   yallist: [ '2.1.2' ],
50 silly audit   yargs: [ '14.2.3' ],
50 silly audit   'yargs-parser': [ '15.0.3' ],
50 silly audit   yarn: [ '1.22.22' ],
50 silly audit   'zip-stream': [ '2.1.3' ],
50 silly audit   zrapi: [ '0.0.6' ],
50 silly audit   multer: [ '1.4.5-lts.2' ],
50 silly audit   'ytdl-core': [ '4.11.5' ],
50 silly audit   m3u8stream: [ '0.8.6' ],
50 silly audit   miniget: [ '4.2.3' ]
50 silly audit }
51 http cache miniget@https://registry.npmjs.org/miniget/-/miniget-4.2.3.tgz 0ms (cache hit)
52 http cache sshpk@https://registry.npmjs.org/sshpk/-/sshpk-1.18.0.tgz 0ms (cache hit)
53 http cache yarn@https://registry.npmjs.org/yarn/-/yarn-1.22.22.tgz 0ms (cache hit)
54 http cache ytdl-core@https://registry.npmjs.org/ytdl-core/-/ytdl-core-4.11.5.tgz 0ms (cache hit)
55 http cache uuid@https://registry.npmjs.org/uuid/-/uuid-8.3.2.tgz 0ms (cache hit)
56 http cache m3u8stream@https://registry.npmjs.org/m3u8stream/-/m3u8stream-0.8.6.tgz 0ms (cache hit)
57 http cache semver@https://registry.npmjs.org/semver/-/semver-5.7.2.tgz 0ms (cache hit)
58 http cache needle@https://registry.npmjs.org/needle/-/needle-2.9.1.tgz 0ms (cache hit)
59 http cache mime@https://registry.npmjs.org/mime/-/mime-1.6.0.tgz 0ms (cache hit)
60 http cache mkdirp@https://registry.npmjs.org/mkdirp/-/mkdirp-0.5.6.tgz 0ms (cache hit)
61 http cache json2csv@https://registry.npmjs.org/json2csv/-/json2csv-4.5.1.tgz 0ms (cache hit)
62 http cache instatouch@https://registry.npmjs.org/instatouch/-/instatouch-2.3.22.tgz 0ms (cache hit)
63 http cache ejs@https://registry.npmjs.org/ejs/-/ejs-3.1.9.tgz 0ms (cache hit)
64 http cache base32@https://registry.npmjs.org/base32/-/base32-0.0.6.tgz 0ms (cache hit)
65 http cache jake@https://registry.npmjs.org/jake/-/jake-10.8.7.tgz 0ms (cache hit)
66 http cache fast-xml-parser@https://registry.npmjs.org/fast-xml-parser/-/fast-xml-parser-4.2.5.tgz 0ms (cache hit)
67 silly tarball no local data for miniget@https://registry.npmjs.org/miniget/-/miniget-4.2.3.tgz. Extracting by manifest.
68 silly tarball no local data for sshpk@https://registry.npmjs.org/sshpk/-/sshpk-1.18.0.tgz. Extracting by manifest.
69 silly tarball no local data for yarn@https://registry.npmjs.org/yarn/-/yarn-1.22.22.tgz. Extracting by manifest.
70 silly tarball no local data for ytdl-core@https://registry.npmjs.org/ytdl-core/-/ytdl-core-4.11.5.tgz. Extracting by manifest.
71 silly tarball no local data for uuid@https://registry.npmjs.org/uuid/-/uuid-8.3.2.tgz. Extracting by manifest.
72 silly tarball no local data for m3u8stream@https://registry.npmjs.org/m3u8stream/-/m3u8stream-0.8.6.tgz. Extracting by manifest.
73 http cache uuid@https://registry.npmjs.org/uuid/-/uuid-3.4.0.tgz 0ms (cache hit)
74 silly tarball no local data for semver@https://registry.npmjs.org/semver/-/semver-5.7.2.tgz. Extracting by manifest.
75 silly tarball no local data for needle@https://registry.npmjs.org/needle/-/needle-2.9.1.tgz. Extracting by manifest.
76 silly tarball no local data for mime@https://registry.npmjs.org/mime/-/mime-1.6.0.tgz. Extracting by manifest.
77 silly tarball no local data for mkdirp@https://registry.npmjs.org/mkdirp/-/mkdirp-0.5.6.tgz. Extracting by manifest.
78 silly tarball no local data for json2csv@https://registry.npmjs.org/json2csv/-/json2csv-4.5.1.tgz. Extracting by manifest.
79 silly tarball no local data for instatouch@https://registry.npmjs.org/instatouch/-/instatouch-2.3.22.tgz. Extracting by manifest.
80 silly tarball no local data for ejs@https://registry.npmjs.org/ejs/-/ejs-3.1.9.tgz. Extracting by manifest.
81 silly tarball no local data for base32@https://registry.npmjs.org/base32/-/base32-0.0.6.tgz. Extracting by manifest.
82 silly tarball no local data for jake@https://registry.npmjs.org/jake/-/jake-10.8.7.tgz. Extracting by manifest.
83 silly tarball no local data for fast-xml-parser@https://registry.npmjs.org/fast-xml-parser/-/fast-xml-parser-4.2.5.tgz. Extracting by manifest.
84 silly tarball no local data for uuid@https://registry.npmjs.org/uuid/-/uuid-3.4.0.tgz. Extracting by manifest.
85 http fetch POST 200 https://registry.npmjs.org/-/npm/v1/security/advisories/bulk 1304ms
86 silly audit report {
86 silly audit report   axios: [
86 silly audit report     {
86 silly audit report       id: 1103617,
86 silly audit report       url: 'https://github.com/advisories/GHSA-jr5f-v2jv-69x6',
86 silly audit report       title: 'axios Requests Vulnerable To Possible SSRF and Credential Leakage via Absolute URL',
86 silly audit report       severity: 'high',
86 silly audit report       vulnerable_versions: '<0.30.0',
86 silly audit report       cwe: [Array],
86 silly audit report       cvss: [Object]
86 silly audit report     },
86 silly audit report     {
86 silly audit report       id: 1097679,
86 silly audit report       url: 'https://github.com/advisories/GHSA-wf5p-g6vw-rhxx',
86 silly audit report       title: 'Axios Cross-Site Request Forgery Vulnerability',
86 silly audit report       severity: 'moderate',
86 silly audit report       vulnerable_versions: '>=0.8.1 <0.28.0',
86 silly audit report       cwe: [Array],
86 silly audit report       cvss: [Object]
86 silly audit report     }
86 silly audit report   ],
86 silly audit report   'body-parser': [
86 silly audit report     {
86 silly audit report       id: 1099520,
86 silly audit report       url: 'https://github.com/advisories/GHSA-qwcr-r2fm-qrc7',
86 silly audit report       title: 'body-parser vulnerable to denial of service when url encoding is enabled',
86 silly audit report       severity: 'high',
86 silly audit report       vulnerable_versions: '<1.20.3',
86 silly audit report       cwe: [Array],
86 silly audit report       cvss: [Object]
86 silly audit report     }
86 silly audit report   ],
86 silly audit report   cookie: [
86 silly audit report     {
86 silly audit report       id: 1099846,
86 silly audit report       url: 'https://github.com/advisories/GHSA-pxg6-pf52-xh8x',
86 silly audit report       title: 'cookie accepts cookie name, path, and domain with out of bounds characters',
86 silly audit report       severity: 'low',
86 silly audit report       vulnerable_versions: '<0.7.0',
86 silly audit report       cwe: [Array],
86 silly audit report       cvss: [Object]
86 silly audit report     }
86 silly audit report   ],
86 silly audit report   ejs: [
86 silly audit report     {
86 silly audit report       id: 1098366,
86 silly audit report       url: 'https://github.com/advisories/GHSA-ghr5-ch3p-vcr6',
86 silly audit report       title: 'ejs lacks certain pollution protection',
86 silly audit report       severity: 'moderate',
86 silly audit report       vulnerable_versions: '<3.1.10',
86 silly audit report       cwe: [Array],
86 silly audit report       cvss: [Object]
86 silly audit report     }
86 silly audit report   ],
86 silly audit report   express: [
86 silly audit report     {
86 silly audit report       id: 1100530,
86 silly audit report       url: 'https://github.com/advisories/GHSA-qw6h-vgh9-j6wx',
86 silly audit report       title: 'express vulnerable to XSS via response.redirect()',
86 silly audit report       severity: 'low',
86 silly audit report       vulnerable_versions: '<4.20.0',
86 silly audit report       cwe: [Array],
86 silly audit report       cvss: [Object]
86 silly audit report     },
86 silly audit report     {
86 silly audit report       id: 1096820,
86 silly audit report       url: 'https://github.com/advisories/GHSA-rv95-896h-c2vc',
86 silly audit report       title: 'Express.js Open Redirect in malformed URLs',
86 silly audit report       severity: 'moderate',
86 silly audit report       vulnerable_versions: '<4.19.2',
86 silly audit report       cwe: [Array],
86 silly audit report       cvss: [Object]
86 silly audit report     }
86 silly audit report   ],
86 silly audit report   'follow-redirects': [
86 silly audit report     {
86 silly audit report       id: 1096856,
86 silly audit report       url: 'https://github.com/advisories/GHSA-cxjh-pqwp-8mfp',
86 silly audit report       title: "follow-redirects' Proxy-Authorization header kept across hosts",
86 silly audit report       severity: 'moderate',
86 silly audit report       vulnerable_versions: '<=1.15.5',
86 silly audit report       cwe: [Array],
86 silly audit report       cvss: [Object]
86 silly audit report     }
86 silly audit report   ],
86 silly audit report   ip: [
86 silly audit report     {
86 silly audit report       id: 1101851,
86 silly audit report       url: 'https://github.com/advisories/GHSA-2p57-rm9w-gvfp',
86 silly audit report       title: 'ip SSRF improper categorization in isPublic',
86 silly audit report       severity: 'high',
86 silly audit report       vulnerable_versions: '<=2.0.1',
86 silly audit report       cwe: [Array],
86 silly audit report       cvss: [Object]
86 silly audit report     },
86 silly audit report     {
86 silly audit report       id: 1097721,
86 silly audit report       url: 'https://github.com/advisories/GHSA-78xj-cgh5-2h22',
86 silly audit report       title: 'NPM IP package incorrectly identifies some private IP addresses as public',
86 silly audit report       severity: 'low',
86 silly audit report       vulnerable_versions: '=2.0.0',
86 silly audit report       cwe: [Array],
86 silly audit report       cvss: [Object]
86 silly audit report     }
86 silly audit report   ],
86 silly audit report   jsonwebtoken: [
86 silly audit report     {
86 silly audit report       id: 1102458,
86 silly audit report       url: 'https://github.com/advisories/GHSA-qwph-4952-7xr6',
86 silly audit report       title: 'jsonwebtoken vulnerable to signature validation bypass due to insecure default algorithm in jwt.verify()',
86 silly audit report       severity: 'moderate',
86 silly audit report       vulnerable_versions: '<9.0.0',
86 silly audit report       cwe: [Array],
86 silly audit report       cvss: [Object]
86 silly audit report     },
86 silly audit report     {
86 silly audit report       id: 1097690,
86 silly audit report       url: 'https://github.com/advisories/GHSA-8cf7-32gw-wr33',
86 silly audit report       title: 'jsonwebtoken unrestricted key type could lead to legacy keys usage ',
86 silly audit report       severity: 'high',
86 silly audit report       vulnerable_versions: '<=8.5.1',
86 silly audit report       cwe: [Array],
86 silly audit report       cvss: [Object]
86 silly audit report     },
86 silly audit report     {
86 silly audit report       id: 1097694,
86 silly audit report       url: 'https://github.com/advisories/GHSA-hjrf-2m68-5959',
86 silly audit report       title: "jsonwebtoken's insecure implementation of key retrieval function could lead to Forgeable Public/Private Tokens from RSA to HMAC",
86 silly audit report       severity: 'moderate',
86 silly audit report       vulnerable_versions: '<=8.5.1',
86 silly audit report       cwe: [Array],
86 silly audit report       cvss: [Object]
86 silly audit report     }
86 silly audit report   ],
86 silly audit report   minimist: [
86 silly audit report     {
86 silly audit report       id: 1097677,
86 silly audit report       url: 'https://github.com/advisories/GHSA-xvch-5gv4-984h',
86 silly audit report       title: 'Prototype Pollution in minimist',
86 silly audit report       severity: 'critical',
86 silly audit report       vulnerable_versions: '<0.2.4',
86 silly audit report       cwe: [Array],
86 silly audit report       cvss: [Object]
86 silly audit report     },
86 silly audit report     {
86 silly audit report       id: 1096466,
86 silly audit report       url: 'https://github.com/advisories/GHSA-vh95-rmgr-6w4m',
86 silly audit report       title: 'Prototype Pollution in minimist',
86 silly audit report       severity: 'moderate',
86 silly audit report       vulnerable_versions: '<0.2.1',
86 silly audit report       cwe: [Array],
86 silly audit report       cvss: [Object]
86 silly audit report     }
86 silly audit report   ],
86 silly audit report   mongoose: [
86 silly audit report     {
86 silly audit report       id: 1101061,
86 silly audit report       url: 'https://github.com/advisories/GHSA-m7xq-9374-9rvx',
86 silly audit report       title: 'Mongoose search injection vulnerability',
86 silly audit report       severity: 'high',
86 silly audit report       vulnerable_versions: '<6.13.5',
86 silly audit report       cwe: [Array],
86 silly audit report       cvss: [Object]
86 silly audit report     },
86 silly audit report     {
86 silly audit report       id: 1101838,
86 silly audit report       url: 'https://github.com/advisories/GHSA-vg7j-7cwx-8wgw',
86 silly audit report       title: 'Mongoose search injection vulnerability',
86 silly audit report       severity: 'critical',
86 silly audit report       vulnerable_versions: '<6.13.6',
86 silly audit report       cwe: [Array],
86 silly audit report       cvss: [Object]
86 silly audit report     }
86 silly audit report   ],
86 silly audit report   'path-to-regexp': [
86 silly audit report     {
86 silly audit report       id: 1101844,
86 silly audit report       url: 'https://github.com/advisories/GHSA-rhx6-c78j-4q9w',
86 silly audit report       title: 'Unpatched `path-to-regexp` ReDoS in 0.1.x',
86 silly audit report       severity: 'high',
86 silly audit report       vulnerable_versions: '<0.1.12',
86 silly audit report       cwe: [Array],
86 silly audit report       cvss: [Object]
86 silly audit report     },
86 silly audit report     {
86 silly audit report       id: 1101850,
86 silly audit report       url: 'https://github.com/advisories/GHSA-9wv6-86v2-598j',
86 silly audit report       title: 'path-to-regexp outputs backtracking regular expressions',
86 silly audit report       severity: 'high',
86 silly audit report       vulnerable_versions: '<0.1.10',
86 silly audit report       cwe: [Array],
86 silly audit report       cvss: [Object]
86 silly audit report     }
86 silly audit report   ],
86 silly audit report   request: [
86 silly audit report     {
86 silly audit report       id: 1096727,
86 silly audit report       url: 'https://github.com/advisories/GHSA-p8p7-x288-28g6',
86 silly audit report       title: 'Server-Side Request Forgery in Request',
86 silly audit report       severity: 'moderate',
86 silly audit report       vulnerable_versions: '<=2.88.2',
86 silly audit report       cwe: [Array],
86 silly audit report       cvss: [Object]
86 silly audit report     }
86 silly audit report   ],
86 silly audit report   'tough-cookie': [
86 silly audit report     {
86 silly audit report       id: 1097682,
86 silly audit report       url: 'https://github.com/advisories/GHSA-72xf-g2v4-qvf3',
86 silly audit report       title: 'tough-cookie Prototype Pollution vulnerability',
86 silly audit report       severity: 'moderate',
86 silly audit report       vulnerable_versions: '<4.1.3',
86 silly audit report       cwe: [Array],
86 silly audit report       cvss: [Object]
86 silly audit report     }
86 silly audit report   ],
86 silly audit report   send: [
86 silly audit report     {
86 silly audit report       id: 1100526,
86 silly audit report       url: 'https://github.com/advisories/GHSA-m6fv-jmcg-4jfg',
86 silly audit report       title: 'send vulnerable to template injection that can lead to XSS',
86 silly audit report       severity: 'low',
86 silly audit report       vulnerable_versions: '<0.19.0',
86 silly audit report       cwe: [Array],
86 silly audit report       cvss: [Object]
86 silly audit report     }
86 silly audit report   ],
86 silly audit report   'serve-static': [
86 silly audit report     {
86 silly audit report       id: 1100528,
86 silly audit report       url: 'https://github.com/advisories/GHSA-cm22-4g7w-348p',
86 silly audit report       title: 'serve-static vulnerable to template injection that can lead to XSS',
86 silly audit report       severity: 'low',
86 silly audit report       vulnerable_versions: '<1.16.0',
86 silly audit report       cwe: [Array],
86 silly audit report       cvss: [Object]
86 silly audit report     }
86 silly audit report   ]
86 silly audit report }
87 silly packumentCache corgi:https://registry.npmjs.org/axios cache-miss
88 silly packumentCache corgi:https://registry.npmjs.org/body-parser cache-miss
89 silly packumentCache corgi:https://registry.npmjs.org/cookie cache-miss
90 silly packumentCache corgi:https://registry.npmjs.org/ejs cache-miss
91 silly packumentCache corgi:https://registry.npmjs.org/express cache-miss
92 silly packumentCache corgi:https://registry.npmjs.org/follow-redirects cache-miss
93 silly packumentCache corgi:https://registry.npmjs.org/ip cache-miss
94 silly packumentCache corgi:https://registry.npmjs.org/jsonwebtoken cache-miss
95 silly packumentCache corgi:https://registry.npmjs.org/minimist cache-miss
96 silly packumentCache corgi:https://registry.npmjs.org/mongoose cache-miss
97 silly packumentCache corgi:https://registry.npmjs.org/path-to-regexp cache-miss
98 silly packumentCache corgi:https://registry.npmjs.org/request cache-miss
99 silly packumentCache corgi:https://registry.npmjs.org/tough-cookie cache-miss
100 silly packumentCache corgi:https://registry.npmjs.org/send cache-miss
101 silly packumentCache corgi:https://registry.npmjs.org/serve-static cache-miss
102 http fetch GET 200 https://registry.npmjs.org/miniget/-/miniget-4.2.3.tgz 4697ms (cache miss)
103 http fetch GET 200 https://registry.npmjs.org/uuid/-/uuid-3.4.0.tgz 4598ms (cache miss)
104 http fetch GET 200 https://registry.npmjs.org/mkdirp/-/mkdirp-0.5.6.tgz 4993ms (cache miss)
105 http fetch GET 200 https://registry.npmjs.org/cookie 3890ms (cache miss)
106 silly packumentCache corgi:https://registry.npmjs.org/cookie set size:undefined disposed:false
107 http fetch GET 200 https://registry.npmjs.org/ip 3992ms (cache miss)
108 silly packumentCache corgi:https://registry.npmjs.org/ip set size:undefined disposed:false
109 http fetch GET 200 https://registry.npmjs.org/body-parser 4093ms (cache miss)
110 silly packumentCache corgi:https://registry.npmjs.org/body-parser set size:undefined disposed:false
111 http fetch GET 200 https://registry.npmjs.org/minimist 4106ms (cache miss)
112 silly packumentCache corgi:https://registry.npmjs.org/minimist set size:undefined disposed:false
113 http fetch GET 200 https://registry.npmjs.org/serve-static 4106ms (cache miss)
114 silly packumentCache corgi:https://registry.npmjs.org/serve-static set size:undefined disposed:false
115 http fetch GET 200 https://registry.npmjs.org/base32/-/base32-0.0.6.tgz 5395ms (cache miss)
116 warn deprecated uuid@3.4.0: Please upgrade  to version 7 or higher.  Older versions may use Math.random() in certain circumstances, which is known to be problematic.  See https://v8.dev/blog/math-random for details.
117 http fetch GET 200 https://registry.npmjs.org/path-to-regexp 4300ms (cache miss)
118 silly packumentCache corgi:https://registry.npmjs.org/path-to-regexp set size:undefined disposed:false
119 http fetch GET 200 https://registry.npmjs.org/request 4500ms (cache miss)
120 silly packumentCache corgi:https://registry.npmjs.org/request set size:undefined disposed:false
121 http fetch GET 200 https://registry.npmjs.org/send 4598ms (cache miss)
122 silly packumentCache corgi:https://registry.npmjs.org/send set size:undefined disposed:false
123 http fetch GET 200 https://registry.npmjs.org/axios 4794ms (cache miss)
124 silly packumentCache corgi:https://registry.npmjs.org/axios set size:undefined disposed:false
125 http fetch GET 200 https://registry.npmjs.org/tough-cookie 4902ms (cache miss)
126 silly packumentCache corgi:https://registry.npmjs.org/tough-cookie set size:undefined disposed:false
127 http fetch GET 200 https://registry.npmjs.org/jsonwebtoken 5190ms (cache miss)
128 silly packumentCache corgi:https://registry.npmjs.org/jsonwebtoken set size:undefined disposed:false
129 http fetch GET 200 https://registry.npmjs.org/semver/-/semver-5.7.2.tgz 6400ms (cache miss)
130 http fetch GET 200 https://registry.npmjs.org/fast-xml-parser/-/fast-xml-parser-4.2.5.tgz 6391ms (cache miss)
131 http fetch GET 200 https://registry.npmjs.org/ejs 5292ms (cache miss)
132 silly packumentCache corgi:https://registry.npmjs.org/ejs set size:undefined disposed:false
133 http fetch GET 200 https://registry.npmjs.org/follow-redirects 5589ms (cache miss)
134 silly packumentCache corgi:https://registry.npmjs.org/follow-redirects set size:undefined disposed:false
135 http fetch GET 200 https://registry.npmjs.org/mime/-/mime-1.6.0.tgz 6797ms (cache miss)
136 http fetch GET 200 https://registry.npmjs.org/m3u8stream/-/m3u8stream-0.8.6.tgz 7697ms (cache miss)
137 http fetch GET 200 https://registry.npmjs.org/json2csv/-/json2csv-4.5.1.tgz 7695ms (cache miss)
138 warn deprecated json2csv@4.5.1: Package no longer supported. Contact Support at https://www.npmjs.com/support for more info.
139 http fetch GET 200 https://registry.npmjs.org/ytdl-core/-/ytdl-core-4.11.5.tgz 7804ms (cache miss)
140 http fetch GET 200 https://registry.npmjs.org/ejs/-/ejs-3.1.9.tgz 7797ms (cache miss)
141 http fetch GET 200 https://registry.npmjs.org/express 6788ms (cache miss)
142 silly packumentCache corgi:https://registry.npmjs.org/express set size:undefined disposed:false
143 http fetch GET 200 https://registry.npmjs.org/instatouch/-/instatouch-2.3.22.tgz 8195ms (cache miss)
144 http fetch GET 200 https://registry.npmjs.org/jake/-/jake-10.8.7.tgz 8789ms (cache miss)
145 http fetch GET 200 https://registry.npmjs.org/sshpk/-/sshpk-1.18.0.tgz 8895ms (cache miss)
146 http fetch GET 200 https://registry.npmjs.org/needle/-/needle-2.9.1.tgz 8799ms (cache miss)
147 http fetch GET 200 https://registry.npmjs.org/uuid/-/uuid-8.3.2.tgz 8802ms (cache miss)
148 http fetch GET 200 https://registry.npmjs.org/mongoose 7706ms (cache miss)
149 silly packumentCache corgi:https://registry.npmjs.org/mongoose set size:undefined disposed:false
150 silly packumentCache corgi:https://registry.npmjs.org/textmaker-thiccy cache-miss
151 silly packumentCache corgi:https://registry.npmjs.org/zrapi cache-miss
152 http fetch GET 200 https://registry.npmjs.org/zrapi 405ms (cache miss)
153 silly packumentCache corgi:https://registry.npmjs.org/zrapi set size:undefined disposed:false
154 http fetch GET 200 https://registry.npmjs.org/textmaker-thiccy 408ms (cache miss)
155 silly packumentCache corgi:https://registry.npmjs.org/textmaker-thiccy set size:undefined disposed:false
156 silly packumentCache corgi:https://registry.npmjs.org/express-session cache-miss
157 http fetch GET 200 https://registry.npmjs.org/yarn/-/yarn-1.22.22.tgz 11403ms (cache miss)
158 info run yarn@1.22.22 preinstall node_modules/yarn :; (node ./preinstall.js > /dev/null 2>&1 || true)
159 http fetch GET 200 https://registry.npmjs.org/express-session 597ms (cache miss)
160 silly packumentCache corgi:https://registry.npmjs.org/express-session set size:undefined disposed:false
161 silly packumentCache corgi:https://registry.npmjs.org/ssl-express-www cache-miss
162 info run yarn@1.22.22 preinstall { code: 0, signal: null }
163 http fetch GET 200 https://registry.npmjs.org/ssl-express-www 709ms (cache miss)
164 silly packumentCache corgi:https://registry.npmjs.org/ssl-express-www set size:undefined disposed:false
165 silly packumentCache corgi:https://registry.npmjs.org/socks cache-miss
166 http fetch GET 200 https://registry.npmjs.org/socks 101ms (cache miss)
167 silly packumentCache corgi:https://registry.npmjs.org/socks set size:undefined disposed:false
168 silly packumentCache corgi:https://registry.npmjs.org/optimist cache-miss
169 http fetch GET 200 https://registry.npmjs.org/optimist 96ms (cache miss)
170 silly packumentCache corgi:https://registry.npmjs.org/optimist set size:undefined disposed:false
171 silly packumentCache corgi:https://registry.npmjs.org/instatouch cache-miss
172 silly packumentCache corgi:https://registry.npmjs.org/request-promise cache-miss
173 silly packumentCache corgi:https://registry.npmjs.org/request-promise-core cache-miss
174 http fetch GET 200 https://registry.npmjs.org/request-promise-core 192ms (cache miss)
175 silly packumentCache corgi:https://registry.npmjs.org/request-promise-core set size:undefined disposed:false
176 http fetch GET 200 https://registry.npmjs.org/request-promise 195ms (cache miss)
177 silly packumentCache corgi:https://registry.npmjs.org/request-promise set size:undefined disposed:false
178 http fetch GET 200 https://registry.npmjs.org/instatouch 392ms (cache miss)
179 silly packumentCache corgi:https://registry.npmjs.org/instatouch set size:undefined disposed:false
180 silly packumentCache corgi:https://registry.npmjs.org/mongodb cache-miss
181 silly packumentCache corgi:https://registry.npmjs.org/socks-proxy-agent cache-miss
182 http fetch GET 200 https://registry.npmjs.org/socks-proxy-agent 104ms (cache miss)
183 silly packumentCache corgi:https://registry.npmjs.org/socks-proxy-agent set size:undefined disposed:false
184 http fetch GET 200 https://registry.npmjs.org/mongodb 398ms (cache miss)
185 silly packumentCache corgi:https://registry.npmjs.org/mongodb set size:undefined disposed:false
186 silly packumentCache corgi:https://registry.npmjs.org/base32 cache-miss
187 http fetch GET 200 https://registry.npmjs.org/base32 361ms (cache miss)
188 silly packumentCache corgi:https://registry.npmjs.org/base32 set size:undefined disposed:false
189 silly packumentCache corgi:https://registry.npmjs.org/@cypress%2frequest-promise cache-miss
190 http fetch GET 200 https://registry.npmjs.org/@cypress%2frequest-promise 199ms (cache miss)
191 silly packumentCache corgi:https://registry.npmjs.org/@cypress%2frequest-promise set size:undefined disposed:false
192 silly packumentCache corgi:https://registry.npmjs.org/node-telegram-bot-api cache-miss
193 http fetch GET 200 https://registry.npmjs.org/node-telegram-bot-api 208ms (cache miss)
194 silly packumentCache corgi:https://registry.npmjs.org/node-telegram-bot-api set size:undefined disposed:false
195 silly ADD node_modules/miniget
196 silly ADD node_modules/m3u8stream
197 silly ADD node_modules/ytdl-core
198 silly CHANGE node_modules/sshpk
199 silly CHANGE node_modules/yarn
200 silly CHANGE node_modules/uuid
201 silly CHANGE node_modules/semver
202 silly CHANGE node_modules/request/node_modules/uuid
203 silly CHANGE node_modules/needle
204 silly CHANGE node_modules/mkdirp
205 silly CHANGE node_modules/mime
206 silly CHANGE node_modules/json2csv
207 silly CHANGE node_modules/jake
208 silly CHANGE node_modules/instatouch
209 silly CHANGE node_modules/fast-xml-parser
210 silly CHANGE node_modules/ejs
211 silly CHANGE node_modules/base32
212 verbose cwd /home/container
213 verbose os Linux 6.8.0-56-generic
214 verbose node v23.10.0
215 verbose npm  v11.2.0
216 verbose exit 0
217 info ok
